cabal: Entering directory '/var/folders/j4/_7_rznm11hd_yhh6f33n8rbc0000gp/T/cabal-tmp-8048/ansi-terminal-0.8.2'
Configuring ansi-terminal-0.8.2...
Building ansi-terminal-0.8.2...
Preprocessing library ansi-terminal-0.8.2...
[1 of 4] Compiling System.Console.ANSI.Types ( src/System/Console/ANSI/Types.hs, dist/dist-sandbox-439155cc/build/System/Console/ANSI/Types.o )
[2 of 4] Compiling System.Console.ANSI.Codes ( src/System/Console/ANSI/Codes.hs, dist/dist-sandbox-439155cc/build/System/Console/ANSI/Codes.o )
[3 of 4] Compiling System.Console.ANSI.Unix ( src/System/Console/ANSI/Unix.hs, dist/dist-sandbox-439155cc/build/System/Console/ANSI/Unix.o )
[4 of 4] Compiling System.Console.ANSI ( src/System/Console/ANSI.hs, dist/dist-sandbox-439155cc/build/System/Console/ANSI.o )
[1 of 4] Compiling System.Console.ANSI.Types ( src/System/Console/ANSI/Types.hs, dist/dist-sandbox-439155cc/build/System/Console/ANSI/Types.p_o )
[2 of 4] Compiling System.Console.ANSI.Codes ( src/System/Console/ANSI/Codes.hs, dist/dist-sandbox-439155cc/build/System/Console/ANSI/Codes.p_o )
[3 of 4] Compiling System.Console.ANSI.Unix ( src/System/Console/ANSI/Unix.hs, dist/dist-sandbox-439155cc/build/System/Console/ANSI/Unix.p_o )
[4 of 4] Compiling System.Console.ANSI ( src/System/Console/ANSI.hs, dist/dist-sandbox-439155cc/build/System/Console/ANSI.p_o )
Running Haddock for ansi-terminal-0.8.2...
Preprocessing library ansi-terminal-0.8.2...
Haddock coverage:
 100% (  8 /  8) in 'System.Console.ANSI.Types'
  58% ( 23 / 40) in 'System.Console.ANSI.Codes'
  Missing documentation for:
    cursorUpCode (src/System/Console/ANSI/Codes.hs:124)
    cursorDownCode (src/System/Console/ANSI/Codes.hs:124)
    cursorForwardCode (src/System/Console/ANSI/Codes.hs:124)
    cursorBackwardCode (src/System/Console/ANSI/Codes.hs:124)
    cursorUpLineCode (src/System/Console/ANSI/Codes.hs:132)
    cursorDownLineCode (src/System/Console/ANSI/Codes.hs:132)
    clearFromCursorToScreenEndCode (src/System/Console/ANSI/Codes.hs:175)
    clearFromCursorToScreenBeginningCode (src/System/Console/ANSI/Codes.hs:175)
    clearScreenCode (src/System/Console/ANSI/Codes.hs:175)
    clearFromCursorToLineEndCode (src/System/Console/ANSI/Codes.hs:177)
    clearFromCursorToLineBeginningCode (src/System/Console/ANSI/Codes.hs:177)
    clearLineCode (src/System/Console/ANSI/Codes.hs:177)
    scrollPageUpCode (src/System/Console/ANSI/Codes.hs:187)
    scrollPageDownCode (src/System/Console/ANSI/Codes.hs:187)
    setSGRCode (src/System/Console/ANSI/Codes.hs:192)
    hideCursorCode (src/System/Console/ANSI/Codes.hs:199)
    showCursorCode (src/System/Console/ANSI/Codes.hs:199)
  45% ( 41 / 92) in 'System.Console.ANSI.Unix'
  Missing documentation for:
    Module header
    cursorUp (src/includes/Common-Include.hs:19)
    cursorDown (src/includes/Common-Include.hs:19)
    cursorForward (src/includes/Common-Include.hs:19)
    cursorBackward (src/includes/Common-Include.hs:19)
    hCursorUp (src/includes/Common-Include.hs:15)
    hCursorDown (src/includes/Common-Include.hs:15)
    hCursorForward (src/includes/Common-Include.hs:15)
    hCursorBackward (src/includes/Common-Include.hs:15)
    cursorUpCode (src/System/Console/ANSI/Codes.hs:124)
    cursorDownCode (src/System/Console/ANSI/Codes.hs:124)
    cursorForwardCode (src/System/Console/ANSI/Codes.hs:124)
    cursorBackwardCode (src/System/Console/ANSI/Codes.hs:124)
    cursorUpLine (src/includes/Common-Include.hs:30)
    cursorDownLine (src/includes/Common-Include.hs:30)
    hCursorUpLine (src/includes/Common-Include.hs:27)
    hCursorDownLine (src/includes/Common-Include.hs:27)
    cursorUpLineCode (src/System/Console/ANSI/Codes.hs:132)
    cursorDownLineCode (src/System/Console/ANSI/Codes.hs:132)
    hSetCursorColumn (src/includes/Common-Include.hs:35)
    hSetCursorPosition (src/includes/Common-Include.hs:45)
    hSaveCursor (src/includes/Common-Include.hs:57)
    hRestoreCursor (src/includes/Common-Include.hs:57)
    hReportCursorPosition (src/includes/Common-Include.hs:57)
    clearFromCursorToScreenEnd (src/includes/Common-Include-Enabled.hs:27)
    clearFromCursorToScreenBeginning (src/includes/Common-Include-Enabled.hs:27)
    clearScreen (src/includes/Common-Include-Enabled.hs:27)
    hClearFromCursorToScreenEnd (src/includes/Common-Include-Enabled.hs:23)
    hClearFromCursorToScreenBeginning (src/includes/Common-Include-Enabled.hs:23)
    hClearScreen (src/includes/Common-Include-Enabled.hs:23)
    clearFromCursorToScreenEndCode (src/System/Console/ANSI/Codes.hs:175)
    clearFromCursorToScreenBeginningCode (src/System/Console/ANSI/Codes.hs:175)
    clearScreenCode (src/System/Console/ANSI/Codes.hs:175)
    clearFromCursorToLineEnd (src/includes/Common-Include-Enabled.hs:37)
    clearFromCursorToLineBeginning (src/includes/Common-Include-Enabled.hs:37)
    clearLine (src/includes/Common-Include-Enabled.hs:37)
    hClearFromCursorToLineEnd (src/includes/Common-Include-Enabled.hs:33)
    hClearFromCursorToLineBeginning (src/includes/Common-Include-Enabled.hs:33)
    hClearLine (src/includes/Common-Include-Enabled.hs:33)
    clearFromCursorToLineEndCode (src/System/Console/ANSI/Codes.hs:177)
    clearFromCursorToLineBeginningCode (src/System/Console/ANSI/Codes.hs:177)
    clearLineCode (src/System/Console/ANSI/Codes.hs:177)
    scrollPageUpCode (src/System/Console/ANSI/Codes.hs:187)
    scrollPageDownCode (src/System/Console/ANSI/Codes.hs:187)
    setSGRCode (src/System/Console/ANSI/Codes.hs:192)
    hideCursor (src/includes/Common-Include.hs:99)
    showCursor (src/includes/Common-Include.hs:99)
    hHideCursor (src/includes/Common-Include.hs:97)
    hShowCursor (src/includes/Common-Include.hs:97)
    hideCursorCode (src/System/Console/ANSI/Codes.hs:199)
    showCursorCode (src/System/Console/ANSI/Codes.hs:199)
  46% ( 42 / 92) in 'System.Console.ANSI'
  Missing documentation for:
    cursorUp (src/includes/Common-Include.hs:19)
    cursorDown (src/includes/Common-Include.hs:19)
    cursorForward (src/includes/Common-Include.hs:19)
    cursorBackward (src/includes/Common-Include.hs:19)
    hCursorUp (src/includes/Common-Include.hs:15)
    hCursorDown (src/includes/Common-Include.hs:15)
    hCursorForward (src/includes/Common-Include.hs:15)
    hCursorBackward (src/includes/Common-Include.hs:15)
    cursorUpCode (src/System/Console/ANSI/Codes.hs:124)
    cursorDownCode (src/System/Console/ANSI/Codes.hs:124)
    cursorForwardCode (src/System/Console/ANSI/Codes.hs:124)
    cursorBackwardCode (src/System/Console/ANSI/Codes.hs:124)
    cursorUpLine (src/includes/Common-Include.hs:30)
    cursorDownLine (src/includes/Common-Include.hs:30)
    hCursorUpLine (src/includes/Common-Include.hs:27)
    hCursorDownLine (src/includes/Common-Include.hs:27)
    cursorUpLineCode (src/System/Console/ANSI/Codes.hs:132)
    cursorDownLineCode (src/System/Console/ANSI/Codes.hs:132)
    hSetCursorColumn (src/includes/Common-Include.hs:35)
    hSetCursorPosition (src/includes/Common-Include.hs:45)
    hSaveCursor (src/includes/Common-Include.hs:57)
    hRestoreCursor (src/includes/Common-Include.hs:57)
    hReportCursorPosition (src/includes/Common-Include.hs:57)
    clearFromCursorToScreenEnd (src/includes/Common-Include-Enabled.hs:27)
    clearFromCursorToScreenBeginning (src/includes/Common-Include-Enabled.hs:27)
    clearScreen (src/includes/Common-Include-Enabled.hs:27)
    hClearFromCursorToScreenEnd (src/includes/Common-Include-Enabled.hs:23)
    hClearFromCursorToScreenBeginning (src/includes/Common-Include-Enabled.hs:23)
    hClearScreen (src/includes/Common-Include-Enabled.hs:23)
    clearFromCursorToScreenEndCode (src/System/Console/ANSI/Codes.hs:175)
    clearFromCursorToScreenBeginningCode (src/System/Console/ANSI/Codes.hs:175)
    clearScreenCode (src/System/Console/ANSI/Codes.hs:175)
    clearFromCursorToLineEnd (src/includes/Common-Include-Enabled.hs:37)
    clearFromCursorToLineBeginning (src/includes/Common-Include-Enabled.hs:37)
    clearLine (src/includes/Common-Include-Enabled.hs:37)
    hClearFromCursorToLineEnd (src/includes/Common-Include-Enabled.hs:33)
    hClearFromCursorToLineBeginning (src/includes/Common-Include-Enabled.hs:33)
    hClearLine (src/includes/Common-Include-Enabled.hs:33)
    clearFromCursorToLineEndCode (src/System/Console/ANSI/Codes.hs:177)
    clearFromCursorToLineBeginningCode (src/System/Console/ANSI/Codes.hs:177)
    clearLineCode (src/System/Console/ANSI/Codes.hs:177)
    scrollPageUpCode (src/System/Console/ANSI/Codes.hs:187)
    scrollPageDownCode (src/System/Console/ANSI/Codes.hs:187)
    setSGRCode (src/System/Console/ANSI/Codes.hs:192)
    hideCursor (src/includes/Common-Include.hs:99)
    showCursor (src/includes/Common-Include.hs:99)
    hHideCursor (src/includes/Common-Include.hs:97)
    hShowCursor (src/includes/Common-Include.hs:97)
    hideCursorCode (src/System/Console/ANSI/Codes.hs:199)
    showCursorCode (src/System/Console/ANSI/Codes.hs:199)
Warning: System.Console.ANSI.Types: could not find link destinations for:
    unsafeIndex unsafeRangeSize
Documentation created:
dist/dist-sandbox-439155cc/doc/html/ansi-terminal/index.html
Creating package registration file:
/var/folders/j4/_7_rznm11hd_yhh6f33n8rbc0000gp/T/pkgConf-ansi-terminal-0.816353394251654001669.2
Installing library in
/Users/conorquinn1/Projects/ClientBindings/.cabal-sandbox/lib/x86_64-osx-ghc-8.0.2/ansi-terminal-0.8.2-9sWAsKcyUO48jXHmLdoape
Registering ansi-terminal-0.8.2...
cabal: Leaving directory '/var/folders/j4/_7_rznm11hd_yhh6f33n8rbc0000gp/T/cabal-tmp-8048/ansi-terminal-0.8.2'
