cabal: Entering directory '/var/folders/j4/_7_rznm11hd_yhh6f33n8rbc0000gp/T/cabal-tmp-80677/asn1-encoding-0.9.5'
Configuring asn1-encoding-0.9.5...
Building asn1-encoding-0.9.5...
Preprocessing library asn1-encoding-0.9.5...
[ 1 of 12] Compiling Data.ASN1.Stream ( Data/ASN1/Stream.hs, dist/dist-sandbox-439155cc/build/Data/ASN1/Stream.o )
[ 2 of 12] Compiling Data.ASN1.Object ( Data/ASN1/Object.hs, dist/dist-sandbox-439155cc/build/Data/ASN1/Object.o )
[ 3 of 12] Compiling Data.ASN1.Internal ( Data/ASN1/Internal.hs, dist/dist-sandbox-439155cc/build/Data/ASN1/Internal.o )
[ 4 of 12] Compiling Data.ASN1.Get    ( Data/ASN1/Get.hs, dist/dist-sandbox-439155cc/build/Data/ASN1/Get.o )
[ 5 of 12] Compiling Data.ASN1.Serialize ( Data/ASN1/Serialize.hs, dist/dist-sandbox-439155cc/build/Data/ASN1/Serialize.o )
[ 6 of 12] Compiling Data.ASN1.Error  ( Data/ASN1/Error.hs, dist/dist-sandbox-439155cc/build/Data/ASN1/Error.o )
[ 7 of 12] Compiling Data.ASN1.Prim   ( Data/ASN1/Prim.hs, dist/dist-sandbox-439155cc/build/Data/ASN1/Prim.o )

Data/ASN1/Prim.hs:59:1: warning: [-Wunused-imports]
    The import of ‘Control.Applicative’ is redundant
      except perhaps to import instances from ‘Control.Applicative’
    To import instances alone, use: import Control.Applicative()
[ 8 of 12] Compiling Data.ASN1.Encoding ( Data/ASN1/Encoding.hs, dist/dist-sandbox-439155cc/build/Data/ASN1/Encoding.o )
[ 9 of 12] Compiling Data.ASN1.BinaryEncoding.Writer ( Data/ASN1/BinaryEncoding/Writer.hs, dist/dist-sandbox-439155cc/build/Data/ASN1/BinaryEncoding/Writer.o )
[10 of 12] Compiling Data.ASN1.BinaryEncoding.Parse ( Data/ASN1/BinaryEncoding/Parse.hs, dist/dist-sandbox-439155cc/build/Data/ASN1/BinaryEncoding/Parse.o )
[11 of 12] Compiling Data.ASN1.BinaryEncoding.Raw ( Data/ASN1/BinaryEncoding/Raw.hs, dist/dist-sandbox-439155cc/build/Data/ASN1/BinaryEncoding/Raw.o )
[12 of 12] Compiling Data.ASN1.BinaryEncoding ( Data/ASN1/BinaryEncoding.hs, dist/dist-sandbox-439155cc/build/Data/ASN1/BinaryEncoding.o )
[ 1 of 12] Compiling Data.ASN1.Stream ( Data/ASN1/Stream.hs, dist/dist-sandbox-439155cc/build/Data/ASN1/Stream.p_o )
[ 2 of 12] Compiling Data.ASN1.Object ( Data/ASN1/Object.hs, dist/dist-sandbox-439155cc/build/Data/ASN1/Object.p_o )
[ 3 of 12] Compiling Data.ASN1.Internal ( Data/ASN1/Internal.hs, dist/dist-sandbox-439155cc/build/Data/ASN1/Internal.p_o )
[ 4 of 12] Compiling Data.ASN1.Get    ( Data/ASN1/Get.hs, dist/dist-sandbox-439155cc/build/Data/ASN1/Get.p_o )
[ 5 of 12] Compiling Data.ASN1.Serialize ( Data/ASN1/Serialize.hs, dist/dist-sandbox-439155cc/build/Data/ASN1/Serialize.p_o )
[ 6 of 12] Compiling Data.ASN1.Error  ( Data/ASN1/Error.hs, dist/dist-sandbox-439155cc/build/Data/ASN1/Error.p_o )
[ 7 of 12] Compiling Data.ASN1.Prim   ( Data/ASN1/Prim.hs, dist/dist-sandbox-439155cc/build/Data/ASN1/Prim.p_o )

Data/ASN1/Prim.hs:59:1: warning: [-Wunused-imports]
    The import of ‘Control.Applicative’ is redundant
      except perhaps to import instances from ‘Control.Applicative’
    To import instances alone, use: import Control.Applicative()
[ 8 of 12] Compiling Data.ASN1.Encoding ( Data/ASN1/Encoding.hs, dist/dist-sandbox-439155cc/build/Data/ASN1/Encoding.p_o )
[ 9 of 12] Compiling Data.ASN1.BinaryEncoding.Writer ( Data/ASN1/BinaryEncoding/Writer.hs, dist/dist-sandbox-439155cc/build/Data/ASN1/BinaryEncoding/Writer.p_o )
[10 of 12] Compiling Data.ASN1.BinaryEncoding.Parse ( Data/ASN1/BinaryEncoding/Parse.hs, dist/dist-sandbox-439155cc/build/Data/ASN1/BinaryEncoding/Parse.p_o )
[11 of 12] Compiling Data.ASN1.BinaryEncoding.Raw ( Data/ASN1/BinaryEncoding/Raw.hs, dist/dist-sandbox-439155cc/build/Data/ASN1/BinaryEncoding/Raw.p_o )
[12 of 12] Compiling Data.ASN1.BinaryEncoding ( Data/ASN1/BinaryEncoding.hs, dist/dist-sandbox-439155cc/build/Data/ASN1/BinaryEncoding.p_o )
Running Haddock for asn1-encoding-0.9.5...
Preprocessing library asn1-encoding-0.9.5...

Data/ASN1/Prim.hs:59:1: warning: [-Wunused-imports]
    The import of ‘Control.Applicative’ is redundant
      except perhaps to import instances from ‘Control.Applicative’
    To import instances alone, use: import Control.Applicative()
Haddock coverage:
  25% (  1 /  4) in 'Data.ASN1.Stream'
  Missing documentation for:
    ASN1Repr (Data/ASN1/Stream.hs:20)
    getConstructedEnd (Data/ASN1/Stream.hs:22)
    getConstructedEndRepr (Data/ASN1/Stream.hs:30)
 100% (  2 /  2) in 'Data.ASN1.Object'
  67% (  4 /  6) in 'Data.ASN1.Internal'
  Missing documentation for:
    bytesOfUInt (Data/ASN1/Internal.hs:26)
    putVarEncodingIntegral (Data/ASN1/Internal.hs:64)
  67% (  6 /  9) in 'Data.ASN1.Get'
  Missing documentation for:
    Input (Data/ASN1/Get.hs:60)
    runGet (Data/ASN1/Get.hs:133)
    getWord8 (Data/ASN1/Get.hs:195)
 100% (  3 /  3) in 'Data.ASN1.Serialize'
 100% (  3 /  3) in 'Data.ASN1.Error'
  31% (  8 / 26) in 'Data.ASN1.Prim'
  Missing documentation for:
    encodeHeader (Data/ASN1/Prim.hs:62)
    encodePrimitiveHeader (Data/ASN1/Prim.hs:92)
    encodePrimitive (Data/ASN1/Prim.hs:109)
    decodePrimitive (Data/ASN1/Prim.hs:158)
    encodeConstructed (Data/ASN1/Prim.hs:140)
    encodeList (Data/ASN1/Prim.hs:126)
    encodeOne (Data/ASN1/Prim.hs:122)
    mkSmallestLength (Data/ASN1/Prim.hs:150)
    getBoolean (Data/ASN1/Prim.hs:190)
    getBitString (Data/ASN1/Prim.hs:222)
    getOctetString (Data/ASN1/Prim.hs:234)
    getNull (Data/ASN1/Prim.hs:237)
    getTime (Data/ASN1/Prim.hs:261)
    putTime (Data/ASN1/Prim.hs:331)
    putInteger (Data/ASN1/Prim.hs:343)
    putBitString (Data/ASN1/Prim.hs:346)
    putString (Data/ASN1/Prim.hs:351)
    putOID (Data/ASN1/Prim.hs:355)
 100% (  9 /  9) in 'Data.ASN1.Encoding'
 100% (  3 /  3) in 'Data.ASN1.BinaryEncoding.Writer'
 100% ( 10 / 10) in 'Data.ASN1.BinaryEncoding.Parse'
 100% ( 13 / 13) in 'Data.ASN1.BinaryEncoding.Raw'
 100% (  3 /  3) in 'Data.ASN1.BinaryEncoding'
Documentation created:
dist/dist-sandbox-439155cc/doc/html/asn1-encoding/index.html
Creating package registration file:
/var/folders/j4/_7_rznm11hd_yhh6f33n8rbc0000gp/T/pkgConf-asn1-encoding-0.9543436550290145159.5
Installing library in
/Users/conorquinn1/Projects/ClientBindings/.cabal-sandbox/lib/x86_64-osx-ghc-8.0.2/asn1-encoding-0.9.5-KUB8S6fgeGv1KVcbdNbhBY
Registering asn1-encoding-0.9.5...
cabal: Leaving directory '/var/folders/j4/_7_rznm11hd_yhh6f33n8rbc0000gp/T/cabal-tmp-80677/asn1-encoding-0.9.5'
