cabal: Entering directory '/var/folders/j4/_7_rznm11hd_yhh6f33n8rbc0000gp/T/cabal-tmp-80678/base-orphans-0.8'
Warning: base-orphans.cabal: Unknown fields: build-tool-depends (line 61)
Fields allowed in this section:
type, main-is, test-module, buildable, build-tools, build-depends,
cpp-options, cc-options, ld-options, pkgconfig-depends, frameworks,
extra-framework-dirs, c-sources, js-sources, default-language,
other-languages, default-extensions, other-extensions, extensions,
extra-libraries, extra-ghci-libraries, extra-lib-dirs, includes,
install-includes, include-dirs, hs-source-dirs, other-modules,
ghc-prof-options, ghcjs-prof-options, ghc-shared-options,
ghcjs-shared-options, ghc-options, ghcjs-options, jhc-options,
hugs-options, nhc98-options
Configuring base-orphans-0.8...
Building base-orphans-0.8...
Preprocessing library base-orphans-0.8...
[1 of 2] Compiling Data.Orphans.Prelude ( src/Data/Orphans/Prelude.hs, dist/dist-sandbox-439155cc/build/Data/Orphans/Prelude.o )
[2 of 2] Compiling Data.Orphans     ( src/Data/Orphans.hs, dist/dist-sandbox-439155cc/build/Data/Orphans.o )
[1 of 2] Compiling Data.Orphans.Prelude ( src/Data/Orphans/Prelude.hs, dist/dist-sandbox-439155cc/build/Data/Orphans/Prelude.p_o )
[2 of 2] Compiling Data.Orphans     ( src/Data/Orphans.hs, dist/dist-sandbox-439155cc/build/Data/Orphans.p_o )
Running Haddock for base-orphans-0.8...
Preprocessing library base-orphans-0.8...
Haddock coverage:
Warning: Data.Orphans.Prelude: Could not find documentation for exported module: OrphansPrelude
  33% (  1 /  3) in 'Data.Orphans.Prelude'
  Missing documentation for:
    realPart (src/Data/Orphans/Prelude.hs:134)
    imagPart (src/Data/Orphans/Prelude.hs:134)
 100% (  1 /  1) in 'Data.Orphans'
Documentation created:
dist/dist-sandbox-439155cc/doc/html/base-orphans/index.html
Creating package registration file:
/var/folders/j4/_7_rznm11hd_yhh6f33n8rbc0000gp/T/pkgConf-base-orphans-013585809791624379149.8
Installing library in
/Users/conorquinn1/Projects/ClientBindings/.cabal-sandbox/lib/x86_64-osx-ghc-8.0.2/base-orphans-0.8-6JvLuSVTxjPFL40hWMjZFy
Registering base-orphans-0.8...
cabal: Leaving directory '/var/folders/j4/_7_rznm11hd_yhh6f33n8rbc0000gp/T/cabal-tmp-80678/base-orphans-0.8'
