cabal: Entering directory '/var/folders/j4/_7_rznm11hd_yhh6f33n8rbc0000gp/T/cabal-tmp-7921/byteorder-1.0.4'
Configuring byteorder-1.0.4...
Building byteorder-1.0.4...
Preprocessing library byteorder-1.0.4...
[1 of 1] Compiling System.ByteOrder ( System/ByteOrder.hs, dist/dist-sandbox-439155cc/build/System/ByteOrder.o )
[1 of 1] Compiling System.ByteOrder ( System/ByteOrder.hs, dist/dist-sandbox-439155cc/build/System/ByteOrder.p_o )
Running Haddock for byteorder-1.0.4...
Preprocessing library byteorder-1.0.4...
Haddock coverage:
  67% (  2 /  3) in 'System.ByteOrder'
  Missing documentation for:
    Module header
Documentation created:
dist/dist-sandbox-439155cc/doc/html/byteorder/index.html
Creating package registration file:
/var/folders/j4/_7_rznm11hd_yhh6f33n8rbc0000gp/T/pkgConf-byteorder-1.01148079871137522503.4
Installing library in
/Users/conorquinn1/Projects/ClientBindings/.cabal-sandbox/lib/x86_64-osx-ghc-8.0.2/byteorder-1.0.4-9NlNHkBVdo7F1prFVKrkcH
Registering byteorder-1.0.4...
cabal: Leaving directory '/var/folders/j4/_7_rznm11hd_yhh6f33n8rbc0000gp/T/cabal-tmp-7921/byteorder-1.0.4'
