cabal: Entering directory '/var/folders/j4/_7_rznm11hd_yhh6f33n8rbc0000gp/T/cabal-tmp-80683/cereal-0.5.8.0'
Configuring cereal-0.5.8.0...
Building cereal-0.5.8.0...
Preprocessing library cereal-0.5.8.0...
[1 of 4] Compiling Data.Serialize.Put ( src/Data/Serialize/Put.hs, dist/dist-sandbox-439155cc/build/Data/Serialize/Put.o )

src/Data/Serialize/Put.hs:104:1: warning: [-Wunused-imports]
    The qualified import of ‘Data.Monoid’ is redundant
      except perhaps to import instances from ‘Data.Monoid’
    To import instances alone, use: import Data.Monoid()
[2 of 4] Compiling Data.Serialize.Get ( src/Data/Serialize/Get.hs, dist/dist-sandbox-439155cc/build/Data/Serialize/Get.o )
[3 of 4] Compiling Data.Serialize.IEEE754 ( src/Data/Serialize/IEEE754.hs, dist/dist-sandbox-439155cc/build/Data/Serialize/IEEE754.o )
[4 of 4] Compiling Data.Serialize   ( src/Data/Serialize.hs, dist/dist-sandbox-439155cc/build/Data/Serialize.o )

src/Data/Serialize.hs:291:9: warning: [-Wincomplete-patterns]
    Pattern match(es) are non-exhaustive
    In an equation for ‘findNr’: Patterns not matched: _ _
[1 of 4] Compiling Data.Serialize.Put ( src/Data/Serialize/Put.hs, dist/dist-sandbox-439155cc/build/Data/Serialize/Put.p_o )

src/Data/Serialize/Put.hs:104:1: warning: [-Wunused-imports]
    The qualified import of ‘Data.Monoid’ is redundant
      except perhaps to import instances from ‘Data.Monoid’
    To import instances alone, use: import Data.Monoid()
[2 of 4] Compiling Data.Serialize.Get ( src/Data/Serialize/Get.hs, dist/dist-sandbox-439155cc/build/Data/Serialize/Get.p_o )
[3 of 4] Compiling Data.Serialize.IEEE754 ( src/Data/Serialize/IEEE754.hs, dist/dist-sandbox-439155cc/build/Data/Serialize/IEEE754.p_o )
[4 of 4] Compiling Data.Serialize   ( src/Data/Serialize.hs, dist/dist-sandbox-439155cc/build/Data/Serialize.p_o )

src/Data/Serialize.hs:291:9: warning: [-Wincomplete-patterns]
    Pattern match(es) are non-exhaustive
    In an equation for ‘findNr’: Patterns not matched: _ _
Running Haddock for cereal-0.5.8.0...
Preprocessing library cereal-0.5.8.0...

src/Data/Serialize/Put.hs:104:1: warning: [-Wunused-imports]
    The qualified import of ‘Data.Monoid’ is redundant
      except perhaps to import instances from ‘Data.Monoid’
    To import instances alone, use: import Data.Monoid()
Haddock coverage:
  75% ( 42 / 56) in 'Data.Serialize.Put'
  Missing documentation for:
    Putter (src/Data/Serialize/Put.hs:145)
    putBuilder (src/Data/Serialize/Put.hs:201)
    putShortByteString (src/Data/Serialize/Put.hs:259)
    putTwoOf (src/Data/Serialize/Put.hs:399)
    putListOf (src/Data/Serialize/Put.hs:403)
    putIArrayOf (src/Data/Serialize/Put.hs:409)
    putSeqOf (src/Data/Serialize/Put.hs:415)
    putTreeOf (src/Data/Serialize/Put.hs:421)
    putMapOf (src/Data/Serialize/Put.hs:428)
    putIntMapOf (src/Data/Serialize/Put.hs:432)
    putSetOf (src/Data/Serialize/Put.hs:436)
    putIntSetOf (src/Data/Serialize/Put.hs:440)
    putMaybeOf (src/Data/Serialize/Put.hs:444)
    putEitherOf (src/Data/Serialize/Put.hs:449)
  94% ( 61 / 65) in 'Data.Serialize.Get'
  Missing documentation for:
    label (src/Data/Serialize/Get.hs:265)
    getLazyByteString (src/Data/Serialize/Get.hs:506)
    getShortByteString (src/Data/Serialize/Get.hs:510)
    getTwoOf (src/Data/Serialize/Get.hs:749)
 100% ( 11 / 11) in 'Data.Serialize.IEEE754'
Cannot find documentation for: $example
  87% ( 13 / 15) in 'Data.Serialize'
  Missing documentation for:
    GSerializePut (src/Data/Serialize.hs:571)
    GSerializeGet (src/Data/Serialize.hs:574)
Warning: Data.Serialize.Put: could not find link destinations for:
    PairS
Warning: Data.Serialize.Get: could not find link destinations for:
    get
Warning: Data.Serialize: could not find link destinations for:
    PutSum SumSize GetSum
Documentation created: dist/dist-sandbox-439155cc/doc/html/cereal/index.html
Creating package registration file:
/var/folders/j4/_7_rznm11hd_yhh6f33n8rbc0000gp/T/pkgConf-cereal-0.5.81075260298824938981.0
Installing library in
/Users/conorquinn1/Projects/ClientBindings/.cabal-sandbox/lib/x86_64-osx-ghc-8.0.2/cereal-0.5.8.0-1edDKdZnwMF77G2PALFVo0
Registering cereal-0.5.8.0...
cabal: Leaving directory '/var/folders/j4/_7_rznm11hd_yhh6f33n8rbc0000gp/T/cabal-tmp-80683/cereal-0.5.8.0'
