cabal: Entering directory '/var/folders/j4/_7_rznm11hd_yhh6f33n8rbc0000gp/T/cabal-tmp-80676/connection-0.2.8'
Configuring connection-0.2.8...
Building connection-0.2.8...
Preprocessing library connection-0.2.8...
[1 of 2] Compiling Network.Connection.Types ( Network/Connection/Types.hs, dist/dist-sandbox-439155cc/build/Network/Connection/Types.o )
[2 of 2] Compiling Network.Connection ( Network/Connection.hs, dist/dist-sandbox-439155cc/build/Network/Connection.o )

Network/Connection.hs:52:1: warning: [-Wunused-imports]
    The import of ‘Control.Applicative’ is redundant
      except perhaps to import instances from ‘Control.Applicative’
    To import instances alone, use: import Control.Applicative()

Network/Connection.hs:101:1: warning: [-Wunused-top-binds]
    Defined but not used: ‘connectionSessionManager’

Network/Connection.hs:117:62: warning: [-Wdeprecations]
    In the use of ‘ciphersuite_all’
    (imported from Network.TLS.Extra, but defined in Network.TLS.Extra.Cipher):
    "This ciphersuite list contains RC4. Use ciphersuite_strong or ciphersuite_default instead."

Network/Connection.hs:206:39: warning: [-Wname-shadowing]
    This binding for ‘serv’ shadows the existing binding
      bound at Network/Connection.hs:205:17
[1 of 2] Compiling Network.Connection.Types ( Network/Connection/Types.hs, dist/dist-sandbox-439155cc/build/Network/Connection/Types.p_o )
[2 of 2] Compiling Network.Connection ( Network/Connection.hs, dist/dist-sandbox-439155cc/build/Network/Connection.p_o )

Network/Connection.hs:52:1: warning: [-Wunused-imports]
    The import of ‘Control.Applicative’ is redundant
      except perhaps to import instances from ‘Control.Applicative’
    To import instances alone, use: import Control.Applicative()

Network/Connection.hs:101:1: warning: [-Wunused-top-binds]
    Defined but not used: ‘connectionSessionManager’

Network/Connection.hs:117:62: warning: [-Wdeprecations]
    In the use of ‘ciphersuite_all’
    (imported from Network.TLS.Extra, but defined in Network.TLS.Extra.Cipher):
    "This ciphersuite list contains RC4. Use ciphersuite_strong or ciphersuite_default instead."

Network/Connection.hs:206:39: warning: [-Wname-shadowing]
    This binding for ‘serv’ shadows the existing binding
      bound at Network/Connection.hs:205:17
Running Haddock for connection-0.2.8...
Preprocessing library connection-0.2.8...

Network/Connection.hs:52:1: warning: [-Wunused-imports]
    The import of ‘Control.Applicative’ is redundant
      except perhaps to import instances from ‘Control.Applicative’
    To import instances alone, use: import Control.Applicative()

Network/Connection.hs:101:1: warning: [-Wunused-top-binds]
    Defined but not used: ‘connectionSessionManager’

Network/Connection.hs:117:62: warning: [-Wdeprecations]
    In the use of ‘ciphersuite_all’
    (imported from Network.TLS.Extra, but defined in Network.TLS.Extra.Cipher):
    "This ciphersuite list contains RC4. Use ciphersuite_strong or ciphersuite_default instead."

Network/Connection.hs:206:39: warning: [-Wname-shadowing]
    This binding for ‘serv’ shadows the existing binding
      bound at Network/Connection.hs:205:17
Haddock coverage:
  70% (  7 / 10) in 'Network.Connection.Types'
  Missing documentation for:
    SockSettings (Network/Connection/Types.hs:59)
     (Network/Connection/Types.hs:79)
    ConnectionID (Network/Connection/Types.hs:82)
  97% ( 30 / 31) in 'Network.Connection'
  Missing documentation for:
    SockSettings (Network/Connection/Types.hs:59)
Warning: Network.Connection: could not find link destinations for:
    ConnectionID
Documentation created:
dist/dist-sandbox-439155cc/doc/html/connection/index.html
Creating package registration file:
/var/folders/j4/_7_rznm11hd_yhh6f33n8rbc0000gp/T/pkgConf-connection-0.2293034748855007065.8
Installing library in
/Users/conorquinn1/Projects/ClientBindings/.cabal-sandbox/lib/x86_64-osx-ghc-8.0.2/connection-0.2.8-DcfJ6ktFeog55JX3cvNAmJ
Registering connection-0.2.8...
cabal: Leaving directory '/var/folders/j4/_7_rznm11hd_yhh6f33n8rbc0000gp/T/cabal-tmp-80676/connection-0.2.8'
