cabal: Entering directory '/var/folders/j4/_7_rznm11hd_yhh6f33n8rbc0000gp/T/cabal-tmp-80676/contravariant-1.5'
Configuring contravariant-1.5...
Building contravariant-1.5...
Preprocessing library contravariant-1.5...
[1 of 4] Compiling Data.Functor.Contravariant ( old-src/Data/Functor/Contravariant.hs, dist/dist-sandbox-439155cc/build/Data/Functor/Contravariant.o )
[2 of 4] Compiling Data.Functor.Contravariant.Divisible ( src/Data/Functor/Contravariant/Divisible.hs, dist/dist-sandbox-439155cc/build/Data/Functor/Contravariant/Divisible.o )
[3 of 4] Compiling Data.Functor.Contravariant.Compose ( src/Data/Functor/Contravariant/Compose.hs, dist/dist-sandbox-439155cc/build/Data/Functor/Contravariant/Compose.o )
[4 of 4] Compiling Data.Functor.Contravariant.Generic ( src/Data/Functor/Contravariant/Generic.hs, dist/dist-sandbox-439155cc/build/Data/Functor/Contravariant/Generic.o )
[1 of 4] Compiling Data.Functor.Contravariant ( old-src/Data/Functor/Contravariant.hs, dist/dist-sandbox-439155cc/build/Data/Functor/Contravariant.p_o )
[2 of 4] Compiling Data.Functor.Contravariant.Divisible ( src/Data/Functor/Contravariant/Divisible.hs, dist/dist-sandbox-439155cc/build/Data/Functor/Contravariant/Divisible.p_o )
[3 of 4] Compiling Data.Functor.Contravariant.Compose ( src/Data/Functor/Contravariant/Compose.hs, dist/dist-sandbox-439155cc/build/Data/Functor/Contravariant/Compose.p_o )
[4 of 4] Compiling Data.Functor.Contravariant.Generic ( src/Data/Functor/Contravariant/Generic.hs, dist/dist-sandbox-439155cc/build/Data/Functor/Contravariant/Generic.p_o )
Running Haddock for contravariant-1.5...
Preprocessing library contravariant-1.5...
Haddock coverage:
  89% ( 17 / 19) in 'Data.Functor.Contravariant'
  Missing documentation for:
    Predicate (old-src/Data/Functor/Contravariant.hs:303)
    comparisonEquivalence (old-src/Data/Functor/Contravariant.hs:400)
 100% ( 17 / 17) in 'Data.Functor.Contravariant.Divisible'
 100% (  4 /  4) in 'Data.Functor.Contravariant.Compose'
 100% (  3 /  3) in 'Data.Functor.Contravariant.Generic'
Warning: Data.Functor.Contravariant.Generic: could not find link destinations for:
    GDeciding GDeciding1
Documentation created:
dist/dist-sandbox-439155cc/doc/html/contravariant/index.html
Creating package registration file:
/var/folders/j4/_7_rznm11hd_yhh6f33n8rbc0000gp/T/pkgConf-contravariant-120516216091606946231.5
Installing library in
/Users/conorquinn1/Projects/ClientBindings/.cabal-sandbox/lib/x86_64-osx-ghc-8.0.2/contravariant-1.5-3eqYlRp3RBXGQvlKEj0fOP
Registering contravariant-1.5...
cabal: Leaving directory '/var/folders/j4/_7_rznm11hd_yhh6f33n8rbc0000gp/T/cabal-tmp-80676/contravariant-1.5'
