cabal: Entering directory '/var/folders/j4/_7_rznm11hd_yhh6f33n8rbc0000gp/T/cabal-tmp-80680/cryptonite-0.25'
Configuring cryptonite-0.25...
Building cryptonite-0.25...
Preprocessing library cryptonite-0.25...
[  1 of 123] Compiling Crypto.Tutorial  ( Crypto/Tutorial.hs, dist/dist-sandbox-439155cc/build/Crypto/Tutorial.o )
[  2 of 123] Compiling Crypto.Random.Entropy.Source ( Crypto/Random/Entropy/Source.hs, dist/dist-sandbox-439155cc/build/Crypto/Random/Entropy/Source.o )
[  3 of 123] Compiling Crypto.Random.Entropy.Unix ( Crypto/Random/Entropy/Unix.hs, dist/dist-sandbox-439155cc/build/Crypto/Random/Entropy/Unix.o )
[  4 of 123] Compiling Crypto.Random.Entropy.RDRand ( Crypto/Random/Entropy/RDRand.hs, dist/dist-sandbox-439155cc/build/Crypto/Random/Entropy/RDRand.o )
[  5 of 123] Compiling Crypto.PubKey.Internal ( Crypto/PubKey/Internal.hs, dist/dist-sandbox-439155cc/build/Crypto/PubKey/Internal.o )
[  6 of 123] Compiling Crypto.Number.Compat ( Crypto/Number/Compat.hs, dist/dist-sandbox-439155cc/build/Crypto/Number/Compat.o )
[  7 of 123] Compiling Crypto.Number.Basic ( Crypto/Number/Basic.hs, dist/dist-sandbox-439155cc/build/Crypto/Number/Basic.o )
[  8 of 123] Compiling Crypto.Number.ModArithmetic ( Crypto/Number/ModArithmetic.hs, dist/dist-sandbox-439155cc/build/Crypto/Number/ModArithmetic.o )
[  9 of 123] Compiling Crypto.Number.Serialize.Internal ( Crypto/Number/Serialize/Internal.hs, dist/dist-sandbox-439155cc/build/Crypto/Number/Serialize/Internal.o )
[ 10 of 123] Compiling Crypto.Internal.Words ( Crypto/Internal/Words.hs, dist/dist-sandbox-439155cc/build/Crypto/Internal/Words.o )
[ 11 of 123] Compiling Crypto.Internal.Proxy ( Crypto/Internal/Proxy.hs, dist/dist-sandbox-439155cc/build/Crypto/Internal/Proxy.o )
[ 12 of 123] Compiling Crypto.Random.Entropy.Backend ( Crypto/Random/Entropy/Backend.hs, dist/dist-sandbox-439155cc/build/Crypto/Random/Entropy/Backend.o )
[ 13 of 123] Compiling Crypto.Random.Entropy.Unsafe ( Crypto/Random/Entropy/Unsafe.hs, dist/dist-sandbox-439155cc/build/Crypto/Random/Entropy/Unsafe.o )
[ 14 of 123] Compiling Crypto.Internal.Nat ( Crypto/Internal/Nat.hs, dist/dist-sandbox-439155cc/build/Crypto/Internal/Nat.o )
[ 15 of 123] Compiling Crypto.Internal.DeepSeq ( Crypto/Internal/DeepSeq.hs, dist/dist-sandbox-439155cc/build/Crypto/Internal/DeepSeq.o )
[ 16 of 123] Compiling Crypto.Internal.Imports ( Crypto/Internal/Imports.hs, dist/dist-sandbox-439155cc/build/Crypto/Internal/Imports.o )
[ 17 of 123] Compiling Crypto.Number.F2m ( Crypto/Number/F2m.hs, dist/dist-sandbox-439155cc/build/Crypto/Number/F2m.o )
[ 18 of 123] Compiling Crypto.PubKey.ECC.Types ( Crypto/PubKey/ECC/Types.hs, dist/dist-sandbox-439155cc/build/Crypto/PubKey/ECC/Types.o )
[ 19 of 123] Compiling Crypto.PubKey.RSA.Types ( Crypto/PubKey/RSA/Types.hs, dist/dist-sandbox-439155cc/build/Crypto/PubKey/RSA/Types.o )
[ 20 of 123] Compiling Crypto.Internal.CompatPrim ( Crypto/Internal/CompatPrim.hs, dist/dist-sandbox-439155cc/build/Crypto/Internal/CompatPrim.o )
[ 21 of 123] Compiling Crypto.Internal.Compat ( Crypto/Internal/Compat.hs, dist/dist-sandbox-439155cc/build/Crypto/Internal/Compat.o )
[ 22 of 123] Compiling Crypto.Internal.WordArray ( Crypto/Internal/WordArray.hs, dist/dist-sandbox-439155cc/build/Crypto/Internal/WordArray.o )
[ 23 of 123] Compiling Crypto.Internal.ByteArray ( Crypto/Internal/ByteArray.hs, dist/dist-sandbox-439155cc/build/Crypto/Internal/ByteArray.o )
[ 24 of 123] Compiling Crypto.Number.Serialize ( Crypto/Number/Serialize.hs, dist/dist-sandbox-439155cc/build/Crypto/Number/Serialize.o )
[ 25 of 123] Compiling Crypto.PubKey.RSA.Prim ( Crypto/PubKey/RSA/Prim.hs, dist/dist-sandbox-439155cc/build/Crypto/PubKey/RSA/Prim.o )
[ 26 of 123] Compiling Crypto.Random.Entropy ( Crypto/Random/Entropy.hs, dist/dist-sandbox-439155cc/build/Crypto/Random/Entropy.o )
[ 27 of 123] Compiling Crypto.Random.EntropyPool ( Crypto/Random/EntropyPool.hs, dist/dist-sandbox-439155cc/build/Crypto/Random/EntropyPool.o )
[ 28 of 123] Compiling Crypto.Random.Types ( Crypto/Random/Types.hs, dist/dist-sandbox-439155cc/build/Crypto/Random/Types.o )
[ 29 of 123] Compiling Crypto.Number.Generate ( Crypto/Number/Generate.hs, dist/dist-sandbox-439155cc/build/Crypto/Number/Generate.o )
[ 30 of 123] Compiling Crypto.Random.SystemDRG ( Crypto/Random/SystemDRG.hs, dist/dist-sandbox-439155cc/build/Crypto/Random/SystemDRG.o )
[ 31 of 123] Compiling Crypto.Hash.Types ( Crypto/Hash/Types.hs, dist/dist-sandbox-439155cc/build/Crypto/Hash/Types.o )
[ 32 of 123] Compiling Crypto.Hash.Whirlpool ( Crypto/Hash/Whirlpool.hs, dist/dist-sandbox-439155cc/build/Crypto/Hash/Whirlpool.o )
[ 33 of 123] Compiling Crypto.Hash.Tiger ( Crypto/Hash/Tiger.hs, dist/dist-sandbox-439155cc/build/Crypto/Hash/Tiger.o )
[ 34 of 123] Compiling Crypto.Hash.Skein512 ( Crypto/Hash/Skein512.hs, dist/dist-sandbox-439155cc/build/Crypto/Hash/Skein512.o )
[ 35 of 123] Compiling Crypto.Hash.Skein256 ( Crypto/Hash/Skein256.hs, dist/dist-sandbox-439155cc/build/Crypto/Hash/Skein256.o )
[ 36 of 123] Compiling Crypto.Hash.SHAKE ( Crypto/Hash/SHAKE.hs, dist/dist-sandbox-439155cc/build/Crypto/Hash/SHAKE.o )
[ 37 of 123] Compiling Crypto.Hash.SHA512t ( Crypto/Hash/SHA512t.hs, dist/dist-sandbox-439155cc/build/Crypto/Hash/SHA512t.o )
[ 38 of 123] Compiling Crypto.Hash.SHA512 ( Crypto/Hash/SHA512.hs, dist/dist-sandbox-439155cc/build/Crypto/Hash/SHA512.o )
[ 39 of 123] Compiling Crypto.Hash.SHA384 ( Crypto/Hash/SHA384.hs, dist/dist-sandbox-439155cc/build/Crypto/Hash/SHA384.o )
[ 40 of 123] Compiling Crypto.Hash.SHA3 ( Crypto/Hash/SHA3.hs, dist/dist-sandbox-439155cc/build/Crypto/Hash/SHA3.o )
[ 41 of 123] Compiling Crypto.Hash.SHA256 ( Crypto/Hash/SHA256.hs, dist/dist-sandbox-439155cc/build/Crypto/Hash/SHA256.o )
[ 42 of 123] Compiling Crypto.Hash.SHA224 ( Crypto/Hash/SHA224.hs, dist/dist-sandbox-439155cc/build/Crypto/Hash/SHA224.o )
[ 43 of 123] Compiling Crypto.Hash.SHA1 ( Crypto/Hash/SHA1.hs, dist/dist-sandbox-439155cc/build/Crypto/Hash/SHA1.o )
[ 44 of 123] Compiling Crypto.Hash.RIPEMD160 ( Crypto/Hash/RIPEMD160.hs, dist/dist-sandbox-439155cc/build/Crypto/Hash/RIPEMD160.o )
[ 45 of 123] Compiling Crypto.Hash.MD5  ( Crypto/Hash/MD5.hs, dist/dist-sandbox-439155cc/build/Crypto/Hash/MD5.o )
[ 46 of 123] Compiling Crypto.Hash.MD4  ( Crypto/Hash/MD4.hs, dist/dist-sandbox-439155cc/build/Crypto/Hash/MD4.o )
[ 47 of 123] Compiling Crypto.Hash.MD2  ( Crypto/Hash/MD2.hs, dist/dist-sandbox-439155cc/build/Crypto/Hash/MD2.o )
[ 48 of 123] Compiling Crypto.Hash.Keccak ( Crypto/Hash/Keccak.hs, dist/dist-sandbox-439155cc/build/Crypto/Hash/Keccak.o )
[ 49 of 123] Compiling Crypto.Hash.IO   ( Crypto/Hash/IO.hs, dist/dist-sandbox-439155cc/build/Crypto/Hash/IO.o )
[ 50 of 123] Compiling Crypto.Hash.Blake2sp ( Crypto/Hash/Blake2sp.hs, dist/dist-sandbox-439155cc/build/Crypto/Hash/Blake2sp.o )
[ 51 of 123] Compiling Crypto.Hash.Blake2s ( Crypto/Hash/Blake2s.hs, dist/dist-sandbox-439155cc/build/Crypto/Hash/Blake2s.o )
[ 52 of 123] Compiling Crypto.Hash.Blake2bp ( Crypto/Hash/Blake2bp.hs, dist/dist-sandbox-439155cc/build/Crypto/Hash/Blake2bp.o )
[ 53 of 123] Compiling Crypto.Hash.Blake2b ( Crypto/Hash/Blake2b.hs, dist/dist-sandbox-439155cc/build/Crypto/Hash/Blake2b.o )
[ 54 of 123] Compiling Crypto.Hash.Blake2 ( Crypto/Hash/Blake2.hs, dist/dist-sandbox-439155cc/build/Crypto/Hash/Blake2.o )
[ 55 of 123] Compiling Crypto.Hash.Algorithms ( Crypto/Hash/Algorithms.hs, dist/dist-sandbox-439155cc/build/Crypto/Hash/Algorithms.o )
[ 56 of 123] Compiling Crypto.Hash      ( Crypto/Hash.hs, dist/dist-sandbox-439155cc/build/Crypto/Hash.o )
[ 57 of 123] Compiling Crypto.MAC.HMAC  ( Crypto/MAC/HMAC.hs, dist/dist-sandbox-439155cc/build/Crypto/MAC/HMAC.o )
[ 58 of 123] Compiling Crypto.KDF.HKDF  ( Crypto/KDF/HKDF.hs, dist/dist-sandbox-439155cc/build/Crypto/KDF/HKDF.o )
[ 59 of 123] Compiling Crypto.KDF.PBKDF2 ( Crypto/KDF/PBKDF2.hs, dist/dist-sandbox-439155cc/build/Crypto/KDF/PBKDF2.o )
[ 60 of 123] Compiling Crypto.KDF.Scrypt ( Crypto/KDF/Scrypt.hs, dist/dist-sandbox-439155cc/build/Crypto/KDF/Scrypt.o )
[ 61 of 123] Compiling Crypto.OTP       ( Crypto/OTP.hs, dist/dist-sandbox-439155cc/build/Crypto/OTP.o )
[ 62 of 123] Compiling Crypto.PubKey.DSA ( Crypto/PubKey/DSA.hs, dist/dist-sandbox-439155cc/build/Crypto/PubKey/DSA.o )
[ 63 of 123] Compiling Crypto.PubKey.MaskGenFunction ( Crypto/PubKey/MaskGenFunction.hs, dist/dist-sandbox-439155cc/build/Crypto/PubKey/MaskGenFunction.o )
[ 64 of 123] Compiling Crypto.Error.Types ( Crypto/Error/Types.hs, dist/dist-sandbox-439155cc/build/Crypto/Error/Types.o )
[ 65 of 123] Compiling Crypto.Error     ( Crypto/Error.hs, dist/dist-sandbox-439155cc/build/Crypto/Error.o )
[ 66 of 123] Compiling Crypto.KDF.Argon2 ( Crypto/KDF/Argon2.hs, dist/dist-sandbox-439155cc/build/Crypto/KDF/Argon2.o )
[ 67 of 123] Compiling Crypto.MAC.Poly1305 ( Crypto/MAC/Poly1305.hs, dist/dist-sandbox-439155cc/build/Crypto/MAC/Poly1305.o )
[ 68 of 123] Compiling Crypto.ECC.Simple.Types ( Crypto/ECC/Simple/Types.hs, dist/dist-sandbox-439155cc/build/Crypto/ECC/Simple/Types.o )
[ 69 of 123] Compiling Crypto.Data.Padding ( Crypto/Data/Padding.hs, dist/dist-sandbox-439155cc/build/Crypto/Data/Padding.o )
[ 70 of 123] Compiling Crypto.Data.AFIS ( Crypto/Data/AFIS.hs, dist/dist-sandbox-439155cc/build/Crypto/Data/AFIS.o )
[ 71 of 123] Compiling Crypto.Cipher.Types.Utils ( Crypto/Cipher/Types/Utils.hs, dist/dist-sandbox-439155cc/build/Crypto/Cipher/Types/Utils.o )
[ 72 of 123] Compiling Crypto.Cipher.Types.GF ( Crypto/Cipher/Types/GF.hs, dist/dist-sandbox-439155cc/build/Crypto/Cipher/Types/GF.o )
[ 73 of 123] Compiling Crypto.Cipher.Types.Base ( Crypto/Cipher/Types/Base.hs, dist/dist-sandbox-439155cc/build/Crypto/Cipher/Types/Base.o )
[ 74 of 123] Compiling Crypto.Cipher.Types.Stream ( Crypto/Cipher/Types/Stream.hs, dist/dist-sandbox-439155cc/build/Crypto/Cipher/Types/Stream.o )
[ 75 of 123] Compiling Crypto.Cipher.Types.AEAD ( Crypto/Cipher/Types/AEAD.hs, dist/dist-sandbox-439155cc/build/Crypto/Cipher/Types/AEAD.o )
[ 76 of 123] Compiling Crypto.Cipher.Types.Block ( Crypto/Cipher/Types/Block.hs, dist/dist-sandbox-439155cc/build/Crypto/Cipher/Types/Block.o )
[ 77 of 123] Compiling Crypto.Cipher.Types ( Crypto/Cipher/Types.hs, dist/dist-sandbox-439155cc/build/Crypto/Cipher/Types.o )
[ 78 of 123] Compiling Crypto.Cipher.Utils ( Crypto/Cipher/Utils.hs, dist/dist-sandbox-439155cc/build/Crypto/Cipher/Utils.o )
[ 79 of 123] Compiling Crypto.ConstructHash.MiyaguchiPreneel ( Crypto/ConstructHash/MiyaguchiPreneel.hs, dist/dist-sandbox-439155cc/build/Crypto/ConstructHash/MiyaguchiPreneel.o )
[ 80 of 123] Compiling Crypto.MAC.CMAC  ( Crypto/MAC/CMAC.hs, dist/dist-sandbox-439155cc/build/Crypto/MAC/CMAC.o )
[ 81 of 123] Compiling Crypto.Cipher.Twofish.Primitive ( Crypto/Cipher/Twofish/Primitive.hs, dist/dist-sandbox-439155cc/build/Crypto/Cipher/Twofish/Primitive.o )
[ 82 of 123] Compiling Crypto.Cipher.Twofish ( Crypto/Cipher/Twofish.hs, dist/dist-sandbox-439155cc/build/Crypto/Cipher/Twofish.o )
[ 83 of 123] Compiling Crypto.Cipher.Salsa ( Crypto/Cipher/Salsa.hs, dist/dist-sandbox-439155cc/build/Crypto/Cipher/Salsa.o )
[ 84 of 123] Compiling Crypto.Cipher.XSalsa ( Crypto/Cipher/XSalsa.hs, dist/dist-sandbox-439155cc/build/Crypto/Cipher/XSalsa.o )
[ 85 of 123] Compiling Crypto.Cipher.RC4 ( Crypto/Cipher/RC4.hs, dist/dist-sandbox-439155cc/build/Crypto/Cipher/RC4.o )
[ 86 of 123] Compiling Crypto.Cipher.DES.Primitive ( Crypto/Cipher/DES/Primitive.hs, dist/dist-sandbox-439155cc/build/Crypto/Cipher/DES/Primitive.o )
[ 87 of 123] Compiling Crypto.Cipher.TripleDES ( Crypto/Cipher/TripleDES.hs, dist/dist-sandbox-439155cc/build/Crypto/Cipher/TripleDES.o )
[ 88 of 123] Compiling Crypto.Cipher.DES ( Crypto/Cipher/DES.hs, dist/dist-sandbox-439155cc/build/Crypto/Cipher/DES.o )
[ 89 of 123] Compiling Crypto.Cipher.ChaCha ( Crypto/Cipher/ChaCha.hs, dist/dist-sandbox-439155cc/build/Crypto/Cipher/ChaCha.o )
[ 90 of 123] Compiling Crypto.Cipher.ChaChaPoly1305 ( Crypto/Cipher/ChaChaPoly1305.hs, dist/dist-sandbox-439155cc/build/Crypto/Cipher/ChaChaPoly1305.o )
[ 91 of 123] Compiling Crypto.Random.ChaChaDRG ( Crypto/Random/ChaChaDRG.hs, dist/dist-sandbox-439155cc/build/Crypto/Random/ChaChaDRG.o )
[ 92 of 123] Compiling Crypto.Random    ( Crypto/Random.hs, dist/dist-sandbox-439155cc/build/Crypto/Random.o )
[ 93 of 123] Compiling Crypto.ECC.Edwards25519 ( Crypto/ECC/Edwards25519.hs, dist/dist-sandbox-439155cc/build/Crypto/ECC/Edwards25519.o )
[ 94 of 123] Compiling Crypto.ECC.Simple.Prim ( Crypto/ECC/Simple/Prim.hs, dist/dist-sandbox-439155cc/build/Crypto/ECC/Simple/Prim.o )
[ 95 of 123] Compiling Crypto.PubKey.Curve25519 ( Crypto/PubKey/Curve25519.hs, dist/dist-sandbox-439155cc/build/Crypto/PubKey/Curve25519.o )
[ 96 of 123] Compiling Crypto.PubKey.Curve448 ( Crypto/PubKey/Curve448.hs, dist/dist-sandbox-439155cc/build/Crypto/PubKey/Curve448.o )
[ 97 of 123] Compiling Crypto.PubKey.ECC.P256 ( Crypto/PubKey/ECC/P256.hs, dist/dist-sandbox-439155cc/build/Crypto/PubKey/ECC/P256.o )
[ 98 of 123] Compiling Crypto.ECC       ( Crypto/ECC.hs, dist/dist-sandbox-439155cc/build/Crypto/ECC.o )
[ 99 of 123] Compiling Crypto.PubKey.ECC.Prim ( Crypto/PubKey/ECC/Prim.hs, dist/dist-sandbox-439155cc/build/Crypto/PubKey/ECC/Prim.o )
[100 of 123] Compiling Crypto.PubKey.ECC.ECDSA ( Crypto/PubKey/ECC/ECDSA.hs, dist/dist-sandbox-439155cc/build/Crypto/PubKey/ECC/ECDSA.o )
[101 of 123] Compiling Crypto.PubKey.ECC.Generate ( Crypto/PubKey/ECC/Generate.hs, dist/dist-sandbox-439155cc/build/Crypto/PubKey/ECC/Generate.o )
[102 of 123] Compiling Crypto.PubKey.ECIES ( Crypto/PubKey/ECIES.hs, dist/dist-sandbox-439155cc/build/Crypto/PubKey/ECIES.o )
[103 of 123] Compiling Crypto.PubKey.Ed25519 ( Crypto/PubKey/Ed25519.hs, dist/dist-sandbox-439155cc/build/Crypto/PubKey/Ed25519.o )
[104 of 123] Compiling Crypto.PubKey.Ed448 ( Crypto/PubKey/Ed448.hs, dist/dist-sandbox-439155cc/build/Crypto/PubKey/Ed448.o )
[105 of 123] Compiling Crypto.Random.Probabilistic ( Crypto/Random/Probabilistic.hs, dist/dist-sandbox-439155cc/build/Crypto/Random/Probabilistic.o )
[106 of 123] Compiling Crypto.Number.Prime ( Crypto/Number/Prime.hs, dist/dist-sandbox-439155cc/build/Crypto/Number/Prime.o )
[107 of 123] Compiling Crypto.PubKey.DH ( Crypto/PubKey/DH.hs, dist/dist-sandbox-439155cc/build/Crypto/PubKey/DH.o )
[108 of 123] Compiling Crypto.PubKey.ECC.DH ( Crypto/PubKey/ECC/DH.hs, dist/dist-sandbox-439155cc/build/Crypto/PubKey/ECC/DH.o )
[109 of 123] Compiling Crypto.PubKey.ElGamal ( Crypto/PubKey/ElGamal.hs, dist/dist-sandbox-439155cc/build/Crypto/PubKey/ElGamal.o )
[110 of 123] Compiling Crypto.PubKey.RSA ( Crypto/PubKey/RSA.hs, dist/dist-sandbox-439155cc/build/Crypto/PubKey/RSA.o )
[111 of 123] Compiling Crypto.PubKey.RSA.OAEP ( Crypto/PubKey/RSA/OAEP.hs, dist/dist-sandbox-439155cc/build/Crypto/PubKey/RSA/OAEP.o )
[112 of 123] Compiling Crypto.PubKey.RSA.PKCS15 ( Crypto/PubKey/RSA/PKCS15.hs, dist/dist-sandbox-439155cc/build/Crypto/PubKey/RSA/PKCS15.o )
[113 of 123] Compiling Crypto.PubKey.RSA.PSS ( Crypto/PubKey/RSA/PSS.hs, dist/dist-sandbox-439155cc/build/Crypto/PubKey/RSA/PSS.o )
[114 of 123] Compiling Crypto.Cipher.Camellia.Primitive ( Crypto/Cipher/Camellia/Primitive.hs, dist/dist-sandbox-439155cc/build/Crypto/Cipher/Camellia/Primitive.o )
[115 of 123] Compiling Crypto.Cipher.Camellia ( Crypto/Cipher/Camellia.hs, dist/dist-sandbox-439155cc/build/Crypto/Cipher/Camellia.o )
[116 of 123] Compiling Crypto.Cipher.CAST5.Primitive ( Crypto/Cipher/CAST5/Primitive.hs, dist/dist-sandbox-439155cc/build/Crypto/Cipher/CAST5/Primitive.o )
[117 of 123] Compiling Crypto.Cipher.CAST5 ( Crypto/Cipher/CAST5.hs, dist/dist-sandbox-439155cc/build/Crypto/Cipher/CAST5.o )
[118 of 123] Compiling Crypto.Cipher.Blowfish.Box ( Crypto/Cipher/Blowfish/Box.hs, dist/dist-sandbox-439155cc/build/Crypto/Cipher/Blowfish/Box.o )
[119 of 123] Compiling Crypto.Cipher.Blowfish.Primitive ( Crypto/Cipher/Blowfish/Primitive.hs, dist/dist-sandbox-439155cc/build/Crypto/Cipher/Blowfish/Primitive.o )
[120 of 123] Compiling Crypto.KDF.BCrypt ( Crypto/KDF/BCrypt.hs, dist/dist-sandbox-439155cc/build/Crypto/KDF/BCrypt.o )
[121 of 123] Compiling Crypto.Cipher.Blowfish ( Crypto/Cipher/Blowfish.hs, dist/dist-sandbox-439155cc/build/Crypto/Cipher/Blowfish.o )
[122 of 123] Compiling Crypto.Cipher.AES.Primitive ( Crypto/Cipher/AES/Primitive.hs, dist/dist-sandbox-439155cc/build/Crypto/Cipher/AES/Primitive.o )
[123 of 123] Compiling Crypto.Cipher.AES ( Crypto/Cipher/AES.hs, dist/dist-sandbox-439155cc/build/Crypto/Cipher/AES.o )
[  1 of 123] Compiling Crypto.Tutorial  ( Crypto/Tutorial.hs, dist/dist-sandbox-439155cc/build/Crypto/Tutorial.p_o )
[  2 of 123] Compiling Crypto.Random.Entropy.Source ( Crypto/Random/Entropy/Source.hs, dist/dist-sandbox-439155cc/build/Crypto/Random/Entropy/Source.p_o )
[  3 of 123] Compiling Crypto.Random.Entropy.Unix ( Crypto/Random/Entropy/Unix.hs, dist/dist-sandbox-439155cc/build/Crypto/Random/Entropy/Unix.p_o )
[  4 of 123] Compiling Crypto.Random.Entropy.RDRand ( Crypto/Random/Entropy/RDRand.hs, dist/dist-sandbox-439155cc/build/Crypto/Random/Entropy/RDRand.p_o )
[  5 of 123] Compiling Crypto.PubKey.Internal ( Crypto/PubKey/Internal.hs, dist/dist-sandbox-439155cc/build/Crypto/PubKey/Internal.p_o )
[  6 of 123] Compiling Crypto.Number.Compat ( Crypto/Number/Compat.hs, dist/dist-sandbox-439155cc/build/Crypto/Number/Compat.p_o )
[  7 of 123] Compiling Crypto.Number.Basic ( Crypto/Number/Basic.hs, dist/dist-sandbox-439155cc/build/Crypto/Number/Basic.p_o )
[  8 of 123] Compiling Crypto.Number.ModArithmetic ( Crypto/Number/ModArithmetic.hs, dist/dist-sandbox-439155cc/build/Crypto/Number/ModArithmetic.p_o )
[  9 of 123] Compiling Crypto.Number.Serialize.Internal ( Crypto/Number/Serialize/Internal.hs, dist/dist-sandbox-439155cc/build/Crypto/Number/Serialize/Internal.p_o )
[ 10 of 123] Compiling Crypto.Internal.Words ( Crypto/Internal/Words.hs, dist/dist-sandbox-439155cc/build/Crypto/Internal/Words.p_o )
[ 11 of 123] Compiling Crypto.Internal.Proxy ( Crypto/Internal/Proxy.hs, dist/dist-sandbox-439155cc/build/Crypto/Internal/Proxy.p_o )
[ 12 of 123] Compiling Crypto.Random.Entropy.Backend ( Crypto/Random/Entropy/Backend.hs, dist/dist-sandbox-439155cc/build/Crypto/Random/Entropy/Backend.p_o )
[ 13 of 123] Compiling Crypto.Random.Entropy.Unsafe ( Crypto/Random/Entropy/Unsafe.hs, dist/dist-sandbox-439155cc/build/Crypto/Random/Entropy/Unsafe.p_o )
[ 14 of 123] Compiling Crypto.Internal.Nat ( Crypto/Internal/Nat.hs, dist/dist-sandbox-439155cc/build/Crypto/Internal/Nat.p_o )
[ 15 of 123] Compiling Crypto.Internal.DeepSeq ( Crypto/Internal/DeepSeq.hs, dist/dist-sandbox-439155cc/build/Crypto/Internal/DeepSeq.p_o )
[ 16 of 123] Compiling Crypto.Internal.Imports ( Crypto/Internal/Imports.hs, dist/dist-sandbox-439155cc/build/Crypto/Internal/Imports.p_o )
[ 17 of 123] Compiling Crypto.Number.F2m ( Crypto/Number/F2m.hs, dist/dist-sandbox-439155cc/build/Crypto/Number/F2m.p_o )
[ 18 of 123] Compiling Crypto.PubKey.ECC.Types ( Crypto/PubKey/ECC/Types.hs, dist/dist-sandbox-439155cc/build/Crypto/PubKey/ECC/Types.p_o )
[ 19 of 123] Compiling Crypto.PubKey.RSA.Types ( Crypto/PubKey/RSA/Types.hs, dist/dist-sandbox-439155cc/build/Crypto/PubKey/RSA/Types.p_o )
[ 20 of 123] Compiling Crypto.Internal.CompatPrim ( Crypto/Internal/CompatPrim.hs, dist/dist-sandbox-439155cc/build/Crypto/Internal/CompatPrim.p_o )
[ 21 of 123] Compiling Crypto.Internal.Compat ( Crypto/Internal/Compat.hs, dist/dist-sandbox-439155cc/build/Crypto/Internal/Compat.p_o )
[ 22 of 123] Compiling Crypto.Internal.WordArray ( Crypto/Internal/WordArray.hs, dist/dist-sandbox-439155cc/build/Crypto/Internal/WordArray.p_o )
[ 23 of 123] Compiling Crypto.Internal.ByteArray ( Crypto/Internal/ByteArray.hs, dist/dist-sandbox-439155cc/build/Crypto/Internal/ByteArray.p_o )
[ 24 of 123] Compiling Crypto.Number.Serialize ( Crypto/Number/Serialize.hs, dist/dist-sandbox-439155cc/build/Crypto/Number/Serialize.p_o )
[ 25 of 123] Compiling Crypto.PubKey.RSA.Prim ( Crypto/PubKey/RSA/Prim.hs, dist/dist-sandbox-439155cc/build/Crypto/PubKey/RSA/Prim.p_o )
[ 26 of 123] Compiling Crypto.Random.Entropy ( Crypto/Random/Entropy.hs, dist/dist-sandbox-439155cc/build/Crypto/Random/Entropy.p_o )
[ 27 of 123] Compiling Crypto.Random.EntropyPool ( Crypto/Random/EntropyPool.hs, dist/dist-sandbox-439155cc/build/Crypto/Random/EntropyPool.p_o )
[ 28 of 123] Compiling Crypto.Random.Types ( Crypto/Random/Types.hs, dist/dist-sandbox-439155cc/build/Crypto/Random/Types.p_o )
[ 29 of 123] Compiling Crypto.Number.Generate ( Crypto/Number/Generate.hs, dist/dist-sandbox-439155cc/build/Crypto/Number/Generate.p_o )
[ 30 of 123] Compiling Crypto.Random.SystemDRG ( Crypto/Random/SystemDRG.hs, dist/dist-sandbox-439155cc/build/Crypto/Random/SystemDRG.p_o )
[ 31 of 123] Compiling Crypto.Hash.Types ( Crypto/Hash/Types.hs, dist/dist-sandbox-439155cc/build/Crypto/Hash/Types.p_o )
[ 32 of 123] Compiling Crypto.Hash.Whirlpool ( Crypto/Hash/Whirlpool.hs, dist/dist-sandbox-439155cc/build/Crypto/Hash/Whirlpool.p_o )
[ 33 of 123] Compiling Crypto.Hash.Tiger ( Crypto/Hash/Tiger.hs, dist/dist-sandbox-439155cc/build/Crypto/Hash/Tiger.p_o )
[ 34 of 123] Compiling Crypto.Hash.Skein512 ( Crypto/Hash/Skein512.hs, dist/dist-sandbox-439155cc/build/Crypto/Hash/Skein512.p_o )
[ 35 of 123] Compiling Crypto.Hash.Skein256 ( Crypto/Hash/Skein256.hs, dist/dist-sandbox-439155cc/build/Crypto/Hash/Skein256.p_o )
[ 36 of 123] Compiling Crypto.Hash.SHAKE ( Crypto/Hash/SHAKE.hs, dist/dist-sandbox-439155cc/build/Crypto/Hash/SHAKE.p_o )
[ 37 of 123] Compiling Crypto.Hash.SHA512t ( Crypto/Hash/SHA512t.hs, dist/dist-sandbox-439155cc/build/Crypto/Hash/SHA512t.p_o )
[ 38 of 123] Compiling Crypto.Hash.SHA512 ( Crypto/Hash/SHA512.hs, dist/dist-sandbox-439155cc/build/Crypto/Hash/SHA512.p_o )
[ 39 of 123] Compiling Crypto.Hash.SHA384 ( Crypto/Hash/SHA384.hs, dist/dist-sandbox-439155cc/build/Crypto/Hash/SHA384.p_o )
[ 40 of 123] Compiling Crypto.Hash.SHA3 ( Crypto/Hash/SHA3.hs, dist/dist-sandbox-439155cc/build/Crypto/Hash/SHA3.p_o )
[ 41 of 123] Compiling Crypto.Hash.SHA256 ( Crypto/Hash/SHA256.hs, dist/dist-sandbox-439155cc/build/Crypto/Hash/SHA256.p_o )
[ 42 of 123] Compiling Crypto.Hash.SHA224 ( Crypto/Hash/SHA224.hs, dist/dist-sandbox-439155cc/build/Crypto/Hash/SHA224.p_o )
[ 43 of 123] Compiling Crypto.Hash.SHA1 ( Crypto/Hash/SHA1.hs, dist/dist-sandbox-439155cc/build/Crypto/Hash/SHA1.p_o )
[ 44 of 123] Compiling Crypto.Hash.RIPEMD160 ( Crypto/Hash/RIPEMD160.hs, dist/dist-sandbox-439155cc/build/Crypto/Hash/RIPEMD160.p_o )
[ 45 of 123] Compiling Crypto.Hash.MD5  ( Crypto/Hash/MD5.hs, dist/dist-sandbox-439155cc/build/Crypto/Hash/MD5.p_o )
[ 46 of 123] Compiling Crypto.Hash.MD4  ( Crypto/Hash/MD4.hs, dist/dist-sandbox-439155cc/build/Crypto/Hash/MD4.p_o )
[ 47 of 123] Compiling Crypto.Hash.MD2  ( Crypto/Hash/MD2.hs, dist/dist-sandbox-439155cc/build/Crypto/Hash/MD2.p_o )
[ 48 of 123] Compiling Crypto.Hash.Keccak ( Crypto/Hash/Keccak.hs, dist/dist-sandbox-439155cc/build/Crypto/Hash/Keccak.p_o )
[ 49 of 123] Compiling Crypto.Hash.IO   ( Crypto/Hash/IO.hs, dist/dist-sandbox-439155cc/build/Crypto/Hash/IO.p_o )
[ 50 of 123] Compiling Crypto.Hash.Blake2sp ( Crypto/Hash/Blake2sp.hs, dist/dist-sandbox-439155cc/build/Crypto/Hash/Blake2sp.p_o )
[ 51 of 123] Compiling Crypto.Hash.Blake2s ( Crypto/Hash/Blake2s.hs, dist/dist-sandbox-439155cc/build/Crypto/Hash/Blake2s.p_o )
[ 52 of 123] Compiling Crypto.Hash.Blake2bp ( Crypto/Hash/Blake2bp.hs, dist/dist-sandbox-439155cc/build/Crypto/Hash/Blake2bp.p_o )
[ 53 of 123] Compiling Crypto.Hash.Blake2b ( Crypto/Hash/Blake2b.hs, dist/dist-sandbox-439155cc/build/Crypto/Hash/Blake2b.p_o )
[ 54 of 123] Compiling Crypto.Hash.Blake2 ( Crypto/Hash/Blake2.hs, dist/dist-sandbox-439155cc/build/Crypto/Hash/Blake2.p_o )
[ 55 of 123] Compiling Crypto.Hash.Algorithms ( Crypto/Hash/Algorithms.hs, dist/dist-sandbox-439155cc/build/Crypto/Hash/Algorithms.p_o )
[ 56 of 123] Compiling Crypto.Hash      ( Crypto/Hash.hs, dist/dist-sandbox-439155cc/build/Crypto/Hash.p_o )
[ 57 of 123] Compiling Crypto.MAC.HMAC  ( Crypto/MAC/HMAC.hs, dist/dist-sandbox-439155cc/build/Crypto/MAC/HMAC.p_o )
[ 58 of 123] Compiling Crypto.KDF.HKDF  ( Crypto/KDF/HKDF.hs, dist/dist-sandbox-439155cc/build/Crypto/KDF/HKDF.p_o )
[ 59 of 123] Compiling Crypto.KDF.PBKDF2 ( Crypto/KDF/PBKDF2.hs, dist/dist-sandbox-439155cc/build/Crypto/KDF/PBKDF2.p_o )
[ 60 of 123] Compiling Crypto.KDF.Scrypt ( Crypto/KDF/Scrypt.hs, dist/dist-sandbox-439155cc/build/Crypto/KDF/Scrypt.p_o )
[ 61 of 123] Compiling Crypto.OTP       ( Crypto/OTP.hs, dist/dist-sandbox-439155cc/build/Crypto/OTP.p_o )
[ 62 of 123] Compiling Crypto.PubKey.DSA ( Crypto/PubKey/DSA.hs, dist/dist-sandbox-439155cc/build/Crypto/PubKey/DSA.p_o )
[ 63 of 123] Compiling Crypto.PubKey.MaskGenFunction ( Crypto/PubKey/MaskGenFunction.hs, dist/dist-sandbox-439155cc/build/Crypto/PubKey/MaskGenFunction.p_o )
[ 64 of 123] Compiling Crypto.Error.Types ( Crypto/Error/Types.hs, dist/dist-sandbox-439155cc/build/Crypto/Error/Types.p_o )
[ 65 of 123] Compiling Crypto.Error     ( Crypto/Error.hs, dist/dist-sandbox-439155cc/build/Crypto/Error.p_o )
[ 66 of 123] Compiling Crypto.KDF.Argon2 ( Crypto/KDF/Argon2.hs, dist/dist-sandbox-439155cc/build/Crypto/KDF/Argon2.p_o )
[ 67 of 123] Compiling Crypto.MAC.Poly1305 ( Crypto/MAC/Poly1305.hs, dist/dist-sandbox-439155cc/build/Crypto/MAC/Poly1305.p_o )
[ 68 of 123] Compiling Crypto.ECC.Simple.Types ( Crypto/ECC/Simple/Types.hs, dist/dist-sandbox-439155cc/build/Crypto/ECC/Simple/Types.p_o )
[ 69 of 123] Compiling Crypto.Data.Padding ( Crypto/Data/Padding.hs, dist/dist-sandbox-439155cc/build/Crypto/Data/Padding.p_o )
[ 70 of 123] Compiling Crypto.Data.AFIS ( Crypto/Data/AFIS.hs, dist/dist-sandbox-439155cc/build/Crypto/Data/AFIS.p_o )
[ 71 of 123] Compiling Crypto.Cipher.Types.Utils ( Crypto/Cipher/Types/Utils.hs, dist/dist-sandbox-439155cc/build/Crypto/Cipher/Types/Utils.p_o )
[ 72 of 123] Compiling Crypto.Cipher.Types.GF ( Crypto/Cipher/Types/GF.hs, dist/dist-sandbox-439155cc/build/Crypto/Cipher/Types/GF.p_o )
[ 73 of 123] Compiling Crypto.Cipher.Types.Base ( Crypto/Cipher/Types/Base.hs, dist/dist-sandbox-439155cc/build/Crypto/Cipher/Types/Base.p_o )
[ 74 of 123] Compiling Crypto.Cipher.Types.Stream ( Crypto/Cipher/Types/Stream.hs, dist/dist-sandbox-439155cc/build/Crypto/Cipher/Types/Stream.p_o )
[ 75 of 123] Compiling Crypto.Cipher.Types.AEAD ( Crypto/Cipher/Types/AEAD.hs, dist/dist-sandbox-439155cc/build/Crypto/Cipher/Types/AEAD.p_o )
[ 76 of 123] Compiling Crypto.Cipher.Types.Block ( Crypto/Cipher/Types/Block.hs, dist/dist-sandbox-439155cc/build/Crypto/Cipher/Types/Block.p_o )
[ 77 of 123] Compiling Crypto.Cipher.Types ( Crypto/Cipher/Types.hs, dist/dist-sandbox-439155cc/build/Crypto/Cipher/Types.p_o )
[ 78 of 123] Compiling Crypto.Cipher.Utils ( Crypto/Cipher/Utils.hs, dist/dist-sandbox-439155cc/build/Crypto/Cipher/Utils.p_o )
[ 79 of 123] Compiling Crypto.ConstructHash.MiyaguchiPreneel ( Crypto/ConstructHash/MiyaguchiPreneel.hs, dist/dist-sandbox-439155cc/build/Crypto/ConstructHash/MiyaguchiPreneel.p_o )
[ 80 of 123] Compiling Crypto.MAC.CMAC  ( Crypto/MAC/CMAC.hs, dist/dist-sandbox-439155cc/build/Crypto/MAC/CMAC.p_o )
[ 81 of 123] Compiling Crypto.Cipher.Twofish.Primitive ( Crypto/Cipher/Twofish/Primitive.hs, dist/dist-sandbox-439155cc/build/Crypto/Cipher/Twofish/Primitive.p_o )
[ 82 of 123] Compiling Crypto.Cipher.Twofish ( Crypto/Cipher/Twofish.hs, dist/dist-sandbox-439155cc/build/Crypto/Cipher/Twofish.p_o )
[ 83 of 123] Compiling Crypto.Cipher.Salsa ( Crypto/Cipher/Salsa.hs, dist/dist-sandbox-439155cc/build/Crypto/Cipher/Salsa.p_o )
[ 84 of 123] Compiling Crypto.Cipher.XSalsa ( Crypto/Cipher/XSalsa.hs, dist/dist-sandbox-439155cc/build/Crypto/Cipher/XSalsa.p_o )
[ 85 of 123] Compiling Crypto.Cipher.RC4 ( Crypto/Cipher/RC4.hs, dist/dist-sandbox-439155cc/build/Crypto/Cipher/RC4.p_o )
[ 86 of 123] Compiling Crypto.Cipher.DES.Primitive ( Crypto/Cipher/DES/Primitive.hs, dist/dist-sandbox-439155cc/build/Crypto/Cipher/DES/Primitive.p_o )
[ 87 of 123] Compiling Crypto.Cipher.TripleDES ( Crypto/Cipher/TripleDES.hs, dist/dist-sandbox-439155cc/build/Crypto/Cipher/TripleDES.p_o )
[ 88 of 123] Compiling Crypto.Cipher.DES ( Crypto/Cipher/DES.hs, dist/dist-sandbox-439155cc/build/Crypto/Cipher/DES.p_o )
[ 89 of 123] Compiling Crypto.Cipher.ChaCha ( Crypto/Cipher/ChaCha.hs, dist/dist-sandbox-439155cc/build/Crypto/Cipher/ChaCha.p_o )
[ 90 of 123] Compiling Crypto.Cipher.ChaChaPoly1305 ( Crypto/Cipher/ChaChaPoly1305.hs, dist/dist-sandbox-439155cc/build/Crypto/Cipher/ChaChaPoly1305.p_o )
[ 91 of 123] Compiling Crypto.Random.ChaChaDRG ( Crypto/Random/ChaChaDRG.hs, dist/dist-sandbox-439155cc/build/Crypto/Random/ChaChaDRG.p_o )
[ 92 of 123] Compiling Crypto.Random    ( Crypto/Random.hs, dist/dist-sandbox-439155cc/build/Crypto/Random.p_o )
[ 93 of 123] Compiling Crypto.ECC.Edwards25519 ( Crypto/ECC/Edwards25519.hs, dist/dist-sandbox-439155cc/build/Crypto/ECC/Edwards25519.p_o )
[ 94 of 123] Compiling Crypto.ECC.Simple.Prim ( Crypto/ECC/Simple/Prim.hs, dist/dist-sandbox-439155cc/build/Crypto/ECC/Simple/Prim.p_o )
[ 95 of 123] Compiling Crypto.PubKey.Curve25519 ( Crypto/PubKey/Curve25519.hs, dist/dist-sandbox-439155cc/build/Crypto/PubKey/Curve25519.p_o )
[ 96 of 123] Compiling Crypto.PubKey.Curve448 ( Crypto/PubKey/Curve448.hs, dist/dist-sandbox-439155cc/build/Crypto/PubKey/Curve448.p_o )
[ 97 of 123] Compiling Crypto.PubKey.ECC.P256 ( Crypto/PubKey/ECC/P256.hs, dist/dist-sandbox-439155cc/build/Crypto/PubKey/ECC/P256.p_o )
[ 98 of 123] Compiling Crypto.ECC       ( Crypto/ECC.hs, dist/dist-sandbox-439155cc/build/Crypto/ECC.p_o )
[ 99 of 123] Compiling Crypto.PubKey.ECC.Prim ( Crypto/PubKey/ECC/Prim.hs, dist/dist-sandbox-439155cc/build/Crypto/PubKey/ECC/Prim.p_o )
[100 of 123] Compiling Crypto.PubKey.ECC.ECDSA ( Crypto/PubKey/ECC/ECDSA.hs, dist/dist-sandbox-439155cc/build/Crypto/PubKey/ECC/ECDSA.p_o )
[101 of 123] Compiling Crypto.PubKey.ECC.Generate ( Crypto/PubKey/ECC/Generate.hs, dist/dist-sandbox-439155cc/build/Crypto/PubKey/ECC/Generate.p_o )
[102 of 123] Compiling Crypto.PubKey.ECIES ( Crypto/PubKey/ECIES.hs, dist/dist-sandbox-439155cc/build/Crypto/PubKey/ECIES.p_o )
[103 of 123] Compiling Crypto.PubKey.Ed25519 ( Crypto/PubKey/Ed25519.hs, dist/dist-sandbox-439155cc/build/Crypto/PubKey/Ed25519.p_o )
[104 of 123] Compiling Crypto.PubKey.Ed448 ( Crypto/PubKey/Ed448.hs, dist/dist-sandbox-439155cc/build/Crypto/PubKey/Ed448.p_o )
[105 of 123] Compiling Crypto.Random.Probabilistic ( Crypto/Random/Probabilistic.hs, dist/dist-sandbox-439155cc/build/Crypto/Random/Probabilistic.p_o )
[106 of 123] Compiling Crypto.Number.Prime ( Crypto/Number/Prime.hs, dist/dist-sandbox-439155cc/build/Crypto/Number/Prime.p_o )
[107 of 123] Compiling Crypto.PubKey.DH ( Crypto/PubKey/DH.hs, dist/dist-sandbox-439155cc/build/Crypto/PubKey/DH.p_o )
[108 of 123] Compiling Crypto.PubKey.ECC.DH ( Crypto/PubKey/ECC/DH.hs, dist/dist-sandbox-439155cc/build/Crypto/PubKey/ECC/DH.p_o )
[109 of 123] Compiling Crypto.PubKey.ElGamal ( Crypto/PubKey/ElGamal.hs, dist/dist-sandbox-439155cc/build/Crypto/PubKey/ElGamal.p_o )
[110 of 123] Compiling Crypto.PubKey.RSA ( Crypto/PubKey/RSA.hs, dist/dist-sandbox-439155cc/build/Crypto/PubKey/RSA.p_o )
[111 of 123] Compiling Crypto.PubKey.RSA.OAEP ( Crypto/PubKey/RSA/OAEP.hs, dist/dist-sandbox-439155cc/build/Crypto/PubKey/RSA/OAEP.p_o )
[112 of 123] Compiling Crypto.PubKey.RSA.PKCS15 ( Crypto/PubKey/RSA/PKCS15.hs, dist/dist-sandbox-439155cc/build/Crypto/PubKey/RSA/PKCS15.p_o )
[113 of 123] Compiling Crypto.PubKey.RSA.PSS ( Crypto/PubKey/RSA/PSS.hs, dist/dist-sandbox-439155cc/build/Crypto/PubKey/RSA/PSS.p_o )
[114 of 123] Compiling Crypto.Cipher.Camellia.Primitive ( Crypto/Cipher/Camellia/Primitive.hs, dist/dist-sandbox-439155cc/build/Crypto/Cipher/Camellia/Primitive.p_o )
[115 of 123] Compiling Crypto.Cipher.Camellia ( Crypto/Cipher/Camellia.hs, dist/dist-sandbox-439155cc/build/Crypto/Cipher/Camellia.p_o )
[116 of 123] Compiling Crypto.Cipher.CAST5.Primitive ( Crypto/Cipher/CAST5/Primitive.hs, dist/dist-sandbox-439155cc/build/Crypto/Cipher/CAST5/Primitive.p_o )
[117 of 123] Compiling Crypto.Cipher.CAST5 ( Crypto/Cipher/CAST5.hs, dist/dist-sandbox-439155cc/build/Crypto/Cipher/CAST5.p_o )
[118 of 123] Compiling Crypto.Cipher.Blowfish.Box ( Crypto/Cipher/Blowfish/Box.hs, dist/dist-sandbox-439155cc/build/Crypto/Cipher/Blowfish/Box.p_o )
[119 of 123] Compiling Crypto.Cipher.Blowfish.Primitive ( Crypto/Cipher/Blowfish/Primitive.hs, dist/dist-sandbox-439155cc/build/Crypto/Cipher/Blowfish/Primitive.p_o )
[120 of 123] Compiling Crypto.KDF.BCrypt ( Crypto/KDF/BCrypt.hs, dist/dist-sandbox-439155cc/build/Crypto/KDF/BCrypt.p_o )
[121 of 123] Compiling Crypto.Cipher.Blowfish ( Crypto/Cipher/Blowfish.hs, dist/dist-sandbox-439155cc/build/Crypto/Cipher/Blowfish.p_o )
[122 of 123] Compiling Crypto.Cipher.AES.Primitive ( Crypto/Cipher/AES/Primitive.hs, dist/dist-sandbox-439155cc/build/Crypto/Cipher/AES/Primitive.p_o )
[123 of 123] Compiling Crypto.Cipher.AES ( Crypto/Cipher/AES.hs, dist/dist-sandbox-439155cc/build/Crypto/Cipher/AES.p_o )
Running Haddock for cryptonite-0.25...
Preprocessing library cryptonite-0.25...
Haddock coverage:
 100% (  7 /  7) in 'Crypto.Tutorial'
 100% (  2 /  2) in 'Crypto.Random.Entropy.Source'
 100% (  3 /  3) in 'Crypto.Random.Entropy.Unix'
 100% (  2 /  2) in 'Crypto.Random.Entropy.RDRand'
 100% (  3 /  3) in 'Crypto.PubKey.Internal'
 100% ( 14 / 14) in 'Crypto.Number.Compat'
 100% (  7 /  7) in 'Crypto.Number.Basic'
 100% (  7 /  7) in 'Crypto.Number.ModArithmetic'
 100% (  4 /  4) in 'Crypto.Number.Serialize.Internal'
 100% (  4 /  4) in 'Crypto.Internal.Words'
 100% (  2 /  2) in 'Crypto.Internal.Proxy'
 100% (  4 /  4) in 'Crypto.Random.Entropy.Backend'
 100% (  5 /  5) in 'Crypto.Random.Entropy.Unsafe'
  25% (  2 /  8) in 'Crypto.Internal.Nat'
  Missing documentation for:
    Module header
    IsDivisibleBy8 (Crypto/Internal/Nat.hs:210)
    byteLen (Crypto/Internal/Nat.hs:18)
    integralNatVal (Crypto/Internal/Nat.hs:21)
    Div8 (Crypto/Internal/Nat.hs:54)
    Mod8 (Crypto/Internal/Nat.hs:143)
 100% (  2 /  2) in 'Crypto.Internal.DeepSeq'
Warning: Crypto.Internal.Imports: Could not find documentation for exported module: X
 100% (  1 /  1) in 'Crypto.Internal.Imports'
 100% (  9 /  9) in 'Crypto.Number.F2m'
 100% ( 15 / 15) in 'Crypto.PubKey.ECC.Types'
 100% ( 11 / 11) in 'Crypto.PubKey.RSA.Types'
 100% (  6 /  6) in 'Crypto.Internal.CompatPrim'
 100% (  4 /  4) in 'Crypto.Internal.Compat'
 100% ( 19 / 19) in 'Crypto.Internal.WordArray'
  80% (  4 /  5) in 'Crypto.Internal.ByteArray'
  Missing documentation for:
    constAllZero (Crypto/Internal/ByteArray.hs:30)
 100% (  5 /  5) in 'Crypto.Number.Serialize'
 100% (  5 /  5) in 'Crypto.PubKey.RSA.Prim'
 100% (  2 /  2) in 'Crypto.Random.Entropy'
 100% (  5 /  5) in 'Crypto.Random.EntropyPool'
 100% (  5 /  5) in 'Crypto.Random.Types'
 100% (  5 /  5) in 'Crypto.Number.Generate'
 100% (  3 /  3) in 'Crypto.Random.SystemDRG'
 100% (  4 /  4) in 'Crypto.Hash.Types'
 100% (  2 /  2) in 'Crypto.Hash.Whirlpool'
 100% (  2 /  2) in 'Crypto.Hash.Tiger'
 100% (  5 /  5) in 'Crypto.Hash.Skein512'
 100% (  3 /  3) in 'Crypto.Hash.Skein256'
 100% (  3 /  3) in 'Crypto.Hash.SHAKE'
 100% (  3 /  3) in 'Crypto.Hash.SHA512t'
 100% (  2 /  2) in 'Crypto.Hash.SHA512'
 100% (  2 /  2) in 'Crypto.Hash.SHA384'
 100% (  5 /  5) in 'Crypto.Hash.SHA3'
 100% (  2 /  2) in 'Crypto.Hash.SHA256'
 100% (  2 /  2) in 'Crypto.Hash.SHA224'
 100% (  2 /  2) in 'Crypto.Hash.SHA1'
 100% (  2 /  2) in 'Crypto.Hash.RIPEMD160'
 100% (  2 /  2) in 'Crypto.Hash.MD5'
 100% (  2 /  2) in 'Crypto.Hash.MD4'
 100% (  2 /  2) in 'Crypto.Hash.MD2'
 100% (  5 /  5) in 'Crypto.Hash.Keccak'
 100% (  8 /  8) in 'Crypto.Hash.IO'
 100% (  3 /  3) in 'Crypto.Hash.Blake2sp'
 100% (  4 /  4) in 'Crypto.Hash.Blake2s'
 100% (  2 /  2) in 'Crypto.Hash.Blake2bp'
 100% (  6 /  6) in 'Crypto.Hash.Blake2b'
  60% (  3 /  5) in 'Crypto.Hash.Blake2'
  Missing documentation for:
    Blake2sp (Crypto/Hash/Blake2.hs:118)
    Blake2bp (Crypto/Hash/Blake2.hs:141)
  96% ( 45 / 47) in 'Crypto.Hash.Algorithms'
  Missing documentation for:
    Blake2bp (Crypto/Hash/Blake2.hs:141)
    Blake2sp (Crypto/Hash/Blake2.hs:118)
 100% ( 20 / 20) in 'Crypto.Hash'
 100% (  9 /  9) in 'Crypto.MAC.HMAC'
 100% (  5 /  5) in 'Crypto.KDF.HKDF'
  62% (  5 /  8) in 'Crypto.KDF.PBKDF2'
  Missing documentation for:
    fastPBKDF2_SHA1 (Crypto/KDF/PBKDF2.hs:110)
    fastPBKDF2_SHA256 (Crypto/KDF/PBKDF2.hs:125)
    fastPBKDF2_SHA512 (Crypto/KDF/PBKDF2.hs:140)
 100% (  3 /  3) in 'Crypto.KDF.Scrypt'
  75% (  9 / 12) in 'Crypto.OTP'
  Missing documentation for:
    hotp (Crypto/OTP.hs:67)
    TOTPParams (Crypto/OTP.hs:124)
    ClockSkew (Crypto/OTP.hs:126)
 100% ( 19 / 19) in 'Crypto.PubKey.DSA'
 100% (  3 /  3) in 'Crypto.PubKey.MaskGenFunction'
 100% (  8 /  8) in 'Crypto.Error.Types'
 100% (  8 /  8) in 'Crypto.Error'
  80% (  8 / 10) in 'Crypto.KDF.Argon2'
  Missing documentation for:
    defaultOptions (Crypto/KDF/Argon2.hs:93)
    hash (Crypto/KDF/Argon2.hs:102)
  92% ( 11 / 12) in 'Crypto.MAC.Poly1305'
  Missing documentation for:
    authTag (Crypto/MAC/Poly1305.hs:47)
  16% (  7 / 44) in 'Crypto.ECC.Simple.Types'
  Missing documentation for:
    Curve (Crypto/ECC/Simple/Types.hs:64)
    CurveType (Crypto/ECC/Simple/Types.hs:95)
    CurveBinaryParam (Crypto/ECC/Simple/Types.hs:89)
    CurvePrimeParam (Crypto/ECC/Simple/Types.hs:92)
    SEC_p112r1 (Crypto/ECC/Simple/Types.hs:114)
    SEC_p112r2 (Crypto/ECC/Simple/Types.hs:115)
    SEC_p128r1 (Crypto/ECC/Simple/Types.hs:116)
    SEC_p128r2 (Crypto/ECC/Simple/Types.hs:117)
    SEC_p160k1 (Crypto/ECC/Simple/Types.hs:118)
    SEC_p160r1 (Crypto/ECC/Simple/Types.hs:119)
    SEC_p160r2 (Crypto/ECC/Simple/Types.hs:120)
    SEC_p192k1 (Crypto/ECC/Simple/Types.hs:121)
    SEC_p192r1 (Crypto/ECC/Simple/Types.hs:122)
    SEC_p224k1 (Crypto/ECC/Simple/Types.hs:123)
    SEC_p224r1 (Crypto/ECC/Simple/Types.hs:124)
    SEC_p256k1 (Crypto/ECC/Simple/Types.hs:125)
    SEC_p256r1 (Crypto/ECC/Simple/Types.hs:126)
    SEC_p384r1 (Crypto/ECC/Simple/Types.hs:127)
    SEC_p521r1 (Crypto/ECC/Simple/Types.hs:128)
    SEC_t113r1 (Crypto/ECC/Simple/Types.hs:129)
    SEC_t113r2 (Crypto/ECC/Simple/Types.hs:130)
    SEC_t131r1 (Crypto/ECC/Simple/Types.hs:131)
    SEC_t131r2 (Crypto/ECC/Simple/Types.hs:132)
    SEC_t163k1 (Crypto/ECC/Simple/Types.hs:133)
    SEC_t163r1 (Crypto/ECC/Simple/Types.hs:134)
    SEC_t163r2 (Crypto/ECC/Simple/Types.hs:135)
    SEC_t193r1 (Crypto/ECC/Simple/Types.hs:136)
    SEC_t193r2 (Crypto/ECC/Simple/Types.hs:137)
    SEC_t233k1 (Crypto/ECC/Simple/Types.hs:138)
    SEC_t233r1 (Crypto/ECC/Simple/Types.hs:139)
    SEC_t239k1 (Crypto/ECC/Simple/Types.hs:140)
    SEC_t283k1 (Crypto/ECC/Simple/Types.hs:141)
    SEC_t283r1 (Crypto/ECC/Simple/Types.hs:142)
    SEC_t409k1 (Crypto/ECC/Simple/Types.hs:143)
    SEC_t409r1 (Crypto/ECC/Simple/Types.hs:144)
    SEC_t571k1 (Crypto/ECC/Simple/Types.hs:145)
    SEC_t571r1 (Crypto/ECC/Simple/Types.hs:146)
 100% (  4 /  4) in 'Crypto.Data.Padding'
 100% (  3 /  3) in 'Crypto.Data.AFIS'
 100% (  2 /  2) in 'Crypto.Cipher.Types.Utils'
 100% (  3 /  3) in 'Crypto.Cipher.Types.GF'
  75% (  6 /  8) in 'Crypto.Cipher.Types.Base'
  Missing documentation for:
    CCM_M (Crypto/Cipher/Types/Base.hs:44)
    CCM_L (Crypto/Cipher/Types/Base.hs:45)
 100% (  2 /  2) in 'Crypto.Cipher.Types.Stream'
 100% (  9 /  9) in 'Crypto.Cipher.Types.AEAD'
 100% ( 19 / 19) in 'Crypto.Cipher.Types.Block'
  93% ( 25 / 27) in 'Crypto.Cipher.Types'
  Missing documentation for:
    CCM_M (Crypto/Cipher/Types/Base.hs:44)
    CCM_L (Crypto/Cipher/Types/Base.hs:45)
   0% (  0 /  2) in 'Crypto.Cipher.Utils'
  Missing documentation for:
    Module header
    validateKeySize (Crypto/Cipher/Utils.hs:11)
  75% (  3 /  4) in 'Crypto.ConstructHash.MiyaguchiPreneel'
  Missing documentation for:
    MiyaguchiPreneel (Crypto/ConstructHash/MiyaguchiPreneel.hs:26)
 100% (  4 /  4) in 'Crypto.MAC.CMAC'
  60% (  3 /  5) in 'Crypto.Cipher.Twofish.Primitive'
  Missing documentation for:
    Module header
    Twofish (Crypto/Cipher/Twofish/Primitive.hs:33)
   0% (  0 /  4) in 'Crypto.Cipher.Twofish'
  Missing documentation for:
    Module header
    Twofish128 (Crypto/Cipher/Twofish.hs:12)
    Twofish192 (Crypto/Cipher/Twofish.hs:24)
    Twofish256 (Crypto/Cipher/Twofish.hs:36)
 100% (  5 /  5) in 'Crypto.Cipher.Salsa'
 100% (  5 /  5) in 'Crypto.Cipher.XSalsa'
 100% (  5 /  5) in 'Crypto.Cipher.RC4'
 100% (  4 /  4) in 'Crypto.Cipher.DES.Primitive'
 100% (  5 /  5) in 'Crypto.Cipher.TripleDES'
 100% (  2 /  2) in 'Crypto.Cipher.DES'
 100% (  9 /  9) in 'Crypto.Cipher.ChaCha'
 100% ( 12 / 12) in 'Crypto.Cipher.ChaChaPoly1305'
 100% (  4 /  4) in 'Crypto.Random.ChaChaDRG'
  95% ( 20 / 21) in 'Crypto.Random'
  Missing documentation for:
    Seed (Crypto/Random.hs:43)
 100% ( 21 / 21) in 'Crypto.ECC.Edwards25519'
  92% ( 11 / 12) in 'Crypto.ECC.Simple.Prim'
  Missing documentation for:
    scalarFromInteger (Crypto/ECC/Simple/Prim.hs:36)
 100% ( 12 / 12) in 'Crypto.PubKey.Curve25519'
 100% ( 12 / 12) in 'Crypto.PubKey.Curve448'
 100% ( 29 / 29) in 'Crypto.PubKey.ECC.P256'
  25% (  3 / 12) in 'Crypto.ECC'
  Missing documentation for:
    Curve_P384R1 (Crypto/ECC.hs:152)
    Curve_P521R1 (Crypto/ECC.hs:175)
    Curve_X25519 (Crypto/ECC.hs:198)
    Curve_X448 (Crypto/ECC.hs:217)
    Curve_Edwards25519 (Crypto/ECC.hs:236)
    EllipticCurve (Crypto/ECC.hs:56)
    EllipticCurveDH (Crypto/ECC.hs:79)
    EllipticCurveArith (Crypto/ECC.hs:102)
    SharedSecret (Crypto/ECC.hs:53)
 100% ( 10 / 10) in 'Crypto.PubKey.ECC.Prim'
 100% ( 12 / 12) in 'Crypto.PubKey.ECC.ECDSA'
 100% (  3 /  3) in 'Crypto.PubKey.ECC.Generate'
 100% (  3 /  3) in 'Crypto.PubKey.ECIES'
 100% ( 17 / 17) in 'Crypto.PubKey.Ed25519'
 100% ( 17 / 17) in 'Crypto.PubKey.Ed448'
 100% (  2 /  2) in 'Crypto.Random.Probabilistic'
 100% ( 10 / 10) in 'Crypto.Number.Prime'
 100% ( 10 / 10) in 'Crypto.PubKey.DH'
 100% (  8 /  8) in 'Crypto.PubKey.ECC.DH'
 100% ( 19 / 19) in 'Crypto.PubKey.ElGamal'
 100% (  9 /  9) in 'Crypto.PubKey.RSA'
 100% (  9 /  9) in 'Crypto.PubKey.RSA.OAEP'
 100% ( 15 / 15) in 'Crypto.PubKey.RSA.PKCS15'
 100% ( 13 / 13) in 'Crypto.PubKey.RSA.PSS'
 100% (  5 /  5) in 'Crypto.Cipher.Camellia.Primitive'
 100% (  2 /  2) in 'Crypto.Cipher.Camellia'
 100% (  5 /  5) in 'Crypto.Cipher.CAST5.Primitive'
 100% (  2 /  2) in 'Crypto.Cipher.CAST5'
 100% (  2 /  2) in 'Crypto.Cipher.Blowfish.Box'
 100% (  6 /  6) in 'Crypto.Cipher.Blowfish.Primitive'
 100% (  5 /  5) in 'Crypto.KDF.BCrypt'
 100% (  6 /  6) in 'Crypto.Cipher.Blowfish'
 100% ( 30 / 30) in 'Crypto.Cipher.AES.Primitive'
 100% (  4 /  4) in 'Crypto.Cipher.AES'
Warning: Crypto.Number.ModArithmetic: could not find link destinations for:
    CoprimesAssertionError
Warning: Crypto.Hash.IO: could not find link destinations for:
    IsDivisibleBy8 IsAtLeast IsAtMost
Warning: Crypto.Hash.Algorithms: could not find link destinations for:
    IsDivisibleBy8 IsAtLeast IsAtMost hashDigestASN1
Warning: Crypto.PubKey.RSA.PKCS15: could not find link destinations for:
    hashDigestASN1
Documentation created:
dist/dist-sandbox-439155cc/doc/html/cryptonite/index.html
Creating package registration file:
/var/folders/j4/_7_rznm11hd_yhh6f33n8rbc0000gp/T/pkgConf-cryptonite-0784170963454233502.25
Installing library in
/Users/conorquinn1/Projects/ClientBindings/.cabal-sandbox/lib/x86_64-osx-ghc-8.0.2/cryptonite-0.25-2NSQ2bKK5eIFitTI7i2z5p
Registering cryptonite-0.25...
cabal: Leaving directory '/var/folders/j4/_7_rznm11hd_yhh6f33n8rbc0000gp/T/cabal-tmp-80680/cryptonite-0.25'
