cabal: Entering directory '/var/folders/j4/_7_rznm11hd_yhh6f33n8rbc0000gp/T/cabal-tmp-80684/data-default-class-0.1.2.0'
Configuring data-default-class-0.1.2.0...
Building data-default-class-0.1.2.0...
Preprocessing library data-default-class-0.1.2.0...
[1 of 1] Compiling Data.Default.Class ( Data/Default/Class.hs, dist/dist-sandbox-439155cc/build/Data/Default/Class.o )
[1 of 1] Compiling Data.Default.Class ( Data/Default/Class.hs, dist/dist-sandbox-439155cc/build/Data/Default/Class.p_o )
Running Haddock for data-default-class-0.1.2.0...
Preprocessing library data-default-class-0.1.2.0...
Haddock coverage:
  67% (  2 /  3) in 'Data.Default.Class'
  Missing documentation for:
    Module header
Warning: Data.Default.Class: could not find link destinations for:
    GDefault
Documentation created:
dist/dist-sandbox-439155cc/doc/html/data-default-class/index.html
Creating package registration file:
/var/folders/j4/_7_rznm11hd_yhh6f33n8rbc0000gp/T/pkgConf-data-default-class-0.1.21108728549685118024.0
Installing library in
/Users/conorquinn1/Projects/ClientBindings/.cabal-sandbox/lib/x86_64-osx-ghc-8.0.2/data-default-class-0.1.2.0-GsXqKN6o1X9jr0fF5qCVD
Registering data-default-class-0.1.2.0...
cabal: Leaving directory '/var/folders/j4/_7_rznm11hd_yhh6f33n8rbc0000gp/T/cabal-tmp-80684/data-default-class-0.1.2.0'
