cabal: Entering directory '/var/folders/j4/_7_rznm11hd_yhh6f33n8rbc0000gp/T/cabal-tmp-80679/distributive-0.6'
[1 of 1] Compiling Main             ( /var/folders/j4/_7_rznm11hd_yhh6f33n8rbc0000gp/T/cabal-tmp-80679/distributive-0.6/dist/dist-sandbox-439155cc/setup/setup.hs, /var/folders/j4/_7_rznm11hd_yhh6f33n8rbc0000gp/T/cabal-tmp-80679/distributive-0.6/dist/dist-sandbox-439155cc/setup/Main.o )
Linking /var/folders/j4/_7_rznm11hd_yhh6f33n8rbc0000gp/T/cabal-tmp-80679/distributive-0.6/dist/dist-sandbox-439155cc/setup/setup ...
Warning: distributive.cabal: Unknown fields: build-tool-depends (line 107)
Fields allowed in this section:
type, main-is, test-module, buildable, build-tools, build-depends,
cpp-options, cc-options, ld-options, pkgconfig-depends, frameworks,
extra-framework-dirs, c-sources, js-sources, default-language,
other-languages, default-extensions, other-extensions, extensions,
extra-libraries, extra-ghci-libraries, extra-lib-dirs, includes,
install-includes, include-dirs, hs-source-dirs, other-modules,
ghc-prof-options, ghcjs-prof-options, ghc-shared-options,
ghcjs-shared-options, ghc-options, ghcjs-options, jhc-options,
hugs-options, nhc98-options
Configuring distributive-0.6...
Building distributive-0.6...
Preprocessing library distributive-0.6...
[1 of 2] Compiling Data.Distributive ( src/Data/Distributive.hs, dist/dist-sandbox-439155cc/build/Data/Distributive.o )
[2 of 2] Compiling Data.Distributive.Generic ( src/Data/Distributive/Generic.hs, dist/dist-sandbox-439155cc/build/Data/Distributive/Generic.o )
[1 of 2] Compiling Data.Distributive ( src/Data/Distributive.hs, dist/dist-sandbox-439155cc/build/Data/Distributive.p_o )
[2 of 2] Compiling Data.Distributive.Generic ( src/Data/Distributive/Generic.hs, dist/dist-sandbox-439155cc/build/Data/Distributive/Generic.p_o )
Running Haddock for distributive-0.6...
Preprocessing library distributive-0.6...
Haddock coverage:
 100% (  4 /  4) in 'Data.Distributive'
  75% (  3 /  4) in 'Data.Distributive.Generic'
  Missing documentation for:
    GDistributive (src/Data/Distributive/Generic.hs:51)
Documentation created:
dist/dist-sandbox-439155cc/doc/html/distributive/index.html
Creating package registration file:
/var/folders/j4/_7_rznm11hd_yhh6f33n8rbc0000gp/T/pkgConf-distributive-0577163951524325968.6
Installing library in
/Users/conorquinn1/Projects/ClientBindings/.cabal-sandbox/lib/x86_64-osx-ghc-8.0.2/distributive-0.6-4b2Cnv8NOkP1oRkumo5kEk
Registering distributive-0.6...
cabal: Leaving directory '/var/folders/j4/_7_rznm11hd_yhh6f33n8rbc0000gp/T/cabal-tmp-80679/distributive-0.6'
