cabal: Entering directory '/var/folders/j4/_7_rznm11hd_yhh6f33n8rbc0000gp/T/cabal-tmp-80681/exceptions-0.10.0'
Configuring exceptions-0.10.0...
Building exceptions-0.10.0...
Preprocessing library exceptions-0.10.0...
[1 of 2] Compiling Control.Monad.Catch ( src/Control/Monad/Catch.hs, dist/dist-sandbox-439155cc/build/Control/Monad/Catch.o )
[2 of 2] Compiling Control.Monad.Catch.Pure ( src/Control/Monad/Catch/Pure.hs, dist/dist-sandbox-439155cc/build/Control/Monad/Catch/Pure.o )
[1 of 2] Compiling Control.Monad.Catch ( src/Control/Monad/Catch.hs, dist/dist-sandbox-439155cc/build/Control/Monad/Catch.p_o )
[2 of 2] Compiling Control.Monad.Catch.Pure ( src/Control/Monad/Catch/Pure.hs, dist/dist-sandbox-439155cc/build/Control/Monad/Catch/Pure.p_o )
Running Haddock for exceptions-0.10.0...
Preprocessing library exceptions-0.10.0...
Haddock coverage:
 100% ( 33 / 33) in 'Control.Monad.Catch'
  80% (  8 / 10) in 'Control.Monad.Catch.Pure'
  Missing documentation for:
    Catch (src/Control/Monad/Catch/Pure.hs:95)
    runCatch (src/Control/Monad/Catch/Pure.hs:97)
Warning: Control.Monad.Catch: could not find link destinations for:
    ~
Documentation created:
dist/dist-sandbox-439155cc/doc/html/exceptions/index.html
Creating package registration file:
/var/folders/j4/_7_rznm11hd_yhh6f33n8rbc0000gp/T/pkgConf-exceptions-0.1013418536351808266298.0
Installing library in
/Users/conorquinn1/Projects/ClientBindings/.cabal-sandbox/lib/x86_64-osx-ghc-8.0.2/exceptions-0.10.0-iKYeJpRNK0J4OCh9hHxFs
Registering exceptions-0.10.0...
cabal: Leaving directory '/var/folders/j4/_7_rznm11hd_yhh6f33n8rbc0000gp/T/cabal-tmp-80681/exceptions-0.10.0'
