cabal: Entering directory '/var/folders/j4/_7_rznm11hd_yhh6f33n8rbc0000gp/T/cabal-tmp-80683/hashable-1.2.7.0'
Configuring hashable-1.2.7.0...
Building hashable-1.2.7.0...
Preprocessing library hashable-1.2.7.0...
[1 of 4] Compiling Data.Hashable.Class ( Data/Hashable/Class.hs, dist/dist-sandbox-439155cc/build/Data/Hashable/Class.o )
[2 of 4] Compiling Data.Hashable.Generic ( Data/Hashable/Generic.hs, dist/dist-sandbox-439155cc/build/Data/Hashable/Generic.o )
[3 of 4] Compiling Data.Hashable.Lifted ( Data/Hashable/Lifted.hs, dist/dist-sandbox-439155cc/build/Data/Hashable/Lifted.o )
[4 of 4] Compiling Data.Hashable    ( Data/Hashable.hs, dist/dist-sandbox-439155cc/build/Data/Hashable.o )
[1 of 4] Compiling Data.Hashable.Class ( Data/Hashable/Class.hs, dist/dist-sandbox-439155cc/build/Data/Hashable/Class.p_o )
[2 of 4] Compiling Data.Hashable.Generic ( Data/Hashable/Generic.hs, dist/dist-sandbox-439155cc/build/Data/Hashable/Generic.p_o )
[3 of 4] Compiling Data.Hashable.Lifted ( Data/Hashable/Lifted.hs, dist/dist-sandbox-439155cc/build/Data/Hashable/Lifted.p_o )
[4 of 4] Compiling Data.Hashable    ( Data/Hashable.hs, dist/dist-sandbox-439155cc/build/Data/Hashable.p_o )
Running Haddock for hashable-1.2.7.0...
Preprocessing library hashable-1.2.7.0...
Haddock coverage:
  81% ( 22 / 27) in 'Data.Hashable.Class'
  Missing documentation for:
    Hashable1 (Data/Hashable/Class.hs:253)
    Hashable2 (Data/Hashable/Class.hs:261)
    HashArgs (Data/Hashable/Class.hs:243)
    Zero (Data/Hashable/Class.hs:240)
    One (Data/Hashable/Class.hs:241)
 100% (  1 /  1) in 'Data.Hashable.Generic'
  80% (  8 / 10) in 'Data.Hashable.Lifted'
  Missing documentation for:
    Hashable1 (Data/Hashable/Class.hs:253)
    Hashable2 (Data/Hashable/Class.hs:261)
 100% ( 28 / 28) in 'Data.Hashable'
Warning: Data.Hashable.Lifted: could not find link destinations for:
    GHashable One
Warning: Data.Hashable: could not find link destinations for:
    GHashable Zero
Documentation created: dist/dist-sandbox-439155cc/doc/html/hashable/index.html
Creating package registration file:
/var/folders/j4/_7_rznm11hd_yhh6f33n8rbc0000gp/T/pkgConf-hashable-1.2.717371952722000755539.0
Installing library in
/Users/conorquinn1/Projects/ClientBindings/.cabal-sandbox/lib/x86_64-osx-ghc-8.0.2/hashable-1.2.7.0-7w9N2DqAkHMJpkvlPTtGAP
Registering hashable-1.2.7.0...
cabal: Leaving directory '/var/folders/j4/_7_rznm11hd_yhh6f33n8rbc0000gp/T/cabal-tmp-80683/hashable-1.2.7.0'
