cabal: Entering directory '/var/folders/j4/_7_rznm11hd_yhh6f33n8rbc0000gp/T/cabal-tmp-80687/hourglass-0.2.12'
Configuring hourglass-0.2.12...
Building hourglass-0.2.12...
Preprocessing library hourglass-0.2.12...
[ 1 of 17] Compiling Data.Hourglass.Zone ( Data/Hourglass/Zone.hs, dist/dist-sandbox-439155cc/build/Data/Hourglass/Zone.o )
[ 2 of 17] Compiling Data.Hourglass.Utils ( Data/Hourglass/Utils.hs, dist/dist-sandbox-439155cc/build/Data/Hourglass/Utils.o )
[ 3 of 17] Compiling Time.Types       ( Time/Types.hs, dist/dist-sandbox-439155cc/build/Time/Types.o )
[ 4 of 17] Compiling Data.Hourglass.Types ( Data/Hourglass/Types.hs, dist/dist-sandbox-439155cc/build/Data/Hourglass/Types.o )
[ 5 of 17] Compiling Data.Hourglass.Internal.Unix ( Data/Hourglass/Internal/Unix.hs, dist/dist-sandbox-439155cc/build/Data/Hourglass/Internal/Unix.o )

Data/Hourglass/Internal/Unix.hs:24:1: warning: [-Wunused-imports]
    The import of ‘Control.Applicative’ is redundant
      except perhaps to import instances from ‘Control.Applicative’
    To import instances alone, use: import Control.Applicative()
[ 6 of 17] Compiling Data.Hourglass.Internal ( Data/Hourglass/Internal.hs, dist/dist-sandbox-439155cc/build/Data/Hourglass/Internal.o )
[ 7 of 17] Compiling Data.Hourglass.Calendar ( Data/Hourglass/Calendar.hs, dist/dist-sandbox-439155cc/build/Data/Hourglass/Calendar.o )
[ 8 of 17] Compiling Data.Hourglass.Diff ( Data/Hourglass/Diff.hs, dist/dist-sandbox-439155cc/build/Data/Hourglass/Diff.o )

Data/Hourglass/Diff.hs:23:1: warning: [-Wunused-imports]
    The import of ‘Data.Monoid’ is redundant
      except perhaps to import instances from ‘Data.Monoid’
    To import instances alone, use: import Data.Monoid()
[ 9 of 17] Compiling Data.Hourglass.Time ( Data/Hourglass/Time.hs, dist/dist-sandbox-439155cc/build/Data/Hourglass/Time.o )
[10 of 17] Compiling Data.Hourglass.Epoch ( Data/Hourglass/Epoch.hs, dist/dist-sandbox-439155cc/build/Data/Hourglass/Epoch.o )
[11 of 17] Compiling Data.Hourglass.Local ( Data/Hourglass/Local.hs, dist/dist-sandbox-439155cc/build/Data/Hourglass/Local.o )
[12 of 17] Compiling Data.Hourglass.Format ( Data/Hourglass/Format.hs, dist/dist-sandbox-439155cc/build/Data/Hourglass/Format.o )
[13 of 17] Compiling Time.System      ( Time/System.hs, dist/dist-sandbox-439155cc/build/Time/System.o )

Time/System.hs:23:1: warning: [-Wunused-imports]
    The import of ‘Control.Applicative’ is redundant
      except perhaps to import instances from ‘Control.Applicative’
    To import instances alone, use: import Control.Applicative()
[14 of 17] Compiling System.Hourglass ( System/Hourglass.hs, dist/dist-sandbox-439155cc/build/System/Hourglass.o )
[15 of 17] Compiling Data.Hourglass   ( Data/Hourglass.hs, dist/dist-sandbox-439155cc/build/Data/Hourglass.o )
[16 of 17] Compiling Time.Compat      ( Time/Compat.hs, dist/dist-sandbox-439155cc/build/Time/Compat.o )
[17 of 17] Compiling Data.Hourglass.Compat ( Data/Hourglass/Compat.hs, dist/dist-sandbox-439155cc/build/Data/Hourglass/Compat.o )
[ 1 of 17] Compiling Data.Hourglass.Zone ( Data/Hourglass/Zone.hs, dist/dist-sandbox-439155cc/build/Data/Hourglass/Zone.p_o )
[ 2 of 17] Compiling Data.Hourglass.Utils ( Data/Hourglass/Utils.hs, dist/dist-sandbox-439155cc/build/Data/Hourglass/Utils.p_o )
[ 3 of 17] Compiling Time.Types       ( Time/Types.hs, dist/dist-sandbox-439155cc/build/Time/Types.p_o )
[ 4 of 17] Compiling Data.Hourglass.Types ( Data/Hourglass/Types.hs, dist/dist-sandbox-439155cc/build/Data/Hourglass/Types.p_o )
[ 5 of 17] Compiling Data.Hourglass.Internal.Unix ( Data/Hourglass/Internal/Unix.hs, dist/dist-sandbox-439155cc/build/Data/Hourglass/Internal/Unix.p_o )

Data/Hourglass/Internal/Unix.hs:24:1: warning: [-Wunused-imports]
    The import of ‘Control.Applicative’ is redundant
      except perhaps to import instances from ‘Control.Applicative’
    To import instances alone, use: import Control.Applicative()
[ 6 of 17] Compiling Data.Hourglass.Internal ( Data/Hourglass/Internal.hs, dist/dist-sandbox-439155cc/build/Data/Hourglass/Internal.p_o )
[ 7 of 17] Compiling Data.Hourglass.Calendar ( Data/Hourglass/Calendar.hs, dist/dist-sandbox-439155cc/build/Data/Hourglass/Calendar.p_o )
[ 8 of 17] Compiling Data.Hourglass.Diff ( Data/Hourglass/Diff.hs, dist/dist-sandbox-439155cc/build/Data/Hourglass/Diff.p_o )

Data/Hourglass/Diff.hs:23:1: warning: [-Wunused-imports]
    The import of ‘Data.Monoid’ is redundant
      except perhaps to import instances from ‘Data.Monoid’
    To import instances alone, use: import Data.Monoid()
[ 9 of 17] Compiling Data.Hourglass.Time ( Data/Hourglass/Time.hs, dist/dist-sandbox-439155cc/build/Data/Hourglass/Time.p_o )
[10 of 17] Compiling Data.Hourglass.Epoch ( Data/Hourglass/Epoch.hs, dist/dist-sandbox-439155cc/build/Data/Hourglass/Epoch.p_o )
[11 of 17] Compiling Data.Hourglass.Local ( Data/Hourglass/Local.hs, dist/dist-sandbox-439155cc/build/Data/Hourglass/Local.p_o )
[12 of 17] Compiling Data.Hourglass.Format ( Data/Hourglass/Format.hs, dist/dist-sandbox-439155cc/build/Data/Hourglass/Format.p_o )
[13 of 17] Compiling Time.System      ( Time/System.hs, dist/dist-sandbox-439155cc/build/Time/System.p_o )

Time/System.hs:23:1: warning: [-Wunused-imports]
    The import of ‘Control.Applicative’ is redundant
      except perhaps to import instances from ‘Control.Applicative’
    To import instances alone, use: import Control.Applicative()
[14 of 17] Compiling System.Hourglass ( System/Hourglass.hs, dist/dist-sandbox-439155cc/build/System/Hourglass.p_o )
[15 of 17] Compiling Data.Hourglass   ( Data/Hourglass.hs, dist/dist-sandbox-439155cc/build/Data/Hourglass.p_o )
[16 of 17] Compiling Time.Compat      ( Time/Compat.hs, dist/dist-sandbox-439155cc/build/Time/Compat.p_o )
[17 of 17] Compiling Data.Hourglass.Compat ( Data/Hourglass/Compat.hs, dist/dist-sandbox-439155cc/build/Data/Hourglass/Compat.p_o )
Running Haddock for hourglass-0.2.12...
Preprocessing library hourglass-0.2.12...

Data/Hourglass/Internal/Unix.hs:24:1: warning: [-Wunused-imports]
    The import of ‘Control.Applicative’ is redundant
      except perhaps to import instances from ‘Control.Applicative’
    To import instances alone, use: import Control.Applicative()

Data/Hourglass/Diff.hs:23:1: warning: [-Wunused-imports]
    The import of ‘Data.Monoid’ is redundant
      except perhaps to import instances from ‘Data.Monoid’
    To import instances alone, use: import Data.Monoid()

Time/System.hs:23:1: warning: [-Wunused-imports]
    The import of ‘Control.Applicative’ is redundant
      except perhaps to import instances from ‘Control.Applicative’
    To import instances alone, use: import Control.Applicative()
Haddock coverage:
 100% (  4 /  4) in 'Data.Hourglass.Zone'
 100% (  4 /  4) in 'Data.Hourglass.Utils'
 100% ( 23 / 23) in 'Time.Types'
 100% (  2 /  2) in 'Data.Hourglass.Types'
 100% (  6 /  6) in 'Data.Hourglass.Internal.Unix'
 100% (  6 /  6) in 'Data.Hourglass.Internal'
 100% ( 11 / 11) in 'Data.Hourglass.Calendar'
 100% (  8 /  8) in 'Data.Hourglass.Diff'
 100% ( 21 / 21) in 'Data.Hourglass.Time'
 100% (  9 /  9) in 'Data.Hourglass.Epoch'
 100% ( 12 / 12) in 'Data.Hourglass.Local'
 100% ( 17 / 17) in 'Data.Hourglass.Format'
 100% ( 10 / 10) in 'Time.System'
 100% (  2 /  2) in 'System.Hourglass'
 100% ( 57 / 57) in 'Data.Hourglass'
 100% (  4 /  4) in 'Time.Compat'
 100% (  2 /  2) in 'Data.Hourglass.Compat'
Documentation created:
dist/dist-sandbox-439155cc/doc/html/hourglass/index.html
Creating package registration file:
/var/folders/j4/_7_rznm11hd_yhh6f33n8rbc0000gp/T/pkgConf-hourglass-0.21137623865997389814.12
Installing library in
/Users/conorquinn1/Projects/ClientBindings/.cabal-sandbox/lib/x86_64-osx-ghc-8.0.2/hourglass-0.2.12-2WIZY52Bp1DKMd3PblYFxS
Registering hourglass-0.2.12...
cabal: Leaving directory '/var/folders/j4/_7_rznm11hd_yhh6f33n8rbc0000gp/T/cabal-tmp-80687/hourglass-0.2.12'
