cabal: Entering directory '/var/folders/j4/_7_rznm11hd_yhh6f33n8rbc0000gp/T/cabal-tmp-80676/http-media-0.7.1.3'
Configuring http-media-0.7.1.3...
Building http-media-0.7.1.3...
Preprocessing library http-media-0.7.1.3...
[1 of 9] Compiling Network.HTTP.Media.Utils ( src/Network/HTTP/Media/Utils.hs, dist/dist-sandbox-439155cc/build/Network/HTTP/Media/Utils.o )
[2 of 9] Compiling Network.HTTP.Media.RenderHeader ( src/Network/HTTP/Media/RenderHeader.hs, dist/dist-sandbox-439155cc/build/Network/HTTP/Media/RenderHeader.o )
[3 of 9] Compiling Network.HTTP.Media.Quality ( src/Network/HTTP/Media/Quality.hs, dist/dist-sandbox-439155cc/build/Network/HTTP/Media/Quality.o )
[4 of 9] Compiling Network.HTTP.Media.Accept ( src/Network/HTTP/Media/Accept.hs, dist/dist-sandbox-439155cc/build/Network/HTTP/Media/Accept.o )
[5 of 9] Compiling Network.HTTP.Media.Language.Internal ( src/Network/HTTP/Media/Language/Internal.hs, dist/dist-sandbox-439155cc/build/Network/HTTP/Media/Language/Internal.o )
[6 of 9] Compiling Network.HTTP.Media.Language ( src/Network/HTTP/Media/Language.hs, dist/dist-sandbox-439155cc/build/Network/HTTP/Media/Language.o )
[7 of 9] Compiling Network.HTTP.Media.MediaType.Internal ( src/Network/HTTP/Media/MediaType/Internal.hs, dist/dist-sandbox-439155cc/build/Network/HTTP/Media/MediaType/Internal.o )
[8 of 9] Compiling Network.HTTP.Media.MediaType ( src/Network/HTTP/Media/MediaType.hs, dist/dist-sandbox-439155cc/build/Network/HTTP/Media/MediaType.o )
[9 of 9] Compiling Network.HTTP.Media ( src/Network/HTTP/Media.hs, dist/dist-sandbox-439155cc/build/Network/HTTP/Media.o )
[1 of 9] Compiling Network.HTTP.Media.Utils ( src/Network/HTTP/Media/Utils.hs, dist/dist-sandbox-439155cc/build/Network/HTTP/Media/Utils.p_o )
[2 of 9] Compiling Network.HTTP.Media.RenderHeader ( src/Network/HTTP/Media/RenderHeader.hs, dist/dist-sandbox-439155cc/build/Network/HTTP/Media/RenderHeader.p_o )
[3 of 9] Compiling Network.HTTP.Media.Quality ( src/Network/HTTP/Media/Quality.hs, dist/dist-sandbox-439155cc/build/Network/HTTP/Media/Quality.p_o )
[4 of 9] Compiling Network.HTTP.Media.Accept ( src/Network/HTTP/Media/Accept.hs, dist/dist-sandbox-439155cc/build/Network/HTTP/Media/Accept.p_o )
[5 of 9] Compiling Network.HTTP.Media.Language.Internal ( src/Network/HTTP/Media/Language/Internal.hs, dist/dist-sandbox-439155cc/build/Network/HTTP/Media/Language/Internal.p_o )
[6 of 9] Compiling Network.HTTP.Media.Language ( src/Network/HTTP/Media/Language.hs, dist/dist-sandbox-439155cc/build/Network/HTTP/Media/Language.p_o )
[7 of 9] Compiling Network.HTTP.Media.MediaType.Internal ( src/Network/HTTP/Media/MediaType/Internal.hs, dist/dist-sandbox-439155cc/build/Network/HTTP/Media/MediaType/Internal.p_o )
[8 of 9] Compiling Network.HTTP.Media.MediaType ( src/Network/HTTP/Media/MediaType.hs, dist/dist-sandbox-439155cc/build/Network/HTTP/Media/MediaType.p_o )
[9 of 9] Compiling Network.HTTP.Media ( src/Network/HTTP/Media.hs, dist/dist-sandbox-439155cc/build/Network/HTTP/Media.p_o )
Running Haddock for http-media-0.7.1.3...
Preprocessing library http-media-0.7.1.3...
Haddock coverage:
 100% (  5 /  5) in 'Network.HTTP.Media.Utils'
 100% (  2 /  2) in 'Network.HTTP.Media.RenderHeader'
 100% (  7 /  7) in 'Network.HTTP.Media.Quality'
 100% (  3 /  3) in 'Network.HTTP.Media.Accept'
 100% (  2 /  2) in 'Network.HTTP.Media.Language.Internal'
 100% (  3 /  3) in 'Network.HTTP.Media.Language'
 100% (  3 /  3) in 'Network.HTTP.Media.MediaType.Internal'
 100% ( 12 / 12) in 'Network.HTTP.Media.MediaType'
 100% ( 36 / 36) in 'Network.HTTP.Media'
Documentation created:
dist/dist-sandbox-439155cc/doc/html/http-media/index.html
Creating package registration file:
/var/folders/j4/_7_rznm11hd_yhh6f33n8rbc0000gp/T/pkgConf-http-media-0.7.1994977995140002776.3
Installing library in
/Users/conorquinn1/Projects/ClientBindings/.cabal-sandbox/lib/x86_64-osx-ghc-8.0.2/http-media-0.7.1.3-Co4Dj6bOWtqEp2u94w3UKQ
Registering http-media-0.7.1.3...
cabal: Leaving directory '/var/folders/j4/_7_rznm11hd_yhh6f33n8rbc0000gp/T/cabal-tmp-80676/http-media-0.7.1.3'
