cabal: Entering directory '/var/folders/j4/_7_rznm11hd_yhh6f33n8rbc0000gp/T/cabal-tmp-80676/http-api-data-0.3.10'
[1 of 1] Compiling Main             ( /var/folders/j4/_7_rznm11hd_yhh6f33n8rbc0000gp/T/cabal-tmp-80676/http-api-data-0.3.10/dist/dist-sandbox-439155cc/setup/setup.hs, /var/folders/j4/_7_rznm11hd_yhh6f33n8rbc0000gp/T/cabal-tmp-80676/http-api-data-0.3.10/dist/dist-sandbox-439155cc/setup/Main.o )
Linking /var/folders/j4/_7_rznm11hd_yhh6f33n8rbc0000gp/T/cabal-tmp-80676/http-api-data-0.3.10/dist/dist-sandbox-439155cc/setup/setup ...
Warning: http-api-data.cabal: Unknown fields: build-tool-depends (line 91)
Fields allowed in this section:
type, main-is, test-module, buildable, build-tools, build-depends,
cpp-options, cc-options, ld-options, pkgconfig-depends, frameworks,
extra-framework-dirs, c-sources, js-sources, default-language,
other-languages, default-extensions, other-extensions, extensions,
extra-libraries, extra-ghci-libraries, extra-lib-dirs, includes,
install-includes, include-dirs, hs-source-dirs, other-modules,
ghc-prof-options, ghcjs-prof-options, ghc-shared-options,
ghcjs-shared-options, ghc-options, ghcjs-options, jhc-options,
hugs-options, nhc98-options
Configuring http-api-data-0.3.10...
Building http-api-data-0.3.10...
Preprocessing library http-api-data-0.3.10...
[1 of 4] Compiling Web.Internal.HttpApiData ( src/Web/Internal/HttpApiData.hs, dist/dist-sandbox-439155cc/build/Web/Internal/HttpApiData.o )
[2 of 4] Compiling Web.Internal.FormUrlEncoded ( src/Web/Internal/FormUrlEncoded.hs, dist/dist-sandbox-439155cc/build/Web/Internal/FormUrlEncoded.o )
[3 of 4] Compiling Web.HttpApiData  ( src/Web/HttpApiData.hs, dist/dist-sandbox-439155cc/build/Web/HttpApiData.o )
[4 of 4] Compiling Web.FormUrlEncoded ( src/Web/FormUrlEncoded.hs, dist/dist-sandbox-439155cc/build/Web/FormUrlEncoded.o )
[1 of 4] Compiling Web.Internal.HttpApiData ( src/Web/Internal/HttpApiData.hs, dist/dist-sandbox-439155cc/build/Web/Internal/HttpApiData.p_o )
[2 of 4] Compiling Web.Internal.FormUrlEncoded ( src/Web/Internal/FormUrlEncoded.hs, dist/dist-sandbox-439155cc/build/Web/Internal/FormUrlEncoded.p_o )
[3 of 4] Compiling Web.HttpApiData  ( src/Web/HttpApiData.hs, dist/dist-sandbox-439155cc/build/Web/HttpApiData.p_o )
[4 of 4] Compiling Web.FormUrlEncoded ( src/Web/FormUrlEncoded.hs, dist/dist-sandbox-439155cc/build/Web/FormUrlEncoded.p_o )
Running Haddock for http-api-data-0.3.10...
Preprocessing library http-api-data-0.3.10...
Haddock coverage:
  44% ( 51 /115) in 'Web.Internal.HttpApiData'
  Missing documentation for:
     (src/Web/Internal/HttpApiData.hs:425)
     (src/Web/Internal/HttpApiData.hs:436)
     (src/Web/Internal/HttpApiData.hs:437)
     (src/Web/Internal/HttpApiData.hs:440)
     (src/Web/Internal/HttpApiData.hs:441)
     (src/Web/Internal/HttpApiData.hs:443)
     (src/Web/Internal/HttpApiData.hs:444)
     (src/Web/Internal/HttpApiData.hs:445)
     (src/Web/Internal/HttpApiData.hs:446)
     (src/Web/Internal/HttpApiData.hs:447)
     (src/Web/Internal/HttpApiData.hs:448)
     (src/Web/Internal/HttpApiData.hs:449)
     (src/Web/Internal/HttpApiData.hs:450)
     (src/Web/Internal/HttpApiData.hs:451)
     (src/Web/Internal/HttpApiData.hs:452)
     (src/Web/Internal/HttpApiData.hs:453)
     (src/Web/Internal/HttpApiData.hs:454)
     (src/Web/Internal/HttpApiData.hs:455)
     (src/Web/Internal/HttpApiData.hs:457)
    timeToUrlPiece (src/Web/Internal/HttpApiData.hs:466)
     (src/Web/Internal/HttpApiData.hs:497)
     (src/Web/Internal/HttpApiData.hs:501)
     (src/Web/Internal/HttpApiData.hs:502)
     (src/Web/Internal/HttpApiData.hs:503)
     (src/Web/Internal/HttpApiData.hs:505)
     (src/Web/Internal/HttpApiData.hs:506)
     (src/Web/Internal/HttpApiData.hs:508)
     (src/Web/Internal/HttpApiData.hs:512)
     (src/Web/Internal/HttpApiData.hs:516)
     (src/Web/Internal/HttpApiData.hs:520)
     (src/Web/Internal/HttpApiData.hs:524)
     (src/Web/Internal/HttpApiData.hs:565)
     (src/Web/Internal/HttpApiData.hs:585)
     (src/Web/Internal/HttpApiData.hs:593)
     (src/Web/Internal/HttpApiData.hs:594)
     (src/Web/Internal/HttpApiData.hs:595)
     (src/Web/Internal/HttpApiData.hs:596)
     (src/Web/Internal/HttpApiData.hs:597)
     (src/Web/Internal/HttpApiData.hs:598)
     (src/Web/Internal/HttpApiData.hs:599)
     (src/Web/Internal/HttpApiData.hs:600)
     (src/Web/Internal/HttpApiData.hs:601)
     (src/Web/Internal/HttpApiData.hs:602)
     (src/Web/Internal/HttpApiData.hs:603)
     (src/Web/Internal/HttpApiData.hs:604)
     (src/Web/Internal/HttpApiData.hs:605)
     (src/Web/Internal/HttpApiData.hs:606)
     (src/Web/Internal/HttpApiData.hs:607)
     (src/Web/Internal/HttpApiData.hs:608)
     (src/Web/Internal/HttpApiData.hs:609)
     (src/Web/Internal/HttpApiData.hs:610)
     (src/Web/Internal/HttpApiData.hs:612)
     (src/Web/Internal/HttpApiData.hs:643)
     (src/Web/Internal/HttpApiData.hs:645)
     (src/Web/Internal/HttpApiData.hs:646)
     (src/Web/Internal/HttpApiData.hs:648)
     (src/Web/Internal/HttpApiData.hs:649)
     (src/Web/Internal/HttpApiData.hs:650)
     (src/Web/Internal/HttpApiData.hs:651)
     (src/Web/Internal/HttpApiData.hs:652)
     (src/Web/Internal/HttpApiData.hs:674)
     (src/Web/Internal/HttpApiData.hs:679)
     (src/Web/Internal/HttpApiData.hs:690)
    runAtto (src/Web/Internal/HttpApiData.hs:707)
  24% ( 30 /126) in 'Web.Internal.FormUrlEncoded'
  Missing documentation for:
    Module header
     (src/Web/Internal/FormUrlEncoded.hs:94)
     (src/Web/Internal/FormUrlEncoded.hs:95)
     (src/Web/Internal/FormUrlEncoded.hs:97)
     (src/Web/Internal/FormUrlEncoded.hs:98)
     (src/Web/Internal/FormUrlEncoded.hs:100)
     (src/Web/Internal/FormUrlEncoded.hs:101)
     (src/Web/Internal/FormUrlEncoded.hs:102)
     (src/Web/Internal/FormUrlEncoded.hs:103)
     (src/Web/Internal/FormUrlEncoded.hs:104)
     (src/Web/Internal/FormUrlEncoded.hs:105)
     (src/Web/Internal/FormUrlEncoded.hs:106)
     (src/Web/Internal/FormUrlEncoded.hs:107)
     (src/Web/Internal/FormUrlEncoded.hs:108)
     (src/Web/Internal/FormUrlEncoded.hs:109)
     (src/Web/Internal/FormUrlEncoded.hs:110)
     (src/Web/Internal/FormUrlEncoded.hs:111)
     (src/Web/Internal/FormUrlEncoded.hs:112)
     (src/Web/Internal/FormUrlEncoded.hs:114)
     (src/Web/Internal/FormUrlEncoded.hs:115)
     (src/Web/Internal/FormUrlEncoded.hs:116)
     (src/Web/Internal/FormUrlEncoded.hs:117)
     (src/Web/Internal/FormUrlEncoded.hs:118)
     (src/Web/Internal/FormUrlEncoded.hs:120)
     (src/Web/Internal/FormUrlEncoded.hs:121)
     (src/Web/Internal/FormUrlEncoded.hs:122)
     (src/Web/Internal/FormUrlEncoded.hs:124)
     (src/Web/Internal/FormUrlEncoded.hs:125)
     (src/Web/Internal/FormUrlEncoded.hs:127)
     (src/Web/Internal/FormUrlEncoded.hs:128)
     (src/Web/Internal/FormUrlEncoded.hs:129)
     (src/Web/Internal/FormUrlEncoded.hs:132)
     (src/Web/Internal/FormUrlEncoded.hs:133)
     (src/Web/Internal/FormUrlEncoded.hs:141)
     (src/Web/Internal/FormUrlEncoded.hs:142)
     (src/Web/Internal/FormUrlEncoded.hs:144)
     (src/Web/Internal/FormUrlEncoded.hs:145)
     (src/Web/Internal/FormUrlEncoded.hs:147)
     (src/Web/Internal/FormUrlEncoded.hs:148)
     (src/Web/Internal/FormUrlEncoded.hs:149)
     (src/Web/Internal/FormUrlEncoded.hs:150)
     (src/Web/Internal/FormUrlEncoded.hs:151)
     (src/Web/Internal/FormUrlEncoded.hs:152)
     (src/Web/Internal/FormUrlEncoded.hs:153)
     (src/Web/Internal/FormUrlEncoded.hs:154)
     (src/Web/Internal/FormUrlEncoded.hs:155)
     (src/Web/Internal/FormUrlEncoded.hs:156)
     (src/Web/Internal/FormUrlEncoded.hs:157)
     (src/Web/Internal/FormUrlEncoded.hs:158)
     (src/Web/Internal/FormUrlEncoded.hs:159)
     (src/Web/Internal/FormUrlEncoded.hs:161)
     (src/Web/Internal/FormUrlEncoded.hs:162)
     (src/Web/Internal/FormUrlEncoded.hs:163)
     (src/Web/Internal/FormUrlEncoded.hs:164)
     (src/Web/Internal/FormUrlEncoded.hs:165)
     (src/Web/Internal/FormUrlEncoded.hs:167)
     (src/Web/Internal/FormUrlEncoded.hs:168)
     (src/Web/Internal/FormUrlEncoded.hs:169)
     (src/Web/Internal/FormUrlEncoded.hs:171)
     (src/Web/Internal/FormUrlEncoded.hs:172)
     (src/Web/Internal/FormUrlEncoded.hs:174)
     (src/Web/Internal/FormUrlEncoded.hs:175)
     (src/Web/Internal/FormUrlEncoded.hs:176)
     (src/Web/Internal/FormUrlEncoded.hs:179)
     (src/Web/Internal/FormUrlEncoded.hs:180)
     (src/Web/Internal/FormUrlEncoded.hs:189)
     (src/Web/Internal/FormUrlEncoded.hs:246)
     (src/Web/Internal/FormUrlEncoded.hs:248)
     (src/Web/Internal/FormUrlEncoded.hs:251)
     (src/Web/Internal/FormUrlEncoded.hs:254)
     (src/Web/Internal/FormUrlEncoded.hs:257)
    Proxy3 (src/Web/Internal/FormUrlEncoded.hs:267)
    NotSupported (src/Web/Internal/FormUrlEncoded.hs:269)
    GToForm (src/Web/Internal/FormUrlEncoded.hs:319)
     (src/Web/Internal/FormUrlEncoded.hs:322)
     (src/Web/Internal/FormUrlEncoded.hs:325)
     (src/Web/Internal/FormUrlEncoded.hs:328)
     (src/Web/Internal/FormUrlEncoded.hs:331)
     (src/Web/Internal/FormUrlEncoded.hs:336)
     (src/Web/Internal/FormUrlEncoded.hs:344)
     (src/Web/Internal/FormUrlEncoded.hs:349)
     (src/Web/Internal/FormUrlEncoded.hs:354)
     (src/Web/Internal/FormUrlEncoded.hs:397)
     (src/Web/Internal/FormUrlEncoded.hs:403)
     (src/Web/Internal/FormUrlEncoded.hs:406)
     (src/Web/Internal/FormUrlEncoded.hs:409)
    GFromForm (src/Web/Internal/FormUrlEncoded.hs:467)
     (src/Web/Internal/FormUrlEncoded.hs:470)
     (src/Web/Internal/FormUrlEncoded.hs:473)
     (src/Web/Internal/FormUrlEncoded.hs:476)
     (src/Web/Internal/FormUrlEncoded.hs:479)
     (src/Web/Internal/FormUrlEncoded.hs:484)
     (src/Web/Internal/FormUrlEncoded.hs:489)
     (src/Web/Internal/FormUrlEncoded.hs:494)
     (src/Web/Internal/FormUrlEncoded.hs:499)
    sortOn (src/Web/Internal/FormUrlEncoded.hs:766)
 100% ( 32 / 32) in 'Web.HttpApiData'
 100% ( 35 / 35) in 'Web.FormUrlEncoded'
Documentation created:
dist/dist-sandbox-439155cc/doc/html/http-api-data/index.html
Creating package registration file:
/var/folders/j4/_7_rznm11hd_yhh6f33n8rbc0000gp/T/pkgConf-http-api-data-0.341654197624301412.10
Installing library in
/Users/conorquinn1/Projects/ClientBindings/.cabal-sandbox/lib/x86_64-osx-ghc-8.0.2/http-api-data-0.3.10-HC66IApqCiaFqjZLdZdQIH
Registering http-api-data-0.3.10...
cabal: Leaving directory '/var/folders/j4/_7_rznm11hd_yhh6f33n8rbc0000gp/T/cabal-tmp-80676/http-api-data-0.3.10'
