cabal: Entering directory '/var/folders/j4/_7_rznm11hd_yhh6f33n8rbc0000gp/T/cabal-tmp-80680/memory-0.14.18'
Configuring memory-0.14.18...
Building memory-0.14.18...
Preprocessing library memory-0.14.18...
[ 1 of 29] Compiling Data.Memory.MemMap.Posix ( dist/dist-sandbox-439155cc/build/Data/Memory/MemMap/Posix.hs, dist/dist-sandbox-439155cc/build/Data/Memory/MemMap/Posix.o )
[ 2 of 29] Compiling Data.Memory.Internal.DeepSeq ( Data/Memory/Internal/DeepSeq.hs, dist/dist-sandbox-439155cc/build/Data/Memory/Internal/DeepSeq.o )
[ 3 of 29] Compiling Data.Memory.Internal.Imports ( Data/Memory/Internal/Imports.hs, dist/dist-sandbox-439155cc/build/Data/Memory/Internal/Imports.o )
[ 4 of 29] Compiling Data.Memory.PtrMethods ( Data/Memory/PtrMethods.hs, dist/dist-sandbox-439155cc/build/Data/Memory/PtrMethods.o )
[ 5 of 29] Compiling Data.Memory.Internal.CompatPrim64 ( Data/Memory/Internal/CompatPrim64.hs, dist/dist-sandbox-439155cc/build/Data/Memory/Internal/CompatPrim64.o )
[ 6 of 29] Compiling Data.Memory.Internal.CompatPrim ( Data/Memory/Internal/CompatPrim.hs, dist/dist-sandbox-439155cc/build/Data/Memory/Internal/CompatPrim.o )
[ 7 of 29] Compiling Data.Memory.Internal.Scrubber ( Data/Memory/Internal/Scrubber.hs, dist/dist-sandbox-439155cc/build/Data/Memory/Internal/Scrubber.o )
[ 8 of 29] Compiling Data.Memory.Internal.Compat ( Data/Memory/Internal/Compat.hs, dist/dist-sandbox-439155cc/build/Data/Memory/Internal/Compat.o )
[ 9 of 29] Compiling Data.Memory.Hash.FNV ( Data/Memory/Hash/FNV.hs, dist/dist-sandbox-439155cc/build/Data/Memory/Hash/FNV.o )
[10 of 29] Compiling Data.Memory.ExtendedWords ( Data/Memory/ExtendedWords.hs, dist/dist-sandbox-439155cc/build/Data/Memory/ExtendedWords.o )
[11 of 29] Compiling Data.Memory.Endian ( Data/Memory/Endian.hs, dist/dist-sandbox-439155cc/build/Data/Memory/Endian.o )
[12 of 29] Compiling Data.Memory.Hash.SipHash ( Data/Memory/Hash/SipHash.hs, dist/dist-sandbox-439155cc/build/Data/Memory/Hash/SipHash.o )
[13 of 29] Compiling Data.Memory.Encoding.Base64 ( Data/Memory/Encoding/Base64.hs, dist/dist-sandbox-439155cc/build/Data/Memory/Encoding/Base64.o )
[14 of 29] Compiling Data.Memory.Encoding.Base32 ( Data/Memory/Encoding/Base32.hs, dist/dist-sandbox-439155cc/build/Data/Memory/Encoding/Base32.o )
[15 of 29] Compiling Data.Memory.Encoding.Base16 ( Data/Memory/Encoding/Base16.hs, dist/dist-sandbox-439155cc/build/Data/Memory/Encoding/Base16.o )
[16 of 29] Compiling Data.ByteArray.Types ( Data/ByteArray/Types.hs, dist/dist-sandbox-439155cc/build/Data/ByteArray/Types.o )
[17 of 29] Compiling Data.ByteArray.Sized ( Data/ByteArray/Sized.hs, dist/dist-sandbox-439155cc/build/Data/ByteArray/Sized.o )
[18 of 29] Compiling Data.ByteArray.ScrubbedBytes ( Data/ByteArray/ScrubbedBytes.hs, dist/dist-sandbox-439155cc/build/Data/ByteArray/ScrubbedBytes.o )
[19 of 29] Compiling Data.ByteArray.Methods ( Data/ByteArray/Methods.hs, dist/dist-sandbox-439155cc/build/Data/ByteArray/Methods.o )
[20 of 29] Compiling Data.ByteArray.Parse ( Data/ByteArray/Parse.hs, dist/dist-sandbox-439155cc/build/Data/ByteArray/Parse.o )
[21 of 29] Compiling Data.ByteArray.View ( Data/ByteArray/View.hs, dist/dist-sandbox-439155cc/build/Data/ByteArray/View.o )
[22 of 29] Compiling Data.ByteArray.MemView ( Data/ByteArray/MemView.hs, dist/dist-sandbox-439155cc/build/Data/ByteArray/MemView.o )
[23 of 29] Compiling Data.ByteArray.Pack.Internal ( Data/ByteArray/Pack/Internal.hs, dist/dist-sandbox-439155cc/build/Data/ByteArray/Pack/Internal.o )

Data/ByteArray/Pack/Internal.hs:20:1: warning: [-Wunused-imports]
    The import of ‘Data.Memory.Internal.Imports’ is redundant
      except perhaps to import instances from ‘Data.Memory.Internal.Imports’
    To import instances alone, use: import Data.Memory.Internal.Imports()
[24 of 29] Compiling Data.ByteArray.Mapping ( Data/ByteArray/Mapping.hs, dist/dist-sandbox-439155cc/build/Data/ByteArray/Mapping.o )
[25 of 29] Compiling Data.ByteArray.Hash ( Data/ByteArray/Hash.hs, dist/dist-sandbox-439155cc/build/Data/ByteArray/Hash.o )
[26 of 29] Compiling Data.ByteArray.Encoding ( Data/ByteArray/Encoding.hs, dist/dist-sandbox-439155cc/build/Data/ByteArray/Encoding.o )
[27 of 29] Compiling Data.ByteArray.Bytes ( Data/ByteArray/Bytes.hs, dist/dist-sandbox-439155cc/build/Data/ByteArray/Bytes.o )
[28 of 29] Compiling Data.ByteArray   ( Data/ByteArray.hs, dist/dist-sandbox-439155cc/build/Data/ByteArray.o )
[29 of 29] Compiling Data.ByteArray.Pack ( Data/ByteArray/Pack.hs, dist/dist-sandbox-439155cc/build/Data/ByteArray/Pack.o )
[ 1 of 29] Compiling Data.Memory.MemMap.Posix ( dist/dist-sandbox-439155cc/build/Data/Memory/MemMap/Posix.hs, dist/dist-sandbox-439155cc/build/Data/Memory/MemMap/Posix.p_o )
[ 2 of 29] Compiling Data.Memory.Internal.DeepSeq ( Data/Memory/Internal/DeepSeq.hs, dist/dist-sandbox-439155cc/build/Data/Memory/Internal/DeepSeq.p_o )
[ 3 of 29] Compiling Data.Memory.Internal.Imports ( Data/Memory/Internal/Imports.hs, dist/dist-sandbox-439155cc/build/Data/Memory/Internal/Imports.p_o )
[ 4 of 29] Compiling Data.Memory.PtrMethods ( Data/Memory/PtrMethods.hs, dist/dist-sandbox-439155cc/build/Data/Memory/PtrMethods.p_o )
[ 5 of 29] Compiling Data.Memory.Internal.CompatPrim64 ( Data/Memory/Internal/CompatPrim64.hs, dist/dist-sandbox-439155cc/build/Data/Memory/Internal/CompatPrim64.p_o )
[ 6 of 29] Compiling Data.Memory.Internal.CompatPrim ( Data/Memory/Internal/CompatPrim.hs, dist/dist-sandbox-439155cc/build/Data/Memory/Internal/CompatPrim.p_o )
[ 7 of 29] Compiling Data.Memory.Internal.Scrubber ( Data/Memory/Internal/Scrubber.hs, dist/dist-sandbox-439155cc/build/Data/Memory/Internal/Scrubber.p_o )
[ 8 of 29] Compiling Data.Memory.Internal.Compat ( Data/Memory/Internal/Compat.hs, dist/dist-sandbox-439155cc/build/Data/Memory/Internal/Compat.p_o )
[ 9 of 29] Compiling Data.Memory.Hash.FNV ( Data/Memory/Hash/FNV.hs, dist/dist-sandbox-439155cc/build/Data/Memory/Hash/FNV.p_o )
[10 of 29] Compiling Data.Memory.ExtendedWords ( Data/Memory/ExtendedWords.hs, dist/dist-sandbox-439155cc/build/Data/Memory/ExtendedWords.p_o )
[11 of 29] Compiling Data.Memory.Endian ( Data/Memory/Endian.hs, dist/dist-sandbox-439155cc/build/Data/Memory/Endian.p_o )
[12 of 29] Compiling Data.Memory.Hash.SipHash ( Data/Memory/Hash/SipHash.hs, dist/dist-sandbox-439155cc/build/Data/Memory/Hash/SipHash.p_o )
[13 of 29] Compiling Data.Memory.Encoding.Base64 ( Data/Memory/Encoding/Base64.hs, dist/dist-sandbox-439155cc/build/Data/Memory/Encoding/Base64.p_o )
[14 of 29] Compiling Data.Memory.Encoding.Base32 ( Data/Memory/Encoding/Base32.hs, dist/dist-sandbox-439155cc/build/Data/Memory/Encoding/Base32.p_o )
[15 of 29] Compiling Data.Memory.Encoding.Base16 ( Data/Memory/Encoding/Base16.hs, dist/dist-sandbox-439155cc/build/Data/Memory/Encoding/Base16.p_o )
[16 of 29] Compiling Data.ByteArray.Types ( Data/ByteArray/Types.hs, dist/dist-sandbox-439155cc/build/Data/ByteArray/Types.p_o )
[17 of 29] Compiling Data.ByteArray.Sized ( Data/ByteArray/Sized.hs, dist/dist-sandbox-439155cc/build/Data/ByteArray/Sized.p_o )
[18 of 29] Compiling Data.ByteArray.ScrubbedBytes ( Data/ByteArray/ScrubbedBytes.hs, dist/dist-sandbox-439155cc/build/Data/ByteArray/ScrubbedBytes.p_o )
[19 of 29] Compiling Data.ByteArray.Methods ( Data/ByteArray/Methods.hs, dist/dist-sandbox-439155cc/build/Data/ByteArray/Methods.p_o )
[20 of 29] Compiling Data.ByteArray.Parse ( Data/ByteArray/Parse.hs, dist/dist-sandbox-439155cc/build/Data/ByteArray/Parse.p_o )
[21 of 29] Compiling Data.ByteArray.View ( Data/ByteArray/View.hs, dist/dist-sandbox-439155cc/build/Data/ByteArray/View.p_o )
[22 of 29] Compiling Data.ByteArray.MemView ( Data/ByteArray/MemView.hs, dist/dist-sandbox-439155cc/build/Data/ByteArray/MemView.p_o )
[23 of 29] Compiling Data.ByteArray.Pack.Internal ( Data/ByteArray/Pack/Internal.hs, dist/dist-sandbox-439155cc/build/Data/ByteArray/Pack/Internal.p_o )

Data/ByteArray/Pack/Internal.hs:20:1: warning: [-Wunused-imports]
    The import of ‘Data.Memory.Internal.Imports’ is redundant
      except perhaps to import instances from ‘Data.Memory.Internal.Imports’
    To import instances alone, use: import Data.Memory.Internal.Imports()
[24 of 29] Compiling Data.ByteArray.Mapping ( Data/ByteArray/Mapping.hs, dist/dist-sandbox-439155cc/build/Data/ByteArray/Mapping.p_o )
[25 of 29] Compiling Data.ByteArray.Hash ( Data/ByteArray/Hash.hs, dist/dist-sandbox-439155cc/build/Data/ByteArray/Hash.p_o )
[26 of 29] Compiling Data.ByteArray.Encoding ( Data/ByteArray/Encoding.hs, dist/dist-sandbox-439155cc/build/Data/ByteArray/Encoding.p_o )
[27 of 29] Compiling Data.ByteArray.Bytes ( Data/ByteArray/Bytes.hs, dist/dist-sandbox-439155cc/build/Data/ByteArray/Bytes.p_o )
[28 of 29] Compiling Data.ByteArray   ( Data/ByteArray.hs, dist/dist-sandbox-439155cc/build/Data/ByteArray.p_o )
[29 of 29] Compiling Data.ByteArray.Pack ( Data/ByteArray/Pack.hs, dist/dist-sandbox-439155cc/build/Data/ByteArray/Pack.p_o )
Running Haddock for memory-0.14.18...
Preprocessing library memory-0.14.18...

Data/ByteArray/Pack/Internal.hs:20:1: warning: [-Wunused-imports]
    The import of ‘Data.Memory.Internal.Imports’ is redundant
      except perhaps to import instances from ‘Data.Memory.Internal.Imports’
    To import instances alone, use: import Data.Memory.Internal.Imports()
Haddock coverage:
 100% ( 15 / 15) in 'Data.Memory.MemMap.Posix'
 100% (  2 /  2) in 'Data.Memory.Internal.DeepSeq'
Warning: Data.Memory.Internal.Imports: Could not find documentation for exported module: X
 100% (  1 /  1) in 'Data.Memory.Internal.Imports'
 100% ( 10 / 10) in 'Data.Memory.PtrMethods'
   3% (  1 / 31) in 'Data.Memory.Internal.CompatPrim64'
  Missing documentation for:
    Word64# (Data/Memory/Internal/CompatPrim64.hs:63)
    Int64# (Data/Memory/Internal/CompatPrim64.hs:64)
    eqInt64# (Data/Memory/Internal/CompatPrim64.hs:84)
    neInt64# (Data/Memory/Internal/CompatPrim64.hs:87)
    ltInt64# (Data/Memory/Internal/CompatPrim64.hs:90)
    leInt64# (Data/Memory/Internal/CompatPrim64.hs:93)
    gtInt64# (Data/Memory/Internal/CompatPrim64.hs:96)
    geInt64# (Data/Memory/Internal/CompatPrim64.hs:99)
    quotInt64# (Data/Memory/Internal/CompatPrim64.hs:102)
    remInt64# (Data/Memory/Internal/CompatPrim64.hs:105)
    eqWord64# (Data/Memory/Internal/CompatPrim64.hs:66)
    neWord64# (Data/Memory/Internal/CompatPrim64.hs:69)
    ltWord64# (Data/Memory/Internal/CompatPrim64.hs:72)
    leWord64# (Data/Memory/Internal/CompatPrim64.hs:75)
    gtWord64# (Data/Memory/Internal/CompatPrim64.hs:78)
    geWord64# (Data/Memory/Internal/CompatPrim64.hs:81)
    and64# (Data/Memory/Internal/CompatPrim64.hs:108)
    or64# (Data/Memory/Internal/CompatPrim64.hs:111)
    xor64# (Data/Memory/Internal/CompatPrim64.hs:114)
    not64# (Data/Memory/Internal/CompatPrim64.hs:117)
    timesWord64# (Data/Memory/Internal/CompatPrim64.hs:144)
    uncheckedShiftL64# (Data/Memory/Internal/CompatPrim64.hs:120)
    uncheckedShiftRL64# (Data/Memory/Internal/CompatPrim64.hs:123)
    int64ToWord64# (Data/Memory/Internal/CompatPrim64.hs:126)
    word64ToInt64# (Data/Memory/Internal/CompatPrim64.hs:129)
    intToInt64# (Data/Memory/Internal/CompatPrim64.hs:132)
    int64ToInt# (Data/Memory/Internal/CompatPrim64.hs:135)
    wordToWord64# (Data/Memory/Internal/CompatPrim64.hs:138)
    word64ToWord# (Data/Memory/Internal/CompatPrim64.hs:141)
    w64# (Data/Memory/Internal/CompatPrim64.hs:147)
 100% (  6 /  6) in 'Data.Memory.Internal.CompatPrim'
  50% (  1 /  2) in 'Data.Memory.Internal.Scrubber'
  Missing documentation for:
    getScrubber (Data/Memory/Internal/Scrubber.hs:20)
 100% (  8 /  8) in 'Data.Memory.Internal.Compat'
 100% (  9 /  9) in 'Data.Memory.Hash.FNV'
 100% (  2 /  2) in 'Data.Memory.ExtendedWords'
 100% ( 10 / 10) in 'Data.Memory.Endian'
 100% (  5 /  5) in 'Data.Memory.Hash.SipHash'
  67% (  6 /  9) in 'Data.Memory.Encoding.Base64'
  Missing documentation for:
    toBase64OpenBSD (Data/Memory/Encoding/Base64.hs:59)
    fromBase64URLUnpadded (Data/Memory/Encoding/Base64.hs:139)
    fromBase64OpenBSD (Data/Memory/Encoding/Base64.hs:136)
 100% (  4 /  4) in 'Data.Memory.Encoding.Base32'
 100% (  4 /  4) in 'Data.Memory.Encoding.Base16'
 100% (  3 /  3) in 'Data.ByteArray.Types'
  94% ( 29 / 31) in 'Data.ByteArray.Sized'
  Missing documentation for:
    unSizedByteArray (Data/ByteArray/Sized.hs:101)
    inlineUnsafeCreate (Data/ByteArray/Sized.hs:173)
 100% (  2 /  2) in 'Data.ByteArray.ScrubbedBytes'
 100% ( 32 / 32) in 'Data.ByteArray.Methods'
  94% ( 17 / 18) in 'Data.ByteArray.Parse'
  Missing documentation for:
    hasMore (Data/ByteArray/Parse.hs:152)
 100% (  5 /  5) in 'Data.ByteArray.View'
 100% (  3 /  3) in 'Data.ByteArray.MemView'
 100% (  5 /  5) in 'Data.ByteArray.Pack.Internal'
 100% (  6 /  6) in 'Data.ByteArray.Mapping'
 100% ( 13 / 13) in 'Data.ByteArray.Hash'
 100% (  4 /  4) in 'Data.ByteArray.Encoding'
 100% (  2 /  2) in 'Data.ByteArray.Bytes'
 100% ( 45 / 45) in 'Data.ByteArray'
 100% ( 17 / 17) in 'Data.ByteArray.Pack'
Warning: Data.Memory.Endian: could not find link destinations for:
    byteSwap
Warning: Data.ByteArray.Sized: could not find link destinations for:
    ~
Documentation created: dist/dist-sandbox-439155cc/doc/html/memory/index.html
Creating package registration file:
/var/folders/j4/_7_rznm11hd_yhh6f33n8rbc0000gp/T/pkgConf-memory-0.1412609736711815859901.18
Installing library in
/Users/conorquinn1/Projects/ClientBindings/.cabal-sandbox/lib/x86_64-osx-ghc-8.0.2/memory-0.14.18-B4CChkUKwtp1j3oN5wd7Ta
Registering memory-0.14.18...
cabal: Leaving directory '/var/folders/j4/_7_rznm11hd_yhh6f33n8rbc0000gp/T/cabal-tmp-80680/memory-0.14.18'
