cabal: Entering directory '/var/folders/j4/_7_rznm11hd_yhh6f33n8rbc0000gp/T/cabal-tmp-80682/mmorph-1.1.2'
Configuring mmorph-1.1.2...
Building mmorph-1.1.2...
Preprocessing library mmorph-1.1.2...
[1 of 2] Compiling Control.Monad.Morph ( src/Control/Monad/Morph.hs, dist/dist-sandbox-439155cc/build/Control/Monad/Morph.o )

src/Control/Monad/Morph.hs:80:1: warning: [-Wdeprecations]
    Module ‘Control.Monad.Trans.Error’ is deprecated:
      Use Control.Monad.Trans.Except instead

src/Control/Monad/Morph.hs:119:20: warning: [-Wdeprecations]
    In the use of type constructor or class ‘ErrorT’
    (imported from Control.Monad.Trans.Error):
    Deprecated: "Use Control.Monad.Trans.Except instead"

src/Control/Monad/Morph.hs:120:19: warning: [-Wdeprecations]
    In the use of data constructor ‘ErrorT’
    (imported from Control.Monad.Trans.Error):
    Deprecated: "Use Control.Monad.Trans.Except instead"

src/Control/Monad/Morph.hs:120:34: warning: [-Wdeprecations]
    In the use of ‘runErrorT’
    (imported from Control.Monad.Trans.Error):
    Deprecated: "Use Control.Monad.Trans.Except instead"

src/Control/Monad/Morph.hs:240:11: warning: [-Wdeprecations]
    In the use of type constructor or class ‘Error’
    (imported from Control.Monad.Trans.Error):
    Deprecated: "Use Control.Monad.Trans.Except instead"

src/Control/Monad/Morph.hs:240:33: warning: [-Wdeprecations]
    In the use of type constructor or class ‘ErrorT’
    (imported from Control.Monad.Trans.Error):
    Deprecated: "Use Control.Monad.Trans.Except instead"

src/Control/Monad/Morph.hs:241:17: warning: [-Wdeprecations]
    In the use of data constructor ‘ErrorT’
    (imported from Control.Monad.Trans.Error):
    Deprecated: "Use Control.Monad.Trans.Except instead"

src/Control/Monad/Morph.hs:242:14: warning: [-Wdeprecations]
    In the use of ‘runErrorT’
    (imported from Control.Monad.Trans.Error):
    Deprecated: "Use Control.Monad.Trans.Except instead"

src/Control/Monad/Morph.hs:242:30: warning: [-Wdeprecations]
    In the use of ‘runErrorT’
    (imported from Control.Monad.Trans.Error):
    Deprecated: "Use Control.Monad.Trans.Except instead"
[2 of 2] Compiling Control.Monad.Trans.Compose ( src/Control/Monad/Trans/Compose.hs, dist/dist-sandbox-439155cc/build/Control/Monad/Trans/Compose.o )
[1 of 2] Compiling Control.Monad.Morph ( src/Control/Monad/Morph.hs, dist/dist-sandbox-439155cc/build/Control/Monad/Morph.p_o )

src/Control/Monad/Morph.hs:80:1: warning: [-Wdeprecations]
    Module ‘Control.Monad.Trans.Error’ is deprecated:
      Use Control.Monad.Trans.Except instead

src/Control/Monad/Morph.hs:119:20: warning: [-Wdeprecations]
    In the use of type constructor or class ‘ErrorT’
    (imported from Control.Monad.Trans.Error):
    Deprecated: "Use Control.Monad.Trans.Except instead"

src/Control/Monad/Morph.hs:120:19: warning: [-Wdeprecations]
    In the use of data constructor ‘ErrorT’
    (imported from Control.Monad.Trans.Error):
    Deprecated: "Use Control.Monad.Trans.Except instead"

src/Control/Monad/Morph.hs:120:34: warning: [-Wdeprecations]
    In the use of ‘runErrorT’
    (imported from Control.Monad.Trans.Error):
    Deprecated: "Use Control.Monad.Trans.Except instead"

src/Control/Monad/Morph.hs:240:11: warning: [-Wdeprecations]
    In the use of type constructor or class ‘Error’
    (imported from Control.Monad.Trans.Error):
    Deprecated: "Use Control.Monad.Trans.Except instead"

src/Control/Monad/Morph.hs:240:33: warning: [-Wdeprecations]
    In the use of type constructor or class ‘ErrorT’
    (imported from Control.Monad.Trans.Error):
    Deprecated: "Use Control.Monad.Trans.Except instead"

src/Control/Monad/Morph.hs:241:17: warning: [-Wdeprecations]
    In the use of data constructor ‘ErrorT’
    (imported from Control.Monad.Trans.Error):
    Deprecated: "Use Control.Monad.Trans.Except instead"

src/Control/Monad/Morph.hs:242:14: warning: [-Wdeprecations]
    In the use of ‘runErrorT’
    (imported from Control.Monad.Trans.Error):
    Deprecated: "Use Control.Monad.Trans.Except instead"

src/Control/Monad/Morph.hs:242:30: warning: [-Wdeprecations]
    In the use of ‘runErrorT’
    (imported from Control.Monad.Trans.Error):
    Deprecated: "Use Control.Monad.Trans.Except instead"
[2 of 2] Compiling Control.Monad.Trans.Compose ( src/Control/Monad/Trans/Compose.hs, dist/dist-sandbox-439155cc/build/Control/Monad/Trans/Compose.p_o )
Running Haddock for mmorph-1.1.2...
Preprocessing library mmorph-1.1.2...

src/Control/Monad/Morph.hs:80:1: warning: [-Wdeprecations]
    Module ‘Control.Monad.Trans.Error’ is deprecated:
      Use Control.Monad.Trans.Except instead

src/Control/Monad/Morph.hs:119:20: warning: [-Wdeprecations]
    In the use of type constructor or class ‘ErrorT’
    (imported from Control.Monad.Trans.Error):
    Deprecated: "Use Control.Monad.Trans.Except instead"

src/Control/Monad/Morph.hs:120:19: warning: [-Wdeprecations]
    In the use of data constructor ‘ErrorT’
    (imported from Control.Monad.Trans.Error):
    Deprecated: "Use Control.Monad.Trans.Except instead"

src/Control/Monad/Morph.hs:120:34: warning: [-Wdeprecations]
    In the use of ‘runErrorT’
    (imported from Control.Monad.Trans.Error):
    Deprecated: "Use Control.Monad.Trans.Except instead"

src/Control/Monad/Morph.hs:240:11: warning: [-Wdeprecations]
    In the use of type constructor or class ‘Error’
    (imported from Control.Monad.Trans.Error):
    Deprecated: "Use Control.Monad.Trans.Except instead"

src/Control/Monad/Morph.hs:240:33: warning: [-Wdeprecations]
    In the use of type constructor or class ‘ErrorT’
    (imported from Control.Monad.Trans.Error):
    Deprecated: "Use Control.Monad.Trans.Except instead"

src/Control/Monad/Morph.hs:241:17: warning: [-Wdeprecations]
    In the use of data constructor ‘ErrorT’
    (imported from Control.Monad.Trans.Error):
    Deprecated: "Use Control.Monad.Trans.Except instead"

src/Control/Monad/Morph.hs:242:14: warning: [-Wdeprecations]
    In the use of ‘runErrorT’
    (imported from Control.Monad.Trans.Error):
    Deprecated: "Use Control.Monad.Trans.Except instead"

src/Control/Monad/Morph.hs:242:30: warning: [-Wdeprecations]
    In the use of ‘runErrorT’
    (imported from Control.Monad.Trans.Error):
    Deprecated: "Use Control.Monad.Trans.Except instead"
Haddock coverage:
 100% ( 22 / 22) in 'Control.Monad.Morph'
 100% (  4 /  4) in 'Control.Monad.Trans.Compose'
Documentation created: dist/dist-sandbox-439155cc/doc/html/mmorph/index.html
Creating package registration file:
/var/folders/j4/_7_rznm11hd_yhh6f33n8rbc0000gp/T/pkgConf-mmorph-1.16441594889688008.2
Installing library in
/Users/conorquinn1/Projects/ClientBindings/.cabal-sandbox/lib/x86_64-osx-ghc-8.0.2/mmorph-1.1.2-J90uQ55VabYDt0hCl2Cw2I
Registering mmorph-1.1.2...
cabal: Leaving directory '/var/folders/j4/_7_rznm11hd_yhh6f33n8rbc0000gp/T/cabal-tmp-80682/mmorph-1.1.2'
