cabal: Entering directory '/var/folders/j4/_7_rznm11hd_yhh6f33n8rbc0000gp/T/cabal-tmp-80689/primitive-0.6.4.0'
Configuring primitive-0.6.4.0...
Building primitive-0.6.4.0...
Preprocessing library primitive-0.6.4.0...
[ 1 of 15] Compiling Data.Primitive.MachDeps ( Data/Primitive/MachDeps.hs, dist/dist-sandbox-439155cc/build/Data/Primitive/MachDeps.o )
[ 2 of 15] Compiling Data.Primitive.Internal.Operations ( Data/Primitive/Internal/Operations.hs, dist/dist-sandbox-439155cc/build/Data/Primitive/Internal/Operations.o )
[ 3 of 15] Compiling Data.Primitive.Internal.Compat ( Data/Primitive/Internal/Compat.hs, dist/dist-sandbox-439155cc/build/Data/Primitive/Internal/Compat.o )
[ 4 of 15] Compiling Control.Monad.Primitive ( Control/Monad/Primitive.hs, dist/dist-sandbox-439155cc/build/Control/Monad/Primitive.o )
[ 5 of 15] Compiling Data.Primitive.Array ( Data/Primitive/Array.hs, dist/dist-sandbox-439155cc/build/Data/Primitive/Array.o )
[ 6 of 15] Compiling Data.Primitive.MVar ( Data/Primitive/MVar.hs, dist/dist-sandbox-439155cc/build/Data/Primitive/MVar.o )
[ 7 of 15] Compiling Data.Primitive.MutVar ( Data/Primitive/MutVar.hs, dist/dist-sandbox-439155cc/build/Data/Primitive/MutVar.o )
[ 8 of 15] Compiling Data.Primitive.SmallArray ( Data/Primitive/SmallArray.hs, dist/dist-sandbox-439155cc/build/Data/Primitive/SmallArray.o )
[ 9 of 15] Compiling Data.Primitive.Types ( Data/Primitive/Types.hs, dist/dist-sandbox-439155cc/build/Data/Primitive/Types.o )
[10 of 15] Compiling Data.Primitive.ByteArray ( Data/Primitive/ByteArray.hs, dist/dist-sandbox-439155cc/build/Data/Primitive/ByteArray.o )
[11 of 15] Compiling Data.Primitive.Addr ( Data/Primitive/Addr.hs, dist/dist-sandbox-439155cc/build/Data/Primitive/Addr.o )
[12 of 15] Compiling Data.Primitive.PrimArray ( Data/Primitive/PrimArray.hs, dist/dist-sandbox-439155cc/build/Data/Primitive/PrimArray.o )
[13 of 15] Compiling Data.Primitive.Ptr ( Data/Primitive/Ptr.hs, dist/dist-sandbox-439155cc/build/Data/Primitive/Ptr.o )
[14 of 15] Compiling Data.Primitive.UnliftedArray ( Data/Primitive/UnliftedArray.hs, dist/dist-sandbox-439155cc/build/Data/Primitive/UnliftedArray.o )
[15 of 15] Compiling Data.Primitive   ( Data/Primitive.hs, dist/dist-sandbox-439155cc/build/Data/Primitive.o )
[ 1 of 15] Compiling Data.Primitive.MachDeps ( Data/Primitive/MachDeps.hs, dist/dist-sandbox-439155cc/build/Data/Primitive/MachDeps.p_o )
[ 2 of 15] Compiling Data.Primitive.Internal.Operations ( Data/Primitive/Internal/Operations.hs, dist/dist-sandbox-439155cc/build/Data/Primitive/Internal/Operations.p_o )
[ 3 of 15] Compiling Data.Primitive.Internal.Compat ( Data/Primitive/Internal/Compat.hs, dist/dist-sandbox-439155cc/build/Data/Primitive/Internal/Compat.p_o )
[ 4 of 15] Compiling Control.Monad.Primitive ( Control/Monad/Primitive.hs, dist/dist-sandbox-439155cc/build/Control/Monad/Primitive.p_o )
[ 5 of 15] Compiling Data.Primitive.Array ( Data/Primitive/Array.hs, dist/dist-sandbox-439155cc/build/Data/Primitive/Array.p_o )
[ 6 of 15] Compiling Data.Primitive.MVar ( Data/Primitive/MVar.hs, dist/dist-sandbox-439155cc/build/Data/Primitive/MVar.p_o )
[ 7 of 15] Compiling Data.Primitive.MutVar ( Data/Primitive/MutVar.hs, dist/dist-sandbox-439155cc/build/Data/Primitive/MutVar.p_o )
[ 8 of 15] Compiling Data.Primitive.SmallArray ( Data/Primitive/SmallArray.hs, dist/dist-sandbox-439155cc/build/Data/Primitive/SmallArray.p_o )
[ 9 of 15] Compiling Data.Primitive.Types ( Data/Primitive/Types.hs, dist/dist-sandbox-439155cc/build/Data/Primitive/Types.p_o )
[10 of 15] Compiling Data.Primitive.ByteArray ( Data/Primitive/ByteArray.hs, dist/dist-sandbox-439155cc/build/Data/Primitive/ByteArray.p_o )
[11 of 15] Compiling Data.Primitive.Addr ( Data/Primitive/Addr.hs, dist/dist-sandbox-439155cc/build/Data/Primitive/Addr.p_o )
[12 of 15] Compiling Data.Primitive.PrimArray ( Data/Primitive/PrimArray.hs, dist/dist-sandbox-439155cc/build/Data/Primitive/PrimArray.p_o )
[13 of 15] Compiling Data.Primitive.Ptr ( Data/Primitive/Ptr.hs, dist/dist-sandbox-439155cc/build/Data/Primitive/Ptr.p_o )
[14 of 15] Compiling Data.Primitive.UnliftedArray ( Data/Primitive/UnliftedArray.hs, dist/dist-sandbox-439155cc/build/Data/Primitive/UnliftedArray.p_o )
[15 of 15] Compiling Data.Primitive   ( Data/Primitive.hs, dist/dist-sandbox-439155cc/build/Data/Primitive.p_o )
Running Haddock for primitive-0.6.4.0...
Preprocessing library primitive-0.6.4.0...
Haddock coverage:
   3% (  1 / 35) in 'Data.Primitive.MachDeps'
  Missing documentation for:
    sIZEOF_CHAR (Data/Primitive/MachDeps.hs:19)
    aLIGNMENT_CHAR (Data/Primitive/MachDeps.hs:19)
    sIZEOF_INT (Data/Primitive/MachDeps.hs:19)
    aLIGNMENT_INT (Data/Primitive/MachDeps.hs:19)
    sIZEOF_WORD (Data/Primitive/MachDeps.hs:19)
    aLIGNMENT_WORD (Data/Primitive/MachDeps.hs:19)
    sIZEOF_DOUBLE (Data/Primitive/MachDeps.hs:19)
    aLIGNMENT_DOUBLE (Data/Primitive/MachDeps.hs:19)
    sIZEOF_FLOAT (Data/Primitive/MachDeps.hs:19)
    aLIGNMENT_FLOAT (Data/Primitive/MachDeps.hs:19)
    sIZEOF_PTR (Data/Primitive/MachDeps.hs:19)
    aLIGNMENT_PTR (Data/Primitive/MachDeps.hs:19)
    sIZEOF_FUNPTR (Data/Primitive/MachDeps.hs:19)
    aLIGNMENT_FUNPTR (Data/Primitive/MachDeps.hs:19)
    sIZEOF_STABLEPTR (Data/Primitive/MachDeps.hs:19)
    aLIGNMENT_STABLEPTR (Data/Primitive/MachDeps.hs:19)
    sIZEOF_INT8 (Data/Primitive/MachDeps.hs:19)
    aLIGNMENT_INT8 (Data/Primitive/MachDeps.hs:19)
    sIZEOF_WORD8 (Data/Primitive/MachDeps.hs:19)
    aLIGNMENT_WORD8 (Data/Primitive/MachDeps.hs:19)
    sIZEOF_INT16 (Data/Primitive/MachDeps.hs:19)
    aLIGNMENT_INT16 (Data/Primitive/MachDeps.hs:19)
    sIZEOF_WORD16 (Data/Primitive/MachDeps.hs:19)
    aLIGNMENT_WORD16 (Data/Primitive/MachDeps.hs:19)
    sIZEOF_INT32 (Data/Primitive/MachDeps.hs:19)
    aLIGNMENT_INT32 (Data/Primitive/MachDeps.hs:19)
    sIZEOF_WORD32 (Data/Primitive/MachDeps.hs:19)
    aLIGNMENT_WORD32 (Data/Primitive/MachDeps.hs:19)
    sIZEOF_INT64 (Data/Primitive/MachDeps.hs:19)
    aLIGNMENT_INT64 (Data/Primitive/MachDeps.hs:19)
    sIZEOF_WORD64 (Data/Primitive/MachDeps.hs:19)
    aLIGNMENT_WORD64 (Data/Primitive/MachDeps.hs:19)
    Word64_# (Data/Primitive/MachDeps.hs:120)
    Int64_# (Data/Primitive/MachDeps.hs:121)
   3% (  1 / 29) in 'Data.Primitive.Internal.Operations'
  Missing documentation for:
    setWord8Array# (Data/Primitive/Internal/Operations.hs:33)
    setWord16Array# (Data/Primitive/Internal/Operations.hs:35)
    setWord32Array# (Data/Primitive/Internal/Operations.hs:37)
    setWord64Array# (Data/Primitive/Internal/Operations.hs:39)
    setWordArray# (Data/Primitive/Internal/Operations.hs:41)
    setInt8Array# (Data/Primitive/Internal/Operations.hs:43)
    setInt16Array# (Data/Primitive/Internal/Operations.hs:45)
    setInt32Array# (Data/Primitive/Internal/Operations.hs:47)
    setInt64Array# (Data/Primitive/Internal/Operations.hs:49)
    setIntArray# (Data/Primitive/Internal/Operations.hs:51)
    setAddrArray# (Data/Primitive/Internal/Operations.hs:53)
    setFloatArray# (Data/Primitive/Internal/Operations.hs:55)
    setDoubleArray# (Data/Primitive/Internal/Operations.hs:57)
    setWideCharArray# (Data/Primitive/Internal/Operations.hs:59)
    setWord8OffAddr# (Data/Primitive/Internal/Operations.hs:62)
    setWord16OffAddr# (Data/Primitive/Internal/Operations.hs:64)
    setWord32OffAddr# (Data/Primitive/Internal/Operations.hs:66)
    setWord64OffAddr# (Data/Primitive/Internal/Operations.hs:68)
    setWordOffAddr# (Data/Primitive/Internal/Operations.hs:70)
    setInt8OffAddr# (Data/Primitive/Internal/Operations.hs:72)
    setInt16OffAddr# (Data/Primitive/Internal/Operations.hs:74)
    setInt32OffAddr# (Data/Primitive/Internal/Operations.hs:76)
    setInt64OffAddr# (Data/Primitive/Internal/Operations.hs:78)
    setIntOffAddr# (Data/Primitive/Internal/Operations.hs:80)
    setAddrOffAddr# (Data/Primitive/Internal/Operations.hs:82)
    setFloatOffAddr# (Data/Primitive/Internal/Operations.hs:84)
    setDoubleOffAddr# (Data/Primitive/Internal/Operations.hs:86)
    setWideCharOffAddr# (Data/Primitive/Internal/Operations.hs:88)
 100% (  3 /  3) in 'Data.Primitive.Internal.Compat'
  81% ( 17 / 21) in 'Control.Monad.Primitive'
  Missing documentation for:
    unsafeInlinePrim (Control/Monad/Primitive.hs:271)
    unsafeInlineIO (Control/Monad/Primitive.hs:275)
    unsafeInlineST (Control/Monad/Primitive.hs:279)
    touch (Control/Monad/Primitive.hs:283)
  88% ( 22 / 25) in 'Data.Primitive.Array'
  Missing documentation for:
    runArray (Data/Primitive/Array.hs:325)
    sizeofArray (Data/Primitive/Array.hs:87)
    sizeofMutableArray (Data/Primitive/Array.hs:91)
  91% ( 10 / 11) in 'Data.Primitive.MVar'
  Missing documentation for:
    MVar (Data/Primitive/MVar.hs:41)
 100% (  9 /  9) in 'Data.Primitive.MutVar'
  79% ( 19 / 24) in 'Data.Primitive.SmallArray'
  Missing documentation for:
    SmallArray (Data/Primitive/SmallArray.hs:109)
    SmallMutableArray (Data/Primitive/SmallArray.hs:146)
    runSmallArray (Data/Primitive/SmallArray.hs:478)
    sizeofSmallArray (Data/Primitive/SmallArray.hs:395)
    sizeofSmallMutableArray (Data/Primitive/SmallArray.hs:403)
 100% (  8 /  8) in 'Data.Primitive.Types'
  89% ( 34 / 38) in 'Data.Primitive.ByteArray'
  Missing documentation for:
    ByteArray#
    MutableByteArray#
    byteArrayFromList (Data/Primitive/ByteArray.hs:271)
    byteArrayFromListN (Data/Primitive/ByteArray.hs:274)
 100% ( 19 / 19) in 'Data.Primitive.Addr'
  95% ( 58 / 61) in 'Data.Primitive.PrimArray'
  Missing documentation for:
    readPrimArray (Data/Primitive/PrimArray.hs:301)
    primArrayFromList (Data/Primitive/PrimArray.hs:196)
    primArrayFromListN (Data/Primitive/PrimArray.hs:199)
 100% ( 16 / 16) in 'Data.Primitive.Ptr'
  94% ( 33 / 35) in 'Data.Primitive.UnliftedArray'
  Missing documentation for:
    unliftedArrayFromList (Data/Primitive/UnliftedArray.hs:608)
    unliftedArrayFromListN (Data/Primitive/UnliftedArray.hs:611)
 100% ( 12 / 12) in 'Data.Primitive'
Warning: Control.Monad.Primitive: could not find link destinations for:
    ~
Warning: Data.Primitive.Ptr: could not find link destinations for:
    D:R:URecPtrp0 UAddr uAddr#
Documentation created:
dist/dist-sandbox-439155cc/doc/html/primitive/index.html
Creating package registration file:
/var/folders/j4/_7_rznm11hd_yhh6f33n8rbc0000gp/T/pkgConf-primitive-0.6.4340756291478446501.0
Installing library in
/Users/conorquinn1/Projects/ClientBindings/.cabal-sandbox/lib/x86_64-osx-ghc-8.0.2/primitive-0.6.4.0-GNLAlD4yr117oBmLUp0dWo
Registering primitive-0.6.4.0...
cabal: Leaving directory '/var/folders/j4/_7_rznm11hd_yhh6f33n8rbc0000gp/T/cabal-tmp-80689/primitive-0.6.4.0'
