cabal: Entering directory '/var/folders/j4/_7_rznm11hd_yhh6f33n8rbc0000gp/T/cabal-tmp-80677/socks-0.5.6'
Configuring socks-0.5.6...
Building socks-0.5.6...
Preprocessing library socks-0.5.6...
[1 of 7] Compiling Network.Socks5.Types ( Network/Socks5/Types.hs, dist/dist-sandbox-439155cc/build/Network/Socks5/Types.o )
[2 of 7] Compiling Network.Socks5.Parse ( Network/Socks5/Parse.hs, dist/dist-sandbox-439155cc/build/Network/Socks5/Parse.o )
[3 of 7] Compiling Network.Socks5.Wire ( Network/Socks5/Wire.hs, dist/dist-sandbox-439155cc/build/Network/Socks5/Wire.o )

Network/Socks5/Wire.hs:15:1: warning: [-Wunused-imports]
    The import of ‘Control.Applicative’ is redundant
      except perhaps to import instances from ‘Control.Applicative’
    To import instances alone, use: import Control.Applicative()

Network/Socks5/Wire.hs:23:1: warning: [-Wunused-imports]
    The import of ‘Network.Socks5.Parse’ is redundant
      except perhaps to import instances from ‘Network.Socks5.Parse’
    To import instances alone, use: import Network.Socks5.Parse()
[4 of 7] Compiling Network.Socks5.Conf ( Network/Socks5/Conf.hs, dist/dist-sandbox-439155cc/build/Network/Socks5/Conf.o )
[5 of 7] Compiling Network.Socks5.Command ( Network/Socks5/Command.hs, dist/dist-sandbox-439155cc/build/Network/Socks5/Command.o )

Network/Socks5/Command.hs:25:1: warning: [-Wunused-imports]
    The import of ‘Control.Applicative’ is redundant
      except perhaps to import instances from ‘Control.Applicative’
    To import instances alone, use: import Control.Applicative()
[6 of 7] Compiling Network.Socks5.Lowlevel ( Network/Socks5/Lowlevel.hs, dist/dist-sandbox-439155cc/build/Network/Socks5/Lowlevel.o )
[7 of 7] Compiling Network.Socks5   ( Network/Socks5.hs, dist/dist-sandbox-439155cc/build/Network/Socks5.o )
[1 of 7] Compiling Network.Socks5.Types ( Network/Socks5/Types.hs, dist/dist-sandbox-439155cc/build/Network/Socks5/Types.p_o )
[2 of 7] Compiling Network.Socks5.Parse ( Network/Socks5/Parse.hs, dist/dist-sandbox-439155cc/build/Network/Socks5/Parse.p_o )
[3 of 7] Compiling Network.Socks5.Wire ( Network/Socks5/Wire.hs, dist/dist-sandbox-439155cc/build/Network/Socks5/Wire.p_o )

Network/Socks5/Wire.hs:15:1: warning: [-Wunused-imports]
    The import of ‘Control.Applicative’ is redundant
      except perhaps to import instances from ‘Control.Applicative’
    To import instances alone, use: import Control.Applicative()

Network/Socks5/Wire.hs:23:1: warning: [-Wunused-imports]
    The import of ‘Network.Socks5.Parse’ is redundant
      except perhaps to import instances from ‘Network.Socks5.Parse’
    To import instances alone, use: import Network.Socks5.Parse()
[4 of 7] Compiling Network.Socks5.Conf ( Network/Socks5/Conf.hs, dist/dist-sandbox-439155cc/build/Network/Socks5/Conf.p_o )
[5 of 7] Compiling Network.Socks5.Command ( Network/Socks5/Command.hs, dist/dist-sandbox-439155cc/build/Network/Socks5/Command.p_o )

Network/Socks5/Command.hs:25:1: warning: [-Wunused-imports]
    The import of ‘Control.Applicative’ is redundant
      except perhaps to import instances from ‘Control.Applicative’
    To import instances alone, use: import Control.Applicative()
[6 of 7] Compiling Network.Socks5.Lowlevel ( Network/Socks5/Lowlevel.hs, dist/dist-sandbox-439155cc/build/Network/Socks5/Lowlevel.p_o )
[7 of 7] Compiling Network.Socks5   ( Network/Socks5.hs, dist/dist-sandbox-439155cc/build/Network/Socks5.p_o )
Running Haddock for socks-0.5.6...
Preprocessing library socks-0.5.6...

Network/Socks5/Wire.hs:15:1: warning: [-Wunused-imports]
    The import of ‘Control.Applicative’ is redundant
      except perhaps to import instances from ‘Control.Applicative’
    To import instances alone, use: import Control.Applicative()

Network/Socks5/Wire.hs:23:1: warning: [-Wunused-imports]
    The import of ‘Network.Socks5.Parse’ is redundant
      except perhaps to import instances from ‘Network.Socks5.Parse’
    To import instances alone, use: import Network.Socks5.Parse()

Network/Socks5/Command.hs:25:1: warning: [-Wunused-imports]
    The import of ‘Control.Applicative’ is redundant
      except perhaps to import instances from ‘Control.Applicative’
    To import instances alone, use: import Control.Applicative()
Haddock coverage:
 100% (  9 /  9) in 'Network.Socks5.Types'
 100% ( 17 / 17) in 'Network.Socks5.Parse'
 100% (  5 /  5) in 'Network.Socks5.Wire'
 100% (  6 /  6) in 'Network.Socks5.Conf'
  17% (  2 / 12) in 'Network.Socks5.Command'
  Missing documentation for:
    establish (Network/Socks5/Command.hs:38)
    Connect (Network/Socks5/Command.hs:43)
    Command (Network/Socks5/Command.hs:45)
    connectIPV4 (Network/Socks5/Command.hs:63)
    connectIPV6 (Network/Socks5/Command.hs:68)
    connectDomainName (Network/Socks5/Command.hs:75)
    rpc (Network/Socks5/Command.hs:84)
    rpc_ (Network/Socks5/Command.hs:93)
    sendSerialized (Network/Socks5/Command.hs:78)
    waitSerialized (Network/Socks5/Command.hs:81)
  32% (  6 / 19) in 'Network.Socks5.Lowlevel'
  Missing documentation for:
    Module header
    resolveToSockAddr (Network/Socks5/Lowlevel.hs:16)
    socksListen (Network/Socks5/Lowlevel.hs:24)
    establish (Network/Socks5/Command.hs:38)
    Connect (Network/Socks5/Command.hs:43)
    Command (Network/Socks5/Command.hs:45)
    connectIPV4 (Network/Socks5/Command.hs:63)
    connectIPV6 (Network/Socks5/Command.hs:68)
    connectDomainName (Network/Socks5/Command.hs:75)
    rpc (Network/Socks5/Command.hs:84)
    rpc_ (Network/Socks5/Command.hs:93)
    sendSerialized (Network/Socks5/Command.hs:78)
    waitSerialized (Network/Socks5/Command.hs:81)
 100% ( 21 / 21) in 'Network.Socks5'
Documentation created: dist/dist-sandbox-439155cc/doc/html/socks/index.html
Creating package registration file:
/var/folders/j4/_7_rznm11hd_yhh6f33n8rbc0000gp/T/pkgConf-socks-0.5195400260589673557.6
Installing library in
/Users/conorquinn1/Projects/ClientBindings/.cabal-sandbox/lib/x86_64-osx-ghc-8.0.2/socks-0.5.6-Hw23evAulKdLkGb3ZpgkPm
Registering socks-0.5.6...
cabal: Leaving directory '/var/folders/j4/_7_rznm11hd_yhh6f33n8rbc0000gp/T/cabal-tmp-80677/socks-0.5.6'
