cabal: Entering directory '/var/folders/j4/_7_rznm11hd_yhh6f33n8rbc0000gp/T/cabal-tmp-80686/streaming-commons-0.2.1.0'
Configuring streaming-commons-0.2.1.0...
Building streaming-commons-0.2.1.0...
Preprocessing library streaming-commons-0.2.1.0...
[ 1 of 16] Compiling Data.Text.Internal.Unsafe.Shift ( Data/Text/Internal/Unsafe/Shift.hs, dist/dist-sandbox-439155cc/build/Data/Text/Internal/Unsafe/Shift.o )
[ 2 of 16] Compiling Data.Text.Internal.Unsafe.Char ( Data/Text/Internal/Unsafe/Char.hs, dist/dist-sandbox-439155cc/build/Data/Text/Internal/Unsafe/Char.o )
[ 3 of 16] Compiling Data.Text.Internal.Encoding.Utf8 ( Data/Text/Internal/Encoding/Utf8.hs, dist/dist-sandbox-439155cc/build/Data/Text/Internal/Encoding/Utf8.o )
[ 4 of 16] Compiling Data.Text.Internal.Encoding.Utf32 ( Data/Text/Internal/Encoding/Utf32.hs, dist/dist-sandbox-439155cc/build/Data/Text/Internal/Encoding/Utf32.o )
[ 5 of 16] Compiling Data.Text.Internal.Encoding.Utf16 ( Data/Text/Internal/Encoding/Utf16.hs, dist/dist-sandbox-439155cc/build/Data/Text/Internal/Encoding/Utf16.o )
[ 6 of 16] Compiling Data.Streaming.Zlib.Lowlevel ( Data/Streaming/Zlib/Lowlevel.hs, dist/dist-sandbox-439155cc/build/Data/Streaming/Zlib/Lowlevel.o )
[ 7 of 16] Compiling Data.Streaming.Zlib ( Data/Streaming/Zlib.hs, dist/dist-sandbox-439155cc/build/Data/Streaming/Zlib.o )
[ 8 of 16] Compiling Data.Streaming.Text ( Data/Streaming/Text.hs, dist/dist-sandbox-439155cc/build/Data/Streaming/Text.o )
[ 9 of 16] Compiling Data.Streaming.Process.Internal ( Data/Streaming/Process/Internal.hs, dist/dist-sandbox-439155cc/build/Data/Streaming/Process/Internal.o )
[10 of 16] Compiling Data.Streaming.Process ( Data/Streaming/Process.hs, dist/dist-sandbox-439155cc/build/Data/Streaming/Process.o )
[11 of 16] Compiling Data.Streaming.Network.Internal ( Data/Streaming/Network/Internal.hs, dist/dist-sandbox-439155cc/build/Data/Streaming/Network/Internal.o )
[12 of 16] Compiling Data.Streaming.Network ( Data/Streaming/Network.hs, dist/dist-sandbox-439155cc/build/Data/Streaming/Network.o )
[13 of 16] Compiling Data.Streaming.Filesystem ( Data/Streaming/Filesystem.hs, dist/dist-sandbox-439155cc/build/Data/Streaming/Filesystem.o )
[14 of 16] Compiling Data.Streaming.FileRead ( Data/Streaming/FileRead.hs, dist/dist-sandbox-439155cc/build/Data/Streaming/FileRead.o )
[15 of 16] Compiling Data.Streaming.ByteString.Builder.Buffer ( Data/Streaming/ByteString/Builder/Buffer.hs, dist/dist-sandbox-439155cc/build/Data/Streaming/ByteString/Builder/Buffer.o )
[16 of 16] Compiling Data.Streaming.ByteString.Builder ( Data/Streaming/ByteString/Builder.hs, dist/dist-sandbox-439155cc/build/Data/Streaming/ByteString/Builder.o )
[ 1 of 16] Compiling Data.Text.Internal.Unsafe.Shift ( Data/Text/Internal/Unsafe/Shift.hs, dist/dist-sandbox-439155cc/build/Data/Text/Internal/Unsafe/Shift.p_o )
[ 2 of 16] Compiling Data.Text.Internal.Unsafe.Char ( Data/Text/Internal/Unsafe/Char.hs, dist/dist-sandbox-439155cc/build/Data/Text/Internal/Unsafe/Char.p_o )
[ 3 of 16] Compiling Data.Text.Internal.Encoding.Utf8 ( Data/Text/Internal/Encoding/Utf8.hs, dist/dist-sandbox-439155cc/build/Data/Text/Internal/Encoding/Utf8.p_o )
[ 4 of 16] Compiling Data.Text.Internal.Encoding.Utf32 ( Data/Text/Internal/Encoding/Utf32.hs, dist/dist-sandbox-439155cc/build/Data/Text/Internal/Encoding/Utf32.p_o )
[ 5 of 16] Compiling Data.Text.Internal.Encoding.Utf16 ( Data/Text/Internal/Encoding/Utf16.hs, dist/dist-sandbox-439155cc/build/Data/Text/Internal/Encoding/Utf16.p_o )
[ 6 of 16] Compiling Data.Streaming.Zlib.Lowlevel ( Data/Streaming/Zlib/Lowlevel.hs, dist/dist-sandbox-439155cc/build/Data/Streaming/Zlib/Lowlevel.p_o )
[ 7 of 16] Compiling Data.Streaming.Zlib ( Data/Streaming/Zlib.hs, dist/dist-sandbox-439155cc/build/Data/Streaming/Zlib.p_o )
[ 8 of 16] Compiling Data.Streaming.Text ( Data/Streaming/Text.hs, dist/dist-sandbox-439155cc/build/Data/Streaming/Text.p_o )
[ 9 of 16] Compiling Data.Streaming.Process.Internal ( Data/Streaming/Process/Internal.hs, dist/dist-sandbox-439155cc/build/Data/Streaming/Process/Internal.p_o )
[10 of 16] Compiling Data.Streaming.Process ( Data/Streaming/Process.hs, dist/dist-sandbox-439155cc/build/Data/Streaming/Process.p_o )
[11 of 16] Compiling Data.Streaming.Network.Internal ( Data/Streaming/Network/Internal.hs, dist/dist-sandbox-439155cc/build/Data/Streaming/Network/Internal.p_o )
[12 of 16] Compiling Data.Streaming.Network ( Data/Streaming/Network.hs, dist/dist-sandbox-439155cc/build/Data/Streaming/Network.p_o )
[13 of 16] Compiling Data.Streaming.Filesystem ( Data/Streaming/Filesystem.hs, dist/dist-sandbox-439155cc/build/Data/Streaming/Filesystem.p_o )
[14 of 16] Compiling Data.Streaming.FileRead ( Data/Streaming/FileRead.hs, dist/dist-sandbox-439155cc/build/Data/Streaming/FileRead.p_o )
[15 of 16] Compiling Data.Streaming.ByteString.Builder.Buffer ( Data/Streaming/ByteString/Builder/Buffer.hs, dist/dist-sandbox-439155cc/build/Data/Streaming/ByteString/Builder/Buffer.p_o )
[16 of 16] Compiling Data.Streaming.ByteString.Builder ( Data/Streaming/ByteString/Builder.hs, dist/dist-sandbox-439155cc/build/Data/Streaming/ByteString/Builder.p_o )

cbits/text-helper.c:71:67: error:
     warning: duplicate 'const' declaration specifier [-Wduplicate-decl-specifier]
_hs_streaming_commons_decode_latin1(uint16_t *dest, const uint8_t const *src,
                                                                  ^

cbits/text-helper.c:72:38: error:
     warning: duplicate 'const' declaration specifier [-Wduplicate-decl-specifier]
                           const uint8_t const *srcend)
                                         ^

cbits/text-helper.c:133:19: error:
     warning: duplicate 'const' declaration specifier [-Wduplicate-decl-specifier]
                             const uint8_t const **src, const uint8_t const *srcend,
                                           ^

cbits/text-helper.c:133:46: error:
     warning: duplicate 'const' declaration specifier [-Wduplicate-decl-specifier]
                             const uint8_t const **src, const uint8_t const *srcend,
                                                                      ^

cbits/text-helper.c:140:19: error:
     warning: duplicate 'const' declaration specifier [-Wduplicate-decl-specifier]
                             const uint8_t const **src, const uint8_t const *srcend,
                                           ^

cbits/text-helper.c:140:46: error:
     warning: duplicate 'const' declaration specifier [-Wduplicate-decl-specifier]
                             const uint8_t const **src, const uint8_t const *srcend,
                                                                      ^

cbits/text-helper.c:205:42: error:
     warning: duplicate 'const' declaration specifier [-Wduplicate-decl-specifier]
                               const uint8_t const **src,
                                             ^

cbits/text-helper.c:206:21: error:
     warning: duplicate 'const' declaration specifier [-Wduplicate-decl-specifier]
                               const uint8_t const *srcend,
                                             ^
8 warnings generated.

cbits/text-helper.c:71:67: error:
     warning: duplicate 'const' declaration specifier [-Wduplicate-decl-specifier]
_hs_streaming_commons_decode_latin1(uint16_t *dest, const uint8_t const *src,
                                                                  ^

cbits/text-helper.c:72:38: error:
     warning: duplicate 'const' declaration specifier [-Wduplicate-decl-specifier]
                           const uint8_t const *srcend)
                                         ^

cbits/text-helper.c:133:19: error:
     warning: duplicate 'const' declaration specifier [-Wduplicate-decl-specifier]
                             const uint8_t const **src, const uint8_t const *srcend,
                                           ^

cbits/text-helper.c:133:46: error:
     warning: duplicate 'const' declaration specifier [-Wduplicate-decl-specifier]
                             const uint8_t const **src, const uint8_t const *srcend,
                                                                      ^

cbits/text-helper.c:140:19: error:
     warning: duplicate 'const' declaration specifier [-Wduplicate-decl-specifier]
                             const uint8_t const **src, const uint8_t const *srcend,
                                           ^

cbits/text-helper.c:140:46: error:
     warning: duplicate 'const' declaration specifier [-Wduplicate-decl-specifier]
                             const uint8_t const **src, const uint8_t const *srcend,
                                                                      ^

cbits/text-helper.c:205:42: error:
     warning: duplicate 'const' declaration specifier [-Wduplicate-decl-specifier]
                               const uint8_t const **src,
                                             ^

cbits/text-helper.c:206:21: error:
     warning: duplicate 'const' declaration specifier [-Wduplicate-decl-specifier]
                               const uint8_t const *srcend,
                                             ^
8 warnings generated.

cbits/text-helper.c:71:67: error:
     warning: duplicate 'const' declaration specifier [-Wduplicate-decl-specifier]
_hs_streaming_commons_decode_latin1(uint16_t *dest, const uint8_t const *src,
                                                                  ^

cbits/text-helper.c:72:38: error:
     warning: duplicate 'const' declaration specifier [-Wduplicate-decl-specifier]
                           const uint8_t const *srcend)
                                         ^

cbits/text-helper.c:133:19: error:
     warning: duplicate 'const' declaration specifier [-Wduplicate-decl-specifier]
                             const uint8_t const **src, const uint8_t const *srcend,
                                           ^

cbits/text-helper.c:133:46: error:
     warning: duplicate 'const' declaration specifier [-Wduplicate-decl-specifier]
                             const uint8_t const **src, const uint8_t const *srcend,
                                                                      ^

cbits/text-helper.c:140:19: error:
     warning: duplicate 'const' declaration specifier [-Wduplicate-decl-specifier]
                             const uint8_t const **src, const uint8_t const *srcend,
                                           ^

cbits/text-helper.c:140:46: error:
     warning: duplicate 'const' declaration specifier [-Wduplicate-decl-specifier]
                             const uint8_t const **src, const uint8_t const *srcend,
                                                                      ^

cbits/text-helper.c:205:42: error:
     warning: duplicate 'const' declaration specifier [-Wduplicate-decl-specifier]
                               const uint8_t const **src,
                                             ^

cbits/text-helper.c:206:21: error:
     warning: duplicate 'const' declaration specifier [-Wduplicate-decl-specifier]
                               const uint8_t const *srcend,
                                             ^
8 warnings generated.

cbits/zlib-helper.c:32:45: error:
     warning: passing 'const char *' to parameter of type 'const Bytef *' (aka 'const unsigned char *') converts between pointers to integer types with different sign [-Wpointer-sign]
            return inflateSetDictionary(stream, dictionary, dictLength);
                                                ^~~~~~~~~~

include/zlib.h:737:59: error:
     note: passing argument to parameter 'dictionary' here
                                                 const Bytef *dictionary,
                                                              ^

cbits/zlib-helper.c:37:45: error:
     warning: passing 'const char *' to parameter of type 'const Bytef *' (aka 'const unsigned char *') converts between pointers to integer types with different sign [-Wpointer-sign]
            return deflateSetDictionary(stream, dictionary, dictLength);
                                                ^~~~~~~~~~

include/zlib.h:539:59: error:
     note: passing argument to parameter 'dictionary' here
                                                 const Bytef *dictionary,
                                                              ^

cbits/zlib-helper.c:48:18: error:
     warning: assigning to 'Bytef *' (aka 'unsigned char *') from 'char *' converts between pointers to integer types with different sign [-Wpointer-sign]
            stream->next_in = buff;
                            ^ ~~~~

cbits/zlib-helper.c:54:19: error:
     warning: assigning to 'Bytef *' (aka 'unsigned char *') from 'char *' converts between pointers to integer types with different sign [-Wpointer-sign]
            stream->next_out = buff;
                             ^ ~~~~

cbits/zlib-helper.c:75:9: error:
     warning: returning 'Bytef *' (aka 'unsigned char *') from a function with result type 'char *' converts between pointers to integer types with different sign [-Wpointer-sign]
            return stream->next_in;
                   ^~~~~~~~~~~~~~~
5 warnings generated.

cbits/zlib-helper.c:32:45: error:
     warning: passing 'const char *' to parameter of type 'const Bytef *' (aka 'const unsigned char *') converts between pointers to integer types with different sign [-Wpointer-sign]
            return inflateSetDictionary(stream, dictionary, dictLength);
                                                ^~~~~~~~~~

include/zlib.h:737:59: error:
     note: passing argument to parameter 'dictionary' here
                                                 const Bytef *dictionary,
                                                              ^

cbits/zlib-helper.c:37:45: error:
     warning: passing 'const char *' to parameter of type 'const Bytef *' (aka 'const unsigned char *') converts between pointers to integer types with different sign [-Wpointer-sign]
            return deflateSetDictionary(stream, dictionary, dictLength);
                                                ^~~~~~~~~~

include/zlib.h:539:59: error:
     note: passing argument to parameter 'dictionary' here
                                                 const Bytef *dictionary,
                                                              ^

cbits/zlib-helper.c:48:18: error:
     warning: assigning to 'Bytef *' (aka 'unsigned char *') from 'char *' converts between pointers to integer types with different sign [-Wpointer-sign]
            stream->next_in = buff;
                            ^ ~~~~

cbits/zlib-helper.c:54:19: error:
     warning: assigning to 'Bytef *' (aka 'unsigned char *') from 'char *' converts between pointers to integer types with different sign [-Wpointer-sign]
            stream->next_out = buff;
                             ^ ~~~~

cbits/zlib-helper.c:75:9: error:
     warning: returning 'Bytef *' (aka 'unsigned char *') from a function with result type 'char *' converts between pointers to integer types with different sign [-Wpointer-sign]
            return stream->next_in;
                   ^~~~~~~~~~~~~~~
5 warnings generated.

cbits/zlib-helper.c:32:45: error:
     warning: passing 'const char *' to parameter of type 'const Bytef *' (aka 'const unsigned char *') converts between pointers to integer types with different sign [-Wpointer-sign]
            return inflateSetDictionary(stream, dictionary, dictLength);
                                                ^~~~~~~~~~

include/zlib.h:737:59: error:
     note: passing argument to parameter 'dictionary' here
                                                 const Bytef *dictionary,
                                                              ^

cbits/zlib-helper.c:37:45: error:
     warning: passing 'const char *' to parameter of type 'const Bytef *' (aka 'const unsigned char *') converts between pointers to integer types with different sign [-Wpointer-sign]
            return deflateSetDictionary(stream, dictionary, dictLength);
                                                ^~~~~~~~~~

include/zlib.h:539:59: error:
     note: passing argument to parameter 'dictionary' here
                                                 const Bytef *dictionary,
                                                              ^

cbits/zlib-helper.c:48:18: error:
     warning: assigning to 'Bytef *' (aka 'unsigned char *') from 'char *' converts between pointers to integer types with different sign [-Wpointer-sign]
            stream->next_in = buff;
                            ^ ~~~~

cbits/zlib-helper.c:54:19: error:
     warning: assigning to 'Bytef *' (aka 'unsigned char *') from 'char *' converts between pointers to integer types with different sign [-Wpointer-sign]
            stream->next_out = buff;
                             ^ ~~~~

cbits/zlib-helper.c:75:9: error:
     warning: returning 'Bytef *' (aka 'unsigned char *') from a function with result type 'char *' converts between pointers to integer types with different sign [-Wpointer-sign]
            return stream->next_in;
                   ^~~~~~~~~~~~~~~
5 warnings generated.
Running Haddock for streaming-commons-0.2.1.0...
Preprocessing library streaming-commons-0.2.1.0...
Haddock coverage:
 100% (  2 /  2) in 'Data.Text.Internal.Unsafe.Shift'
  33% (  2 /  6) in 'Data.Text.Internal.Unsafe.Char'
  Missing documentation for:
    ord (Data/Text/Internal/Unsafe/Char.hs:39)
    unsafeChr (Data/Text/Internal/Unsafe/Char.hs:43)
    unsafeChr8 (Data/Text/Internal/Unsafe/Char.hs:47)
    unsafeChr32 (Data/Text/Internal/Unsafe/Char.hs:51)
  17% (  2 / 12) in 'Data.Text.Internal.Encoding.Utf8'
  Missing documentation for:
    ord2 (Data/Text/Internal/Encoding/Utf8.hs:58)
    ord3 (Data/Text/Internal/Encoding/Utf8.hs:69)
    ord4 (Data/Text/Internal/Encoding/Utf8.hs:81)
    chr2 (Data/Text/Internal/Encoding/Utf8.hs:94)
    chr3 (Data/Text/Internal/Encoding/Utf8.hs:103)
    chr4 (Data/Text/Internal/Encoding/Utf8.hs:114)
    validate1 (Data/Text/Internal/Encoding/Utf8.hs:128)
    validate2 (Data/Text/Internal/Encoding/Utf8.hs:132)
    validate3 (Data/Text/Internal/Encoding/Utf8.hs:136)
    validate4 (Data/Text/Internal/Encoding/Utf8.hs:153)
  50% (  1 /  2) in 'Data.Text.Internal.Encoding.Utf32'
  Missing documentation for:
    validate (Data/Text/Internal/Encoding/Utf32.hs:24)
  25% (  1 /  4) in 'Data.Text.Internal.Encoding.Utf16'
  Missing documentation for:
    chr2 (Data/Text/Internal/Encoding/Utf16.hs:29)
    validate1 (Data/Text/Internal/Encoding/Utf16.hs:38)
    validate2 (Data/Text/Internal/Encoding/Utf16.hs:42)
   0% (  0 / 21) in 'Data.Streaming.Zlib.Lowlevel'
  Missing documentation for:
    Module header
    ZStreamStruct (Data/Streaming/Zlib/Lowlevel.hs:30)
    ZStream' (Data/Streaming/Zlib/Lowlevel.hs:31)
    zstreamNew (Data/Streaming/Zlib/Lowlevel.hs:41)
    Strategy (Data/Streaming/Zlib/Lowlevel.hs:33)
    deflateInit2 (Data/Streaming/Zlib/Lowlevel.hs:48)
    inflateInit2 (Data/Streaming/Zlib/Lowlevel.hs:57)
    c_free_z_stream_inflate (Data/Streaming/Zlib/Lowlevel.hs:60)
    c_free_z_stream_deflate (Data/Streaming/Zlib/Lowlevel.hs:63)
    c_set_avail_in (Data/Streaming/Zlib/Lowlevel.hs:66)
    c_set_avail_out (Data/Streaming/Zlib/Lowlevel.hs:69)
    c_get_avail_out (Data/Streaming/Zlib/Lowlevel.hs:72)
    c_get_avail_in (Data/Streaming/Zlib/Lowlevel.hs:75)
    c_get_next_in (Data/Streaming/Zlib/Lowlevel.hs:78)
    c_call_inflate_noflush (Data/Streaming/Zlib/Lowlevel.hs:81)
    c_call_deflate_noflush (Data/Streaming/Zlib/Lowlevel.hs:84)
    c_call_deflate_finish (Data/Streaming/Zlib/Lowlevel.hs:87)
    c_call_deflate_flush (Data/Streaming/Zlib/Lowlevel.hs:90)
    c_call_deflate_full_flush (Data/Streaming/Zlib/Lowlevel.hs:93)
    c_call_deflate_set_dictionary (Data/Streaming/Zlib/Lowlevel.hs:96)
    c_call_inflate_set_dictionary (Data/Streaming/Zlib/Lowlevel.hs:99)
  96% ( 23 / 24) in 'Data.Streaming.Zlib'
  Missing documentation for:
    PopperRes (Data/Streaming/Zlib.hs:218)
  90% (  9 / 10) in 'Data.Streaming.Text'
  Missing documentation for:
    DecodeResult (Data/Streaming/Text.hs:81)
  75% (  3 /  4) in 'Data.Streaming.Process.Internal'
  Missing documentation for:
    Module header
 100% ( 24 / 24) in 'Data.Streaming.Process'
  89% (  8 /  9) in 'Data.Streaming.Network.Internal'
  Missing documentation for:
    Module header
  68% ( 52 / 76) in 'Data.Streaming.Network'
  Missing documentation for:
    Module header
    message (Data/Streaming/Network.hs:468)
    HasPort (Data/Streaming/Network.hs:471)
    HasAfterBind (Data/Streaming/Network.hs:523)
    HasReadWrite (Data/Streaming/Network.hs:641)
    HasPath (Data/Streaming/Network.hs:503)
    setPort (Data/Streaming/Network.hs:481)
    setHost (Data/Streaming/Network.hs:484)
    setAfterBind (Data/Streaming/Network.hs:535)
    setNeedLocalAddr (Data/Streaming/Network.hs:517)
    setPath (Data/Streaming/Network.hs:513)
    getPort (Data/Streaming/Network.hs:478)
    getHost (Data/Streaming/Network.hs:487)
    getAfterBind (Data/Streaming/Network.hs:532)
    getNeedLocalAddr (Data/Streaming/Network.hs:520)
    getPath (Data/Streaming/Network.hs:510)
    appRead (Data/Streaming/Network.hs:653)
    appWrite (Data/Streaming/Network.hs:656)
    appSockAddr (Data/Streaming/Network.hs:625)
    appLocalAddr (Data/Streaming/Network.hs:622)
    unassignedPorts (Data/Streaming/Network.hs:228)
    safeRecv (Data/Streaming/Network.hs:333)
    ConnectionHandle (Data/Streaming/Network.hs:568)
    runTCPServerWithHandle (Data/Streaming/Network.hs:570)
  43% (  3 /  7) in 'Data.Streaming.Filesystem'
  Missing documentation for:
    DirStream
    readDirStream (Data/Streaming/Filesystem.hs:66)
    FileType (Data/Streaming/Filesystem.hs:94)
    getFileType (Data/Streaming/Filesystem.hs:75)
  20% (  1 /  5) in 'Data.Streaming.FileRead'
  Missing documentation for:
    ReadHandle (Data/Streaming/FileRead.hs:26)
    openFile (Data/Streaming/FileRead.hs:28)
    closeFile (Data/Streaming/FileRead.hs:31)
    readChunk (Data/Streaming/FileRead.hs:34)
  95% ( 19 / 20) in 'Data.Streaming.ByteString.Builder.Buffer'
  Missing documentation for:
    defaultStrategy (Data/Streaming/ByteString/Builder/Buffer.hs:198)
  82% ( 23 / 28) in 'Data.Streaming.ByteString.Builder'
  Missing documentation for:
    BuilderRecv (Data/Streaming/ByteString/Builder.hs:75)
    BuilderFinish (Data/Streaming/ByteString/Builder.hs:77)
    newBuilderRecv (Data/Streaming/ByteString/Builder.hs:79)
    newByteStringBuilderRecv (Data/Streaming/ByteString/Builder.hs:83)
    defaultStrategy (Data/Streaming/ByteString/Builder/Buffer.hs:198)
Documentation created:
dist/dist-sandbox-439155cc/doc/html/streaming-commons/index.html
Creating package registration file:
/var/folders/j4/_7_rznm11hd_yhh6f33n8rbc0000gp/T/pkgConf-streaming-commons-0.2.15371406231848682420.0
Installing library in
/Users/conorquinn1/Projects/ClientBindings/.cabal-sandbox/lib/x86_64-osx-ghc-8.0.2/streaming-commons-0.2.1.0-KHAEmLA0Yig3rqtnDdPHIG
Registering streaming-commons-0.2.1.0...
cabal: Leaving directory '/var/folders/j4/_7_rznm11hd_yhh6f33n8rbc0000gp/T/cabal-tmp-80686/streaming-commons-0.2.1.0'
