cabal: Entering directory '/var/folders/j4/_7_rznm11hd_yhh6f33n8rbc0000gp/T/cabal-tmp-80693/tagged-0.8.6'
Configuring tagged-0.8.6...
Building tagged-0.8.6...
Preprocessing library tagged-0.8.6...
[1 of 2] Compiling Data.Tagged      ( src/Data/Tagged.hs, dist/dist-sandbox-439155cc/build/Data/Tagged.o )
[2 of 2] Compiling Data.Proxy.TH    ( src/Data/Proxy/TH.hs, dist/dist-sandbox-439155cc/build/Data/Proxy/TH.o )
[1 of 2] Compiling Data.Tagged      ( src/Data/Tagged.hs, dist/dist-sandbox-439155cc/build/Data/Tagged.p_o )
[2 of 2] Compiling Data.Proxy.TH    ( src/Data/Proxy/TH.hs, dist/dist-sandbox-439155cc/build/Data/Proxy/TH.p_o )
Running Haddock for tagged-0.8.6...
Preprocessing library tagged-0.8.6...
Haddock coverage:
  93% ( 14 / 15) in 'Data.Tagged'
  Missing documentation for:
    witness (src/Data/Tagged.hs:451)
  67% (  2 /  3) in 'Data.Proxy.TH'
  Missing documentation for:
    Module header
Warning: Data.Tagged: could not find link destinations for:
    unsafeIndex unsafeRangeSize
Documentation created: dist/dist-sandbox-439155cc/doc/html/tagged/index.html
Creating package registration file:
/var/folders/j4/_7_rznm11hd_yhh6f33n8rbc0000gp/T/pkgConf-tagged-0.818645465171351934195.6
Installing library in
/Users/conorquinn1/Projects/ClientBindings/.cabal-sandbox/lib/x86_64-osx-ghc-8.0.2/tagged-0.8.6-2az2XizuL4n6MnioN5IYBR
Registering tagged-0.8.6...
cabal: Leaving directory '/var/folders/j4/_7_rznm11hd_yhh6f33n8rbc0000gp/T/cabal-tmp-80693/tagged-0.8.6'
