cabal: Entering directory '/var/folders/j4/_7_rznm11hd_yhh6f33n8rbc0000gp/T/cabal-tmp-80695/th-abstraction-0.2.10.0'
Configuring th-abstraction-0.2.10.0...
Building th-abstraction-0.2.10.0...
Preprocessing library th-abstraction-0.2.10.0...
[1 of 2] Compiling Language.Haskell.TH.Datatype.Internal ( src/Language/Haskell/TH/Datatype/Internal.hs, dist/dist-sandbox-439155cc/build/Language/Haskell/TH/Datatype/Internal.o )
[2 of 2] Compiling Language.Haskell.TH.Datatype ( src/Language/Haskell/TH/Datatype.hs, dist/dist-sandbox-439155cc/build/Language/Haskell/TH/Datatype.o )
[1 of 2] Compiling Language.Haskell.TH.Datatype.Internal ( src/Language/Haskell/TH/Datatype/Internal.hs, dist/dist-sandbox-439155cc/build/Language/Haskell/TH/Datatype/Internal.p_o )
[2 of 2] Compiling Language.Haskell.TH.Datatype ( src/Language/Haskell/TH/Datatype.hs, dist/dist-sandbox-439155cc/build/Language/Haskell/TH/Datatype.p_o )
Running Haddock for th-abstraction-0.2.10.0...
Preprocessing library th-abstraction-0.2.10.0...
Haddock coverage:
  33% (  1 /  3) in 'Language.Haskell.TH.Datatype.Internal'
  Missing documentation for:
    eqTypeName (src/Language/Haskell/TH/Datatype/Internal.hs:17)
    starKindName (src/Language/Haskell/TH/Datatype/Internal.hs:27)
  92% ( 49 / 53) in 'Language.Haskell.TH.Datatype'
  Missing documentation for:
    arrowKCompat (src/Language/Haskell/TH/Datatype.hs:1800)
    isStrictAnnot (src/Language/Haskell/TH/Datatype.hs:261)
    notStrictAnnot (src/Language/Haskell/TH/Datatype.hs:261)
    unpackedAnnot (src/Language/Haskell/TH/Datatype.hs:261)
Warning: Language.Haskell.TH.Datatype: could not find link destinations for:
    mergeArguments
Documentation created:
dist/dist-sandbox-439155cc/doc/html/th-abstraction/index.html
Creating package registration file:
/var/folders/j4/_7_rznm11hd_yhh6f33n8rbc0000gp/T/pkgConf-th-abstraction-0.2.1015810301051557810404.0
Installing library in
/Users/conorquinn1/Projects/ClientBindings/.cabal-sandbox/lib/x86_64-osx-ghc-8.0.2/th-abstraction-0.2.10.0-IbqmuMs9frjBDPqWUjlObU
Registering th-abstraction-0.2.10.0...
cabal: Leaving directory '/var/folders/j4/_7_rznm11hd_yhh6f33n8rbc0000gp/T/cabal-tmp-80695/th-abstraction-0.2.10.0'
