cabal: Entering directory '/var/folders/j4/_7_rznm11hd_yhh6f33n8rbc0000gp/T/cabal-tmp-80678/tls-1.4.1'
Configuring tls-1.4.1...
Building tls-1.4.1...
Preprocessing library tls-1.4.1...
[ 1 of 52] Compiling Network.TLS.X509 ( Network/TLS/X509.hs, dist/dist-sandbox-439155cc/build/Network/TLS/X509.o )
[ 2 of 52] Compiling Network.TLS.Util.Serialization ( Network/TLS/Util/Serialization.hs, dist/dist-sandbox-439155cc/build/Network/TLS/Util/Serialization.o )
[ 3 of 52] Compiling Network.TLS.RNG  ( Network/TLS/RNG.hs, dist/dist-sandbox-439155cc/build/Network/TLS/RNG.o )
[ 4 of 52] Compiling Network.TLS.Imports ( Network/TLS/Imports.hs, dist/dist-sandbox-439155cc/build/Network/TLS/Imports.o )
[ 5 of 52] Compiling Network.TLS.Measurement ( Network/TLS/Measurement.hs, dist/dist-sandbox-439155cc/build/Network/TLS/Measurement.o )
[ 6 of 52] Compiling Network.TLS.Types ( Network/TLS/Types.hs, dist/dist-sandbox-439155cc/build/Network/TLS/Types.o )
[ 7 of 52] Compiling Network.TLS.Session ( Network/TLS/Session.hs, dist/dist-sandbox-439155cc/build/Network/TLS/Session.o )
[ 8 of 52] Compiling Network.TLS.Util ( Network/TLS/Util.hs, dist/dist-sandbox-439155cc/build/Network/TLS/Util.o )
[ 9 of 52] Compiling Network.TLS.Util.ASN1 ( Network/TLS/Util/ASN1.hs, dist/dist-sandbox-439155cc/build/Network/TLS/Util/ASN1.o )
[10 of 52] Compiling Network.TLS.ErrT ( Network/TLS/ErrT.hs, dist/dist-sandbox-439155cc/build/Network/TLS/ErrT.o )
[11 of 52] Compiling Network.TLS.Crypto.Types ( Network/TLS/Crypto/Types.hs, dist/dist-sandbox-439155cc/build/Network/TLS/Crypto/Types.o )
[12 of 52] Compiling Network.TLS.Crypto.DH ( Network/TLS/Crypto/DH.hs, dist/dist-sandbox-439155cc/build/Network/TLS/Crypto/DH.o )
[13 of 52] Compiling Network.TLS.Extra.FFDHE ( Network/TLS/Extra/FFDHE.hs, dist/dist-sandbox-439155cc/build/Network/TLS/Extra/FFDHE.o )
[14 of 52] Compiling Network.TLS.Crypto.IES ( Network/TLS/Crypto/IES.hs, dist/dist-sandbox-439155cc/build/Network/TLS/Crypto/IES.o )
[15 of 52] Compiling Network.TLS.Crypto ( Network/TLS/Crypto.hs, dist/dist-sandbox-439155cc/build/Network/TLS/Crypto.o )
[16 of 52] Compiling Network.TLS.MAC  ( Network/TLS/MAC.hs, dist/dist-sandbox-439155cc/build/Network/TLS/MAC.o )
[17 of 52] Compiling Network.TLS.Struct ( Network/TLS/Struct.hs, dist/dist-sandbox-439155cc/build/Network/TLS/Struct.o )
[18 of 52] Compiling Network.TLS.Hooks ( Network/TLS/Hooks.hs, dist/dist-sandbox-439155cc/build/Network/TLS/Hooks.o )
[19 of 52] Compiling Network.TLS.Wire ( Network/TLS/Wire.hs, dist/dist-sandbox-439155cc/build/Network/TLS/Wire.o )
[20 of 52] Compiling Network.TLS.Credentials ( Network/TLS/Credentials.hs, dist/dist-sandbox-439155cc/build/Network/TLS/Credentials.o )
[21 of 52] Compiling Network.TLS.Compression ( Network/TLS/Compression.hs, dist/dist-sandbox-439155cc/build/Network/TLS/Compression.o )
[22 of 52] Compiling Network.TLS.Cipher ( Network/TLS/Cipher.hs, dist/dist-sandbox-439155cc/build/Network/TLS/Cipher.o )
[23 of 52] Compiling Network.TLS.Extra.Cipher ( Network/TLS/Extra/Cipher.hs, dist/dist-sandbox-439155cc/build/Network/TLS/Extra/Cipher.o )
[24 of 52] Compiling Network.TLS.Extra ( Network/TLS/Extra.hs, dist/dist-sandbox-439155cc/build/Network/TLS/Extra.o )
[25 of 52] Compiling Network.TLS.Cap  ( Network/TLS/Cap.hs, dist/dist-sandbox-439155cc/build/Network/TLS/Cap.o )
[26 of 52] Compiling Network.TLS.Packet ( Network/TLS/Packet.hs, dist/dist-sandbox-439155cc/build/Network/TLS/Packet.o )
[27 of 52] Compiling Network.TLS.Extension ( Network/TLS/Extension.hs, dist/dist-sandbox-439155cc/build/Network/TLS/Extension.o )
[28 of 52] Compiling Network.TLS.Parameters ( Network/TLS/Parameters.hs, dist/dist-sandbox-439155cc/build/Network/TLS/Parameters.o )
[29 of 52] Compiling Network.TLS.State ( Network/TLS/State.hs, dist/dist-sandbox-439155cc/build/Network/TLS/State.o )
[30 of 52] Compiling Network.TLS.Record.State ( Network/TLS/Record/State.hs, dist/dist-sandbox-439155cc/build/Network/TLS/Record/State.o )
[31 of 52] Compiling Network.TLS.Handshake.State ( Network/TLS/Handshake/State.hs, dist/dist-sandbox-439155cc/build/Network/TLS/Handshake/State.o )
[32 of 52] Compiling Network.TLS.Record.Types ( Network/TLS/Record/Types.hs, dist/dist-sandbox-439155cc/build/Network/TLS/Record/Types.o )
[33 of 52] Compiling Network.TLS.Record.Disengage ( Network/TLS/Record/Disengage.hs, dist/dist-sandbox-439155cc/build/Network/TLS/Record/Disengage.o )
[34 of 52] Compiling Network.TLS.Record.Engage ( Network/TLS/Record/Engage.hs, dist/dist-sandbox-439155cc/build/Network/TLS/Record/Engage.o )
[35 of 52] Compiling Network.TLS.Record ( Network/TLS/Record.hs, dist/dist-sandbox-439155cc/build/Network/TLS/Record.o )
[36 of 52] Compiling Network.TLS.Backend ( Network/TLS/Backend.hs, dist/dist-sandbox-439155cc/build/Network/TLS/Backend.o )
[37 of 52] Compiling Network.TLS.Context.Internal ( Network/TLS/Context/Internal.hs, dist/dist-sandbox-439155cc/build/Network/TLS/Context/Internal.o )
[38 of 52] Compiling Network.TLS.Handshake.Certificate ( Network/TLS/Handshake/Certificate.hs, dist/dist-sandbox-439155cc/build/Network/TLS/Handshake/Certificate.o )
[39 of 52] Compiling Network.TLS.Handshake.Key ( Network/TLS/Handshake/Key.hs, dist/dist-sandbox-439155cc/build/Network/TLS/Handshake/Key.o )
[40 of 52] Compiling Network.TLS.Handshake.Process ( Network/TLS/Handshake/Process.hs, dist/dist-sandbox-439155cc/build/Network/TLS/Handshake/Process.o )
[41 of 52] Compiling Network.TLS.Handshake.Signature ( Network/TLS/Handshake/Signature.hs, dist/dist-sandbox-439155cc/build/Network/TLS/Handshake/Signature.o )
[42 of 52] Compiling Network.TLS.Receiving ( Network/TLS/Receiving.hs, dist/dist-sandbox-439155cc/build/Network/TLS/Receiving.o )
[43 of 52] Compiling Network.TLS.Sending ( Network/TLS/Sending.hs, dist/dist-sandbox-439155cc/build/Network/TLS/Sending.o )
[44 of 52] Compiling Network.TLS.IO   ( Network/TLS/IO.hs, dist/dist-sandbox-439155cc/build/Network/TLS/IO.o )
[45 of 52] Compiling Network.TLS.Handshake.Common ( Network/TLS/Handshake/Common.hs, dist/dist-sandbox-439155cc/build/Network/TLS/Handshake/Common.o )
[46 of 52] Compiling Network.TLS.Handshake.Client ( Network/TLS/Handshake/Client.hs, dist/dist-sandbox-439155cc/build/Network/TLS/Handshake/Client.o )

Network/TLS/Handshake/Client.hs:273:13: warning: [-Wincomplete-patterns]
    Pattern match(es) are non-exhaustive
    In a case alternative:
        Patterns not matched:
            (PrivKeyEC _)
            (PrivKeyX25519 _)
            (PrivKeyX448 _)
            (PrivKeyEd25519 _)
            ...
[47 of 52] Compiling Network.TLS.Handshake.Server ( Network/TLS/Handshake/Server.hs, dist/dist-sandbox-439155cc/build/Network/TLS/Handshake/Server.o )
[48 of 52] Compiling Network.TLS.Handshake ( Network/TLS/Handshake.hs, dist/dist-sandbox-439155cc/build/Network/TLS/Handshake.o )
[49 of 52] Compiling Network.TLS.Context ( Network/TLS/Context.hs, dist/dist-sandbox-439155cc/build/Network/TLS/Context.o )
[50 of 52] Compiling Network.TLS.Core ( Network/TLS/Core.hs, dist/dist-sandbox-439155cc/build/Network/TLS/Core.o )
[51 of 52] Compiling Network.TLS.Internal ( Network/TLS/Internal.hs, dist/dist-sandbox-439155cc/build/Network/TLS/Internal.o )
[52 of 52] Compiling Network.TLS      ( Network/TLS.hs, dist/dist-sandbox-439155cc/build/Network/TLS.o )
[ 1 of 52] Compiling Network.TLS.X509 ( Network/TLS/X509.hs, dist/dist-sandbox-439155cc/build/Network/TLS/X509.p_o )
[ 2 of 52] Compiling Network.TLS.Util.Serialization ( Network/TLS/Util/Serialization.hs, dist/dist-sandbox-439155cc/build/Network/TLS/Util/Serialization.p_o )
[ 3 of 52] Compiling Network.TLS.RNG  ( Network/TLS/RNG.hs, dist/dist-sandbox-439155cc/build/Network/TLS/RNG.p_o )
[ 4 of 52] Compiling Network.TLS.Imports ( Network/TLS/Imports.hs, dist/dist-sandbox-439155cc/build/Network/TLS/Imports.p_o )
[ 5 of 52] Compiling Network.TLS.Measurement ( Network/TLS/Measurement.hs, dist/dist-sandbox-439155cc/build/Network/TLS/Measurement.p_o )
[ 6 of 52] Compiling Network.TLS.Types ( Network/TLS/Types.hs, dist/dist-sandbox-439155cc/build/Network/TLS/Types.p_o )
[ 7 of 52] Compiling Network.TLS.Session ( Network/TLS/Session.hs, dist/dist-sandbox-439155cc/build/Network/TLS/Session.p_o )
[ 8 of 52] Compiling Network.TLS.Util ( Network/TLS/Util.hs, dist/dist-sandbox-439155cc/build/Network/TLS/Util.p_o )
[ 9 of 52] Compiling Network.TLS.Util.ASN1 ( Network/TLS/Util/ASN1.hs, dist/dist-sandbox-439155cc/build/Network/TLS/Util/ASN1.p_o )
[10 of 52] Compiling Network.TLS.ErrT ( Network/TLS/ErrT.hs, dist/dist-sandbox-439155cc/build/Network/TLS/ErrT.p_o )
[11 of 52] Compiling Network.TLS.Crypto.Types ( Network/TLS/Crypto/Types.hs, dist/dist-sandbox-439155cc/build/Network/TLS/Crypto/Types.p_o )
[12 of 52] Compiling Network.TLS.Crypto.DH ( Network/TLS/Crypto/DH.hs, dist/dist-sandbox-439155cc/build/Network/TLS/Crypto/DH.p_o )
[13 of 52] Compiling Network.TLS.Extra.FFDHE ( Network/TLS/Extra/FFDHE.hs, dist/dist-sandbox-439155cc/build/Network/TLS/Extra/FFDHE.p_o )
[14 of 52] Compiling Network.TLS.Crypto.IES ( Network/TLS/Crypto/IES.hs, dist/dist-sandbox-439155cc/build/Network/TLS/Crypto/IES.p_o )
[15 of 52] Compiling Network.TLS.Crypto ( Network/TLS/Crypto.hs, dist/dist-sandbox-439155cc/build/Network/TLS/Crypto.p_o )
[16 of 52] Compiling Network.TLS.MAC  ( Network/TLS/MAC.hs, dist/dist-sandbox-439155cc/build/Network/TLS/MAC.p_o )
[17 of 52] Compiling Network.TLS.Struct ( Network/TLS/Struct.hs, dist/dist-sandbox-439155cc/build/Network/TLS/Struct.p_o )
[18 of 52] Compiling Network.TLS.Hooks ( Network/TLS/Hooks.hs, dist/dist-sandbox-439155cc/build/Network/TLS/Hooks.p_o )
[19 of 52] Compiling Network.TLS.Wire ( Network/TLS/Wire.hs, dist/dist-sandbox-439155cc/build/Network/TLS/Wire.p_o )
[20 of 52] Compiling Network.TLS.Credentials ( Network/TLS/Credentials.hs, dist/dist-sandbox-439155cc/build/Network/TLS/Credentials.p_o )
[21 of 52] Compiling Network.TLS.Compression ( Network/TLS/Compression.hs, dist/dist-sandbox-439155cc/build/Network/TLS/Compression.p_o )
[22 of 52] Compiling Network.TLS.Cipher ( Network/TLS/Cipher.hs, dist/dist-sandbox-439155cc/build/Network/TLS/Cipher.p_o )
[23 of 52] Compiling Network.TLS.Extra.Cipher ( Network/TLS/Extra/Cipher.hs, dist/dist-sandbox-439155cc/build/Network/TLS/Extra/Cipher.p_o )
[24 of 52] Compiling Network.TLS.Extra ( Network/TLS/Extra.hs, dist/dist-sandbox-439155cc/build/Network/TLS/Extra.p_o )
[25 of 52] Compiling Network.TLS.Cap  ( Network/TLS/Cap.hs, dist/dist-sandbox-439155cc/build/Network/TLS/Cap.p_o )
[26 of 52] Compiling Network.TLS.Packet ( Network/TLS/Packet.hs, dist/dist-sandbox-439155cc/build/Network/TLS/Packet.p_o )
[27 of 52] Compiling Network.TLS.Extension ( Network/TLS/Extension.hs, dist/dist-sandbox-439155cc/build/Network/TLS/Extension.p_o )
[28 of 52] Compiling Network.TLS.Parameters ( Network/TLS/Parameters.hs, dist/dist-sandbox-439155cc/build/Network/TLS/Parameters.p_o )
[29 of 52] Compiling Network.TLS.State ( Network/TLS/State.hs, dist/dist-sandbox-439155cc/build/Network/TLS/State.p_o )
[30 of 52] Compiling Network.TLS.Record.State ( Network/TLS/Record/State.hs, dist/dist-sandbox-439155cc/build/Network/TLS/Record/State.p_o )
[31 of 52] Compiling Network.TLS.Handshake.State ( Network/TLS/Handshake/State.hs, dist/dist-sandbox-439155cc/build/Network/TLS/Handshake/State.p_o )
[32 of 52] Compiling Network.TLS.Record.Types ( Network/TLS/Record/Types.hs, dist/dist-sandbox-439155cc/build/Network/TLS/Record/Types.p_o )
[33 of 52] Compiling Network.TLS.Record.Disengage ( Network/TLS/Record/Disengage.hs, dist/dist-sandbox-439155cc/build/Network/TLS/Record/Disengage.p_o )
[34 of 52] Compiling Network.TLS.Record.Engage ( Network/TLS/Record/Engage.hs, dist/dist-sandbox-439155cc/build/Network/TLS/Record/Engage.p_o )
[35 of 52] Compiling Network.TLS.Record ( Network/TLS/Record.hs, dist/dist-sandbox-439155cc/build/Network/TLS/Record.p_o )
[36 of 52] Compiling Network.TLS.Backend ( Network/TLS/Backend.hs, dist/dist-sandbox-439155cc/build/Network/TLS/Backend.p_o )
[37 of 52] Compiling Network.TLS.Context.Internal ( Network/TLS/Context/Internal.hs, dist/dist-sandbox-439155cc/build/Network/TLS/Context/Internal.p_o )
[38 of 52] Compiling Network.TLS.Handshake.Certificate ( Network/TLS/Handshake/Certificate.hs, dist/dist-sandbox-439155cc/build/Network/TLS/Handshake/Certificate.p_o )
[39 of 52] Compiling Network.TLS.Handshake.Key ( Network/TLS/Handshake/Key.hs, dist/dist-sandbox-439155cc/build/Network/TLS/Handshake/Key.p_o )
[40 of 52] Compiling Network.TLS.Handshake.Process ( Network/TLS/Handshake/Process.hs, dist/dist-sandbox-439155cc/build/Network/TLS/Handshake/Process.p_o )
[41 of 52] Compiling Network.TLS.Handshake.Signature ( Network/TLS/Handshake/Signature.hs, dist/dist-sandbox-439155cc/build/Network/TLS/Handshake/Signature.p_o )
[42 of 52] Compiling Network.TLS.Receiving ( Network/TLS/Receiving.hs, dist/dist-sandbox-439155cc/build/Network/TLS/Receiving.p_o )
[43 of 52] Compiling Network.TLS.Sending ( Network/TLS/Sending.hs, dist/dist-sandbox-439155cc/build/Network/TLS/Sending.p_o )
[44 of 52] Compiling Network.TLS.IO   ( Network/TLS/IO.hs, dist/dist-sandbox-439155cc/build/Network/TLS/IO.p_o )
[45 of 52] Compiling Network.TLS.Handshake.Common ( Network/TLS/Handshake/Common.hs, dist/dist-sandbox-439155cc/build/Network/TLS/Handshake/Common.p_o )
[46 of 52] Compiling Network.TLS.Handshake.Client ( Network/TLS/Handshake/Client.hs, dist/dist-sandbox-439155cc/build/Network/TLS/Handshake/Client.p_o )

Network/TLS/Handshake/Client.hs:273:13: warning: [-Wincomplete-patterns]
    Pattern match(es) are non-exhaustive
    In a case alternative:
        Patterns not matched:
            (PrivKeyEC _)
            (PrivKeyX25519 _)
            (PrivKeyX448 _)
            (PrivKeyEd25519 _)
            ...
[47 of 52] Compiling Network.TLS.Handshake.Server ( Network/TLS/Handshake/Server.hs, dist/dist-sandbox-439155cc/build/Network/TLS/Handshake/Server.p_o )
[48 of 52] Compiling Network.TLS.Handshake ( Network/TLS/Handshake.hs, dist/dist-sandbox-439155cc/build/Network/TLS/Handshake.p_o )
[49 of 52] Compiling Network.TLS.Context ( Network/TLS/Context.hs, dist/dist-sandbox-439155cc/build/Network/TLS/Context.p_o )
[50 of 52] Compiling Network.TLS.Core ( Network/TLS/Core.hs, dist/dist-sandbox-439155cc/build/Network/TLS/Core.p_o )
[51 of 52] Compiling Network.TLS.Internal ( Network/TLS/Internal.hs, dist/dist-sandbox-439155cc/build/Network/TLS/Internal.p_o )
[52 of 52] Compiling Network.TLS      ( Network/TLS.hs, dist/dist-sandbox-439155cc/build/Network/TLS.p_o )
Running Haddock for tls-1.4.1...
Preprocessing library tls-1.4.1...
Haddock coverage:
  81% ( 13 / 16) in 'Network.TLS.X509'
  Missing documentation for:
    isNullCertificateChain (Network/TLS/X509.hs:32)
    getCertificateChainLeaf (Network/TLS/X509.hs:35)
    wrapCertificateChecks (Network/TLS/X509.hs:53)
  60% (  3 /  5) in 'Network.TLS.Util.Serialization'
  Missing documentation for:
    Module header
    lengthBytes (Network/TLS/Util/Serialization.hs:11)
  40% (  4 / 10) in 'Network.TLS.RNG'
  Missing documentation for:
    Module header
    StateRNG (Network/TLS/RNG.hs:17)
    Seed
    withTLSRNG (Network/TLS/RNG.hs:23)
    newStateRNG (Network/TLS/RNG.hs:28)
    getRandomBytes
  92% ( 11 / 12) in 'Network.TLS.Imports'
  Missing documentation for:
    showBytesHex (Network/TLS/Imports.hs:63)
  29% (  2 /  7) in 'Network.TLS.Measurement'
  Missing documentation for:
    newMeasurement (Network/TLS/Measurement.hs:26)
    addBytesReceived (Network/TLS/Measurement.hs:33)
    addBytesSent (Network/TLS/Measurement.hs:37)
    resetBytesCounters (Network/TLS/Measurement.hs:41)
    incrementNbHandshakes (Network/TLS/Measurement.hs:44)
  89% (  8 /  9) in 'Network.TLS.Types'
  Missing documentation for:
    invertRole (Network/TLS/Types.hs:54)
  67% (  2 /  3) in 'Network.TLS.Session'
  Missing documentation for:
    noSessionManager (Network/TLS/Session.hs:25)
  27% (  3 / 11) in 'Network.TLS.Util'
  Missing documentation for:
    Module header
    sub (Network/TLS/Util.hs:21)
    takelast (Network/TLS/Util.hs:26)
    partition3 (Network/TLS/Util.hs:31)
    partition6 (Network/TLS/Util.hs:41)
    fromJust (Network/TLS/Util.hs:51)
    fmapEither (Network/TLS/Util.hs:74)
    catchException (Network/TLS/Util.hs:77)
 100% (  3 /  3) in 'Network.TLS.Util.ASN1'
  60% (  3 /  5) in 'Network.TLS.ErrT'
  Missing documentation for:
    runErrT (Network/TLS/ErrT.hs:20)
    ErrT (Network/TLS/ErrT.hs:22)
  17% (  1 /  6) in 'Network.TLS.Crypto.Types'
  Missing documentation for:
    Group (Network/TLS/Crypto/Types.hs:10)
    availableFFGroups (Network/TLS/Crypto/Types.hs:14)
    availableECGroups (Network/TLS/Crypto/Types.hs:17)
    availableGroups (Network/TLS/Crypto/Types.hs:20)
    DigitalSignatureAlg (Network/TLS/Crypto/Types.hs:25)
  12% (  2 / 17) in 'Network.TLS.Crypto.DH'
  Missing documentation for:
    Module header
    DHParams (Network/TLS/Crypto/DH.hs:29)
    DHPublic (Network/TLS/Crypto/DH.hs:27)
    DHPrivate (Network/TLS/Crypto/DH.hs:28)
    DHKey (Network/TLS/Crypto/DH.hs:30)
    dhPublic (Network/TLS/Crypto/DH.hs:32)
    dhPrivate (Network/TLS/Crypto/DH.hs:35)
    dhParams (Network/TLS/Crypto/DH.hs:38)
    dhParamsGetP (Network/TLS/Crypto/DH.hs:64)
    dhParamsGetG (Network/TLS/Crypto/DH.hs:67)
    dhGenerateKeyPair (Network/TLS/Crypto/DH.hs:41)
    dhGetShared (Network/TLS/Crypto/DH.hs:47)
    dhValid (Network/TLS/Crypto/DH.hs:58)
    dhUnwrap (Network/TLS/Crypto/DH.hs:61)
    dhUnwrapPublic (Network/TLS/Crypto/DH.hs:70)
 100% (  6 /  6) in 'Network.TLS.Extra.FFDHE'
  21% (  3 / 14) in 'Network.TLS.Crypto.IES'
  Missing documentation for:
    GroupPublic (Network/TLS/Crypto/IES.hs:51)
    GroupPrivate (Network/TLS/Crypto/IES.hs:39)
    GroupKey (Network/TLS/Crypto/IES.hs:63)
    groupGenerateKeyPair (Network/TLS/Crypto/IES.hs:88)
    groupGetPubShared (Network/TLS/Crypto/IES.hs:140)
    groupGetShared (Network/TLS/Crypto/IES.hs:190)
    encodeGroupPublic (Network/TLS/Crypto/IES.hs:210)
    decodeGroupPublic (Network/TLS/Crypto/IES.hs:225)
    dhParamsForGroup (Network/TLS/Crypto/IES.hs:80)
    dhGroupGenerateKeyPair (Network/TLS/Crypto/IES.hs:105)
    dhGroupGetPubShared (Network/TLS/Crypto/IES.hs:157)
  13% (  8 / 61) in 'Network.TLS.Crypto'
  Missing documentation for:
    Module header
    HashContext (Network/TLS/Crypto.hs:119)
    HashCtx (Network/TLS/Crypto.hs:128)
    hashInit (Network/TLS/Crypto.hs:90)
    hashUpdate (Network/TLS/Crypto.hs:99)
    hashUpdateSSL (Network/TLS/Crypto.hs:104)
    hashFinal (Network/TLS/Crypto.hs:111)
    DHParams (Network/TLS/Crypto/DH.hs:29)
    DHPublic (Network/TLS/Crypto/DH.hs:27)
    DHPrivate (Network/TLS/Crypto/DH.hs:28)
    DHKey (Network/TLS/Crypto/DH.hs:30)
    dhPublic (Network/TLS/Crypto/DH.hs:32)
    dhPrivate (Network/TLS/Crypto/DH.hs:35)
    dhParams (Network/TLS/Crypto/DH.hs:38)
    dhParamsGetP (Network/TLS/Crypto/DH.hs:64)
    dhParamsGetG (Network/TLS/Crypto/DH.hs:67)
    dhGenerateKeyPair (Network/TLS/Crypto/DH.hs:41)
    dhGetShared (Network/TLS/Crypto/DH.hs:47)
    dhValid (Network/TLS/Crypto/DH.hs:58)
    dhUnwrap (Network/TLS/Crypto/DH.hs:61)
    dhUnwrapPublic (Network/TLS/Crypto/DH.hs:70)
    GroupPublic (Network/TLS/Crypto/IES.hs:51)
    GroupPrivate (Network/TLS/Crypto/IES.hs:39)
    GroupKey (Network/TLS/Crypto/IES.hs:63)
    groupGenerateKeyPair (Network/TLS/Crypto/IES.hs:88)
    groupGetPubShared (Network/TLS/Crypto/IES.hs:140)
    groupGetShared (Network/TLS/Crypto/IES.hs:190)
    encodeGroupPublic (Network/TLS/Crypto/IES.hs:210)
    decodeGroupPublic (Network/TLS/Crypto/IES.hs:225)
    dhParamsForGroup (Network/TLS/Crypto/IES.hs:80)
    dhGroupGenerateKeyPair (Network/TLS/Crypto/IES.hs:105)
    dhGroupGetPubShared (Network/TLS/Crypto/IES.hs:157)
    Group (Network/TLS/Crypto/Types.hs:10)
    availableFFGroups (Network/TLS/Crypto/Types.hs:14)
    availableECGroups (Network/TLS/Crypto/Types.hs:17)
    availableGroups (Network/TLS/Crypto/Types.hs:20)
    DigitalSignatureAlg (Network/TLS/Crypto/Types.hs:25)
    hash (Network/TLS/Crypto.hs:130)
    Hash (Network/TLS/Crypto.hs:116)
    hashName (Network/TLS/Crypto.hs:145)
    hashDigestSize (Network/TLS/Crypto.hs:148)
    hashBlockSize (Network/TLS/Crypto.hs:157)
    PublicKey (Network/TLS/Crypto.hs:63)
    PrivateKey (Network/TLS/Crypto.hs:65)
    SignatureParams (Network/TLS/Crypto.hs:185)
    findDigitalSignatureAlg (Network/TLS/Crypto.hs:72)
    findFiniteFieldGroup (Network/TLS/Crypto.hs:80)
    kxEncrypt (Network/TLS/Crypto.hs:172)
    kxDecrypt (Network/TLS/Crypto.hs:176)
    kxSign (Network/TLS/Crypto.hs:271)
    kxVerify (Network/TLS/Crypto.hs:195)
    KxError (Network/TLS/Crypto.hs:67)
    RSAEncoding (Network/TLS/Crypto.hs:180)
  25% (  2 /  8) in 'Network.TLS.MAC'
  Missing documentation for:
    macSSL (Network/TLS/MAC.hs:25)
    hmac (Network/TLS/MAC.hs:39)
    prf_MD5 (Network/TLS/MAC.hs:63)
    prf_SHA1 (Network/TLS/MAC.hs:60)
    prf_SHA256 (Network/TLS/MAC.hs:73)
    prf_MD5SHA1 (Network/TLS/MAC.hs:66)
  14% (  7 / 50) in 'Network.TLS.Struct'
  Missing documentation for:
    ConnectionEnd (Network/TLS/Struct.hs:76)
    CipherType (Network/TLS/Struct.hs:77)
    CipherData (Network/TLS/Struct.hs:79)
    ExtensionID (Network/TLS/Struct.hs:183)
    ExtensionRaw (Network/TLS/Struct.hs:185)
    CertificateType (Network/TLS/Struct.hs:85)
    HashAlgorithm (Network/TLS/Struct.hs:96)
    SignatureAlgorithm (Network/TLS/Struct.hs:108)
    HashAndSignatureAlgorithm (Network/TLS/Struct.hs:121)
    DigitallySigned (Network/TLS/Struct.hs:125)
    ProtocolType (Network/TLS/Struct.hs:128)
    BigNum (Network/TLS/Struct.hs:250)
    bigNumToInteger (Network/TLS/Struct.hs:253)
    bigNumFromInteger (Network/TLS/Struct.hs:256)
    ServerDHParams (Network/TLS/Struct.hs:259)
    serverDHParamsToParams (Network/TLS/Struct.hs:271)
    serverDHParamsToPublic (Network/TLS/Struct.hs:276)
    serverDHParamsFrom (Network/TLS/Struct.hs:265)
    ServerECDHParams (Network/TLS/Struct.hs:280)
    ServerRSAParams (Network/TLS/Struct.hs:283)
    ServerKeyXchgAlgorithmData (Network/TLS/Struct.hs:288)
    ClientKeyXchgAlgorithmData (Network/TLS/Struct.hs:301)
    Packet (Network/TLS/Struct.hs:169)
    Header (Network/TLS/Struct.hs:176)
    ServerRandom (Network/TLS/Struct.hs:178)
    ClientRandom (Network/TLS/Struct.hs:179)
    serverRandom (Network/TLS/Struct.hs:194)
    clientRandom (Network/TLS/Struct.hs:197)
    FinishedData (Network/TLS/Struct.hs:182)
    Session (Network/TLS/Struct.hs:180)
    AlertLevel (Network/TLS/Struct.hs:200)
    AlertDescription (Network/TLS/Struct.hs:205)
    HandshakeType (Network/TLS/Struct.hs:237)
    Handshake (Network/TLS/Struct.hs:309)
    numericalVer (Network/TLS/Struct.hs:340)
    verOfNum (Network/TLS/Struct.hs:347)
    TypeValuable (Network/TLS/Struct.hs:355)
    valOfType (Network/TLS/Struct.hs:356)
    valToType (Network/TLS/Struct.hs:357)
    EnumSafe8 (Network/TLS/Struct.hs:360)
    EnumSafe16 (Network/TLS/Struct.hs:364)
    packetType (Network/TLS/Struct.hs:322)
    typeOfHandshake (Network/TLS/Struct.hs:328)
  75% (  3 /  4) in 'Network.TLS.Hooks'
  Missing documentation for:
    defaultHooks (Network/TLS/Hooks.hs:50)
  22% (  9 / 41) in 'Network.TLS.Wire'
  Missing documentation for:
    GetResult (Network/TLS/Wire.hs:63)
    GetContinuation (Network/TLS/Wire.hs:62)
    runGet (Network/TLS/Wire.hs:69)
    runGetErr (Network/TLS/Wire.hs:77)
    runGetMaybe (Network/TLS/Wire.hs:84)
    tryGet (Network/TLS/Wire.hs:87)
    getWords8 (Network/TLS/Wire.hs:90)
    getWord16 (Network/TLS/Wire.hs:93)
    getWords16 (Network/TLS/Wire.hs:96)
    getWord24 (Network/TLS/Wire.hs:99)
    getWord32 (Network/TLS/Wire.hs:106)
    getOpaque8 (Network/TLS/Wire.hs:109)
    getOpaque16 (Network/TLS/Wire.hs:112)
    getOpaque24 (Network/TLS/Wire.hs:115)
    getInteger16 (Network/TLS/Wire.hs:118)
    getBigNum16 (Network/TLS/Wire.hs:121)
    getList (Network/TLS/Wire.hs:124)
    processBytes (Network/TLS/Wire.hs:131)
    putWords8 (Network/TLS/Wire.hs:134)
    putWord16 (Network/TLS/Wire.hs:139)
    putWords16 (Network/TLS/Wire.hs:145)
    putWord24 (Network/TLS/Wire.hs:150)
    putWord32 (Network/TLS/Wire.hs:142)
    putBytes (Network/TLS/Wire.hs:157)
    putOpaque8 (Network/TLS/Wire.hs:160)
    putOpaque16 (Network/TLS/Wire.hs:163)
    putOpaque24 (Network/TLS/Wire.hs:166)
    putInteger16 (Network/TLS/Wire.hs:169)
    putBigNum16 (Network/TLS/Wire.hs:172)
    encodeWord16 (Network/TLS/Wire.hs:175)
    encodeWord32 (Network/TLS/Wire.hs:178)
    encodeWord64 (Network/TLS/Wire.hs:181)
  50% (  6 / 12) in 'Network.TLS.Credentials'
  Missing documentation for:
    Credential (Network/TLS/Credentials.hs:33)
    Credentials (Network/TLS/Credentials.hs:35)
    credentialsFindForSigning (Network/TLS/Credentials.hs:96)
    credentialsFindForDecrypting (Network/TLS/Credentials.hs:102)
    credentialsListSigningAlgorithms (Network/TLS/Credentials.hs:93)
    credentialPublicPrivateKeys (Network/TLS/Credentials.hs:134)
 100% ( 12 / 12) in 'Network.TLS.Compression'
  18% (  4 / 22) in 'Network.TLS.Cipher'
  Missing documentation for:
    CipherKeyExchangeType (Network/TLS/Cipher.hs:87)
    Bulk (Network/TLS/Cipher.hs:100)
    BulkFunctions (Network/TLS/Cipher.hs:74)
    BulkDirection (Network/TLS/Cipher.hs:64)
    BulkState (Network/TLS/Cipher.hs:46)
    BulkStream (Network/TLS/Cipher.hs:58)
    BulkBlock (Network/TLS/Cipher.hs:60)
    BulkAEAD (Network/TLS/Cipher.hs:62)
    bulkInit (Network/TLS/Cipher.hs:67)
    Hash (Network/TLS/Crypto.hs:116)
    cipherKeyBlockSize (Network/TLS/Cipher.hs:130)
    BulkKey (Network/TLS/Cipher.hs:41)
    BulkIV (Network/TLS/Cipher.hs:42)
    BulkNonce (Network/TLS/Cipher.hs:43)
    BulkAdditionalData (Network/TLS/Cipher.hs:44)
    cipherExchangeNeedMoreData (Network/TLS/Cipher.hs:148)
    hasMAC (Network/TLS/Cipher.hs:79)
    hasRecordIV (Network/TLS/Cipher.hs:79)
  58% ( 25 / 43) in 'Network.TLS.Extra.Cipher'
  Missing documentation for:
    ciphersuite_dhe_dss (Network/TLS/Extra/Cipher.hs:226)
    cipher_DHE_RSA_AES128_SHA256 (Network/TLS/Extra/Cipher.hs:463)
    cipher_DHE_RSA_AES256_SHA256 (Network/TLS/Extra/Cipher.hs:472)
    cipher_DHE_RSA_AES128GCM_SHA256 (Network/TLS/Extra/Cipher.hs:505)
    cipher_DHE_RSA_AES256GCM_SHA384 (Network/TLS/Extra/Cipher.hs:516)
    cipher_ECDHE_RSA_AES128GCM_SHA256 (Network/TLS/Extra/Cipher.hs:637)
    cipher_ECDHE_RSA_AES256GCM_SHA384 (Network/TLS/Extra/Cipher.hs:648)
    cipher_ECDHE_RSA_AES128CBC_SHA256 (Network/TLS/Extra/Cipher.hs:571)
    cipher_ECDHE_RSA_AES128CBC_SHA (Network/TLS/Extra/Cipher.hs:549)
    cipher_ECDHE_RSA_AES256CBC_SHA (Network/TLS/Extra/Cipher.hs:560)
    cipher_ECDHE_RSA_AES256CBC_SHA384 (Network/TLS/Extra/Cipher.hs:582)
    cipher_ECDHE_ECDSA_AES128CBC_SHA (Network/TLS/Extra/Cipher.hs:527)
    cipher_ECDHE_ECDSA_AES256CBC_SHA (Network/TLS/Extra/Cipher.hs:538)
    cipher_ECDHE_ECDSA_AES128CBC_SHA256 (Network/TLS/Extra/Cipher.hs:593)
    cipher_ECDHE_ECDSA_AES256CBC_SHA384 (Network/TLS/Extra/Cipher.hs:604)
    cipher_ECDHE_ECDSA_AES128GCM_SHA256 (Network/TLS/Extra/Cipher.hs:615)
    cipher_ECDHE_ECDSA_AES256GCM_SHA384 (Network/TLS/Extra/Cipher.hs:626)
    cipher_DHE_DSS_RC4_SHA1 (Network/TLS/Extra/Cipher.hs:456)
 100% (  3 /  3) in 'Network.TLS.Extra'
  33% (  1 /  3) in 'Network.TLS.Cap'
  Missing documentation for:
    hasHelloExtensions (Network/TLS/Cap.hs:16)
    hasExplicitBlockIV (Network/TLS/Cap.hs:16)
  23% (  9 / 39) in 'Network.TLS.Packet'
  Missing documentation for:
    CurrentParams (Network/TLS/Packet.hs:78)
    decodeHeader (Network/TLS/Packet.hs:116)
    decodeDeprecatedHeaderLength (Network/TLS/Packet.hs:119)
    decodeDeprecatedHeader (Network/TLS/Packet.hs:122)
    encodeHeader (Network/TLS/Packet.hs:129)
    encodeHeaderNoVer (Network/TLS/Packet.hs:133)
    decodeAlert (Network/TLS/Packet.hs:140)
    decodeAlerts (Network/TLS/Packet.hs:149)
    encodeAlerts (Network/TLS/Packet.hs:157)
    decodeHandshakeRecord (Network/TLS/Packet.hs:162)
    decodeHandshake (Network/TLS/Packet.hs:168)
    decodeDeprecatedHandshake (Network/TLS/Packet.hs:181)
    encodeHandshake (Network/TLS/Packet.hs:330)
    encodeHandshakes (Network/TLS/Packet.hs:339)
    encodeHandshakeHeader (Network/TLS/Packet.hs:342)
    encodeHandshakeContent (Network/TLS/Packet.hs:345)
    decodeChangeCipherSpec (Network/TLS/Packet.hs:504)
    encodeChangeCipherSpec (Network/TLS/Packet.hs:509)
    decodePreMasterSecret (Network/TLS/Packet.hs:513)
    encodePreMasterSecret (Network/TLS/Packet.hs:517)
    encodeSignedDHParams (Network/TLS/Packet.hs:636)
    encodeSignedECDHParams (Network/TLS/Packet.hs:643)
    generateMasterSecret (Network/TLS/Packet.hs:556)
    generateKeyBlock (Network/TLS/Packet.hs:578)
    generateClientFinished (Network/TLS/Packet.hs:604)
    generateServerFinished (Network/TLS/Packet.hs:613)
    generateCertificateVerify_SSL (Network/TLS/Packet.hs:623)
    generateCertificateVerify_SSL_DSS (Network/TLS/Packet.hs:627)
    getSignatureHashAlgorithm (Network/TLS/Packet.hs:452)
    putSignatureHashAlgorithm (Network/TLS/Packet.hs:458)
  27% (  7 / 26) in 'Network.TLS.Extension'
  Missing documentation for:
    definedExtensions (Network/TLS/Extension.hs:105)
    extensionID_ServerName (Network/TLS/Extension.hs:52)
    extensionID_MaxFragmentLength (Network/TLS/Extension.hs:52)
    extensionID_SecureRenegotiation (Network/TLS/Extension.hs:52)
    extensionID_ApplicationLayerProtocolNegotiation (Network/TLS/Extension.hs:52)
    extensionID_NegotiatedGroups (Network/TLS/Extension.hs:52)
    extensionID_EcPointFormats (Network/TLS/Extension.hs:52)
    extensionID_Heartbeat (Network/TLS/Extension.hs:52)
    extensionID_SignatureAlgorithms (Network/TLS/Extension.hs:52)
    ServerNameType (Network/TLS/Extension.hs:157)
    MaxFragmentEnum (Network/TLS/Extension.hs:176)
    NegotiatedGroups (Network/TLS/Extension.hs:226)
    Group (Network/TLS/Crypto/Types.hs:10)
    EcPointFormatsSupported (Network/TLS/Extension.hs:234)
    EcPointFormat (Network/TLS/Extension.hs:236)
    SessionTicket (Network/TLS/Extension.hs:258)
    HeartBeat (Network/TLS/Extension.hs:266)
    HeartBeatMode (Network/TLS/Extension.hs:268)
    SignatureAlgorithms (Network/TLS/Extension.hs:289)
  62% ( 10 / 16) in 'Network.TLS.Parameters'
  Missing documentation for:
    ClientParams (Network/TLS/Parameters.hs:69)
    ServerParams (Network/TLS/Parameters.hs:106)
    CommonParams (Network/TLS/Parameters.hs:44)
    Shared (Network/TLS/Parameters.hs:224)
    defaultParamsClient (Network/TLS/Parameters.hs:94)
    MaxFragmentEnum (Network/TLS/Extension.hs:176)
   5% (  2 / 37) in 'Network.TLS.State'
  Missing documentation for:
    TLSState (Network/TLS/State.hs:68)
    TLSSt (Network/TLS/State.hs:87)
    runTLSState (Network/TLS/State.hs:97)
    newTLSState (Network/TLS/State.hs:100)
    withTLSRNG (Network/TLS/RNG.hs:23)
    updateVerifiedData (Network/TLS/State.hs:120)
    finishHandshakeTypeMaterial (Network/TLS/State.hs:127)
    finishHandshakeMaterial (Network/TLS/State.hs:139)
    certVerifyHandshakeTypeMaterial (Network/TLS/State.hs:142)
    certVerifyHandshakeMaterial (Network/TLS/State.hs:154)
    setVersion (Network/TLS/State.hs:166)
    setVersionIfUnset (Network/TLS/State.hs:169)
    getVersion (Network/TLS/State.hs:175)
    getVersionWithDefault (Network/TLS/State.hs:178)
    setSecureRenegotiation (Network/TLS/State.hs:181)
    getSecureRenegotiation (Network/TLS/State.hs:184)
    setExtensionALPN (Network/TLS/State.hs:187)
    getExtensionALPN (Network/TLS/State.hs:190)
    setNegotiatedProtocol (Network/TLS/State.hs:193)
    getNegotiatedProtocol (Network/TLS/State.hs:196)
    setClientALPNSuggest (Network/TLS/State.hs:199)
    getClientALPNSuggest (Network/TLS/State.hs:202)
    setClientEcPointFormatSuggest (Network/TLS/State.hs:205)
    getClientEcPointFormatSuggest (Network/TLS/State.hs:208)
    getClientCertificateChain (Network/TLS/State.hs:214)
    setClientCertificateChain (Network/TLS/State.hs:211)
    setClientSNI (Network/TLS/State.hs:217)
    getClientSNI (Network/TLS/State.hs:220)
    getVerifiedData (Network/TLS/State.hs:223)
    setSession (Network/TLS/State.hs:157)
    getSession (Network/TLS/State.hs:160)
    isSessionResuming (Network/TLS/State.hs:163)
    isClientContext (Network/TLS/State.hs:226)
    genRandom (Network/TLS/State.hs:229)
    withRNG (Network/TLS/State.hs:233)
   7% (  1 / 15) in 'Network.TLS.Record.State'
  Missing documentation for:
    CryptState (Network/TLS/Record/State.hs:41)
    MacState (Network/TLS/Record/State.hs:47)
    RecordState (Network/TLS/Record/State.hs:51)
    newRecordState (Network/TLS/Record/State.hs:96)
    incrRecordState (Network/TLS/Record/State.hs:104)
    RecordM (Network/TLS/Record/State.hs:58)
    runRecordM (Network/TLS/Record/State.hs:58)
    getRecordVersion (Network/TLS/Record/State.hs:79)
    setRecordIV (Network/TLS/Record/State.hs:108)
    withCompression (Network/TLS/Record/State.hs:111)
    computeDigest (Network/TLS/Record/State.hs:118)
    makeDigest (Network/TLS/Record/State.hs:130)
    getBulk (Network/TLS/Record/State.hs:138)
    getMacSequence (Network/TLS/Record/State.hs:141)
  21% (  8 / 39) in 'Network.TLS.Handshake.State'
  Missing documentation for:
    HandshakeState (Network/TLS/Handshake/State.hs:70)
    ClientCertRequestData (Network/TLS/Handshake/State.hs:92)
    HandshakeM (Network/TLS/Handshake/State.hs:96)
    newEmptyHandshake (Network/TLS/Handshake/State.hs:107)
    runHandshake (Network/TLS/Handshake/State.hs:130)
    setPublicKey (Network/TLS/Handshake/State.hs:133)
    setPrivateKey (Network/TLS/Handshake/State.hs:137)
    getLocalPrivateKey (Network/TLS/Handshake/State.hs:144)
    getRemotePublicKey (Network/TLS/Handshake/State.hs:141)
    setServerDHParams (Network/TLS/Handshake/State.hs:153)
    getServerDHParams (Network/TLS/Handshake/State.hs:147)
    setServerECDHParams (Network/TLS/Handshake/State.hs:156)
    getServerECDHParams (Network/TLS/Handshake/State.hs:150)
    setDHPrivate (Network/TLS/Handshake/State.hs:165)
    getDHPrivate (Network/TLS/Handshake/State.hs:159)
    setECDHPrivate (Network/TLS/Handshake/State.hs:168)
    getECDHPrivate (Network/TLS/Handshake/State.hs:162)
    setClientCertSent (Network/TLS/Handshake/State.hs:177)
    getClientCertSent (Network/TLS/Handshake/State.hs:180)
    setCertReqSent (Network/TLS/Handshake/State.hs:171)
    getCertReqSent (Network/TLS/Handshake/State.hs:174)
    setClientCertChain (Network/TLS/Handshake/State.hs:183)
    getClientCertChain (Network/TLS/Handshake/State.hs:186)
    setClientCertRequest (Network/TLS/Handshake/State.hs:189)
    getClientCertRequest (Network/TLS/Handshake/State.hs:192)
    addHandshakeMessage (Network/TLS/Handshake/State.hs:198)
    updateHandshakeDigest (Network/TLS/Handshake/State.hs:204)
    getHandshakeMessages (Network/TLS/Handshake/State.hs:201)
    getHandshakeDigest (Network/TLS/Handshake/State.hs:210)
    getPendingCipher (Network/TLS/Handshake/State.hs:195)
    setServerHelloParameters (Network/TLS/Handshake/State.hs:288)
  54% ( 13 / 24) in 'Network.TLS.Record.Types'
  Missing documentation for:
    Header (Network/TLS/Struct.hs:176)
    ProtocolType (Network/TLS/Struct.hs:128)
    packetType (Network/TLS/Struct.hs:322)
    Fragment (Network/TLS/Record/Types.hs:49)
    fragmentGetBytes (Network/TLS/Record/Types.hs:49)
    fragmentPlaintext (Network/TLS/Record/Types.hs:55)
    fragmentCiphertext (Network/TLS/Record/Types.hs:58)
    Plaintext (Network/TLS/Record/Types.hs:51)
    Compressed (Network/TLS/Record/Types.hs:52)
    Ciphertext (Network/TLS/Record/Types.hs:53)
    onRecordFragment (Network/TLS/Record/Types.hs:61)
  50% (  1 /  2) in 'Network.TLS.Record.Disengage'
  Missing documentation for:
    disengageRecord (Network/TLS/Record/Disengage.hs:35)
  50% (  1 /  2) in 'Network.TLS.Record.Engage'
  Missing documentation for:
    engageRecord (Network/TLS/Record/Engage.hs:30)
  35% (  8 / 23) in 'Network.TLS.Record'
  Missing documentation for:
    Fragment (Network/TLS/Record/Types.hs:49)
    fragmentGetBytes (Network/TLS/Record/Types.hs:49)
    fragmentPlaintext (Network/TLS/Record/Types.hs:55)
    fragmentCiphertext (Network/TLS/Record/Types.hs:58)
    Plaintext (Network/TLS/Record/Types.hs:51)
    Compressed (Network/TLS/Record/Types.hs:52)
    Ciphertext (Network/TLS/Record/Types.hs:53)
    engageRecord (Network/TLS/Record/Engage.hs:30)
    disengageRecord (Network/TLS/Record/Disengage.hs:35)
    RecordM (Network/TLS/Record/State.hs:58)
    runRecordM (Network/TLS/Record/State.hs:58)
    RecordState (Network/TLS/Record/State.hs:51)
    newRecordState (Network/TLS/Record/State.hs:96)
    getRecordVersion (Network/TLS/Record/State.hs:79)
    setRecordIV (Network/TLS/Record/State.hs:108)
  67% (  2 /  3) in 'Network.TLS.Backend'
  Missing documentation for:
    HasBackend (Network/TLS/Backend.hs:46)
  28% ( 12 / 43) in 'Network.TLS.Context.Internal'
  Missing documentation for:
    ClientParams (Network/TLS/Parameters.hs:69)
    ServerParams (Network/TLS/Parameters.hs:106)
    defaultParamsClient (Network/TLS/Parameters.hs:94)
    MaxFragmentEnum (Network/TLS/Extension.hs:176)
    ctxEOF (Network/TLS/Context/Internal.hs:148)
    ctxHasSSLv2ClientHello (Network/TLS/Context/Internal.hs:151)
    ctxDisableSSLv2ClientHello (Network/TLS/Context/Internal.hs:154)
    ctxEstablished (Network/TLS/Context/Internal.hs:160)
    withLog (Network/TLS/Context/Internal.hs:172)
    ctxWithHooks (Network/TLS/Context/Internal.hs:163)
    contextModifyHooks (Network/TLS/Context/Internal.hs:166)
    setEOF (Network/TLS/Context/Internal.hs:157)
    setEstablished (Network/TLS/Context/Internal.hs:169)
    contextFlush (Network/TLS/Context/Internal.hs:121)
    contextClose (Network/TLS/Context/Internal.hs:124)
    contextSend (Network/TLS/Context/Internal.hs:142)
    contextRecv (Network/TLS/Context/Internal.hs:145)
    updateMeasure (Network/TLS/Context/Internal.hs:113)
    withMeasure (Network/TLS/Context/Internal.hs:118)
    withReadLock (Network/TLS/Context/Internal.hs:222)
    withWriteLock (Network/TLS/Context/Internal.hs:225)
    withStateLock (Network/TLS/Context/Internal.hs:231)
    withRWLock (Network/TLS/Context/Internal.hs:228)
    throwCore (Network/TLS/Context/Internal.hs:175)
    usingState (Network/TLS/Context/Internal.hs:185)
    usingState_ (Network/TLS/Context/Internal.hs:191)
    runTxState (Network/TLS/Context/Internal.hs:203)
    runRxState (Network/TLS/Context/Internal.hs:211)
    usingHState (Network/TLS/Context/Internal.hs:194)
    getHState (Network/TLS/Context/Internal.hs:200)
    getStateRNG (Network/TLS/Context/Internal.hs:219)
  33% (  1 /  3) in 'Network.TLS.Handshake.Certificate'
  Missing documentation for:
    certificateRejected (Network/TLS/Handshake/Certificate.hs:20)
    rejectOnException (Network/TLS/Handshake/Certificate.hs:30)
  10% (  1 / 10) in 'Network.TLS.Handshake.Key'
  Missing documentation for:
    encryptRSA (Network/TLS/Handshake/Key.hs:34)
    signPrivate (Network/TLS/Handshake/Key.hs:43)
    decryptRSA (Network/TLS/Handshake/Key.hs:52)
    verifyPublic (Network/TLS/Handshake/Key.hs:60)
    generateDHE (Network/TLS/Handshake/Key.hs:65)
    generateECDHE (Network/TLS/Handshake/Key.hs:68)
    generateECDHEShared (Network/TLS/Handshake/Key.hs:71)
    generateFFDHE (Network/TLS/Handshake/Key.hs:74)
    generateFFDHEShared (Network/TLS/Handshake/Key.hs:77)
  25% (  1 /  4) in 'Network.TLS.Handshake.Process'
  Missing documentation for:
    processHandshake (Network/TLS/Handshake/Process.hs:35)
    startHandshake (Network/TLS/Handshake/Process.hs:127)
    getHandshakeDigest (Network/TLS/Handshake/State.hs:210)
  12% (  1 /  8) in 'Network.TLS.Handshake.Signature'
  Missing documentation for:
    createCertificateVerify (Network/TLS/Handshake/Signature.hs:60)
    checkCertificateVerify (Network/TLS/Handshake/Signature.hs:42)
    digitallySignDHParams (Network/TLS/Handshake/Signature.hs:160)
    digitallySignECDHParams (Network/TLS/Handshake/Signature.hs:169)
    digitallySignDHParamsVerify (Network/TLS/Handshake/Signature.hs:178)
    digitallySignECDHParamsVerify (Network/TLS/Handshake/Signature.hs:187)
    signatureCompatible (Network/TLS/Handshake/Signature.hs:33)
  50% (  1 /  2) in 'Network.TLS.Receiving'
  Missing documentation for:
    processPacket (Network/TLS/Receiving.hs:32)
 100% (  2 /  2) in 'Network.TLS.Sending'
  75% (  3 /  4) in 'Network.TLS.IO'
  Missing documentation for:
    checkValid (Network/TLS/IO.hs:30)
  27% (  4 / 15) in 'Network.TLS.Handshake.Common'
  Missing documentation for:
    Module header
    handshakeFailed (Network/TLS/Handshake/Common.hs:40)
    errorToAlert (Network/TLS/Handshake/Common.hs:43)
    unexpected (Network/TLS/Handshake/Common.hs:47)
    newSession (Network/TLS/Handshake/Common.hs:50)
    sendChangeCipherAndFinish (Network/TLS/Handshake/Common.hs:79)
    recvChangeCipherAndFinish (Network/TLS/Handshake/Common.hs:89)
    RecvState (Network/TLS/Handshake/Common.hs:96)
    runRecvState (Network/TLS/Handshake/Common.hs:118)
    recvPacketHandshake (Network/TLS/Handshake/Common.hs:101)
    extensionLookup (Network/TLS/Handshake/Common.hs:139)
  33% (  1 /  3) in 'Network.TLS.Handshake.Client'
  Missing documentation for:
    handshakeClient (Network/TLS/Handshake/Client.hs:49)
    handshakeClientWith (Network/TLS/Handshake/Client.hs:43)
  67% (  2 /  3) in 'Network.TLS.Handshake.Server'
  Missing documentation for:
    handshakeServer (Network/TLS/Handshake/Server.hs:47)
  43% (  3 /  7) in 'Network.TLS.Handshake'
  Missing documentation for:
    handshakeWith (Network/TLS/Handshake.hs:38)
    handshakeClientWith (Network/TLS/Handshake/Client.hs:43)
    handshakeClient (Network/TLS/Handshake/Client.hs:49)
    handshakeServer (Network/TLS/Handshake/Server.hs:47)
  33% ( 15 / 46) in 'Network.TLS.Context'
  Missing documentation for:
    TLSParams (Network/TLS/Context.hs:88)
    ctxEOF (Network/TLS/Context/Internal.hs:148)
    ctxHasSSLv2ClientHello (Network/TLS/Context/Internal.hs:151)
    ctxDisableSSLv2ClientHello (Network/TLS/Context/Internal.hs:154)
    ctxEstablished (Network/TLS/Context/Internal.hs:160)
    withLog (Network/TLS/Context/Internal.hs:172)
    ctxWithHooks (Network/TLS/Context/Internal.hs:163)
    contextModifyHooks (Network/TLS/Context/Internal.hs:166)
    setEOF (Network/TLS/Context/Internal.hs:157)
    setEstablished (Network/TLS/Context/Internal.hs:169)
    contextFlush (Network/TLS/Context/Internal.hs:121)
    contextClose (Network/TLS/Context/Internal.hs:124)
    contextSend (Network/TLS/Context/Internal.hs:142)
    contextRecv (Network/TLS/Context/Internal.hs:145)
    updateMeasure (Network/TLS/Context/Internal.hs:113)
    withMeasure (Network/TLS/Context/Internal.hs:118)
    withReadLock (Network/TLS/Context/Internal.hs:222)
    withWriteLock (Network/TLS/Context/Internal.hs:225)
    withStateLock (Network/TLS/Context/Internal.hs:231)
    withRWLock (Network/TLS/Context/Internal.hs:228)
    contextHookSetHandshakeRecv (Network/TLS/Context.hs:187)
    contextHookSetCertificateRecv (Network/TLS/Context.hs:191)
    contextHookSetLogging (Network/TLS/Context.hs:195)
    throwCore (Network/TLS/Context/Internal.hs:175)
    usingState (Network/TLS/Context/Internal.hs:185)
    usingState_ (Network/TLS/Context/Internal.hs:191)
    runTxState (Network/TLS/Context/Internal.hs:203)
    runRxState (Network/TLS/Context/Internal.hs:211)
    usingHState (Network/TLS/Context/Internal.hs:194)
    getHState (Network/TLS/Context/Internal.hs:200)
    getStateRNG (Network/TLS/Context/Internal.hs:219)
 100% ( 15 / 15) in 'Network.TLS.Core'
  20% ( 26 /132) in 'Network.TLS.Internal'
  Missing documentation for:
    ConnectionEnd (Network/TLS/Struct.hs:76)
    CipherType (Network/TLS/Struct.hs:77)
    CipherData (Network/TLS/Struct.hs:79)
    ExtensionID (Network/TLS/Struct.hs:183)
    ExtensionRaw (Network/TLS/Struct.hs:185)
    CertificateType (Network/TLS/Struct.hs:85)
    HashAlgorithm (Network/TLS/Struct.hs:96)
    SignatureAlgorithm (Network/TLS/Struct.hs:108)
    HashAndSignatureAlgorithm (Network/TLS/Struct.hs:121)
    DigitallySigned (Network/TLS/Struct.hs:125)
    ProtocolType (Network/TLS/Struct.hs:128)
    BigNum (Network/TLS/Struct.hs:250)
    bigNumToInteger (Network/TLS/Struct.hs:253)
    bigNumFromInteger (Network/TLS/Struct.hs:256)
    ServerDHParams (Network/TLS/Struct.hs:259)
    serverDHParamsToParams (Network/TLS/Struct.hs:271)
    serverDHParamsToPublic (Network/TLS/Struct.hs:276)
    serverDHParamsFrom (Network/TLS/Struct.hs:265)
    ServerECDHParams (Network/TLS/Struct.hs:280)
    ServerRSAParams (Network/TLS/Struct.hs:283)
    ServerKeyXchgAlgorithmData (Network/TLS/Struct.hs:288)
    ClientKeyXchgAlgorithmData (Network/TLS/Struct.hs:301)
    Packet (Network/TLS/Struct.hs:169)
    Header (Network/TLS/Struct.hs:176)
    ServerRandom (Network/TLS/Struct.hs:178)
    ClientRandom (Network/TLS/Struct.hs:179)
    serverRandom (Network/TLS/Struct.hs:194)
    clientRandom (Network/TLS/Struct.hs:197)
    FinishedData (Network/TLS/Struct.hs:182)
    Session (Network/TLS/Struct.hs:180)
    AlertLevel (Network/TLS/Struct.hs:200)
    AlertDescription (Network/TLS/Struct.hs:205)
    HandshakeType (Network/TLS/Struct.hs:237)
    Handshake (Network/TLS/Struct.hs:309)
    numericalVer (Network/TLS/Struct.hs:340)
    verOfNum (Network/TLS/Struct.hs:347)
    TypeValuable (Network/TLS/Struct.hs:355)
    valOfType (Network/TLS/Struct.hs:356)
    valToType (Network/TLS/Struct.hs:357)
    EnumSafe8 (Network/TLS/Struct.hs:360)
    EnumSafe16 (Network/TLS/Struct.hs:364)
    packetType (Network/TLS/Struct.hs:322)
    typeOfHandshake (Network/TLS/Struct.hs:328)
    CurrentParams (Network/TLS/Packet.hs:78)
    decodeHeader (Network/TLS/Packet.hs:116)
    decodeDeprecatedHeaderLength (Network/TLS/Packet.hs:119)
    decodeDeprecatedHeader (Network/TLS/Packet.hs:122)
    encodeHeader (Network/TLS/Packet.hs:129)
    encodeHeaderNoVer (Network/TLS/Packet.hs:133)
    decodeAlert (Network/TLS/Packet.hs:140)
    decodeAlerts (Network/TLS/Packet.hs:149)
    encodeAlerts (Network/TLS/Packet.hs:157)
    decodeHandshakeRecord (Network/TLS/Packet.hs:162)
    decodeHandshake (Network/TLS/Packet.hs:168)
    decodeDeprecatedHandshake (Network/TLS/Packet.hs:181)
    encodeHandshake (Network/TLS/Packet.hs:330)
    encodeHandshakes (Network/TLS/Packet.hs:339)
    encodeHandshakeHeader (Network/TLS/Packet.hs:342)
    encodeHandshakeContent (Network/TLS/Packet.hs:345)
    decodeChangeCipherSpec (Network/TLS/Packet.hs:504)
    encodeChangeCipherSpec (Network/TLS/Packet.hs:509)
    decodePreMasterSecret (Network/TLS/Packet.hs:513)
    encodePreMasterSecret (Network/TLS/Packet.hs:517)
    encodeSignedDHParams (Network/TLS/Packet.hs:636)
    encodeSignedECDHParams (Network/TLS/Packet.hs:643)
    generateMasterSecret (Network/TLS/Packet.hs:556)
    generateKeyBlock (Network/TLS/Packet.hs:578)
    generateClientFinished (Network/TLS/Packet.hs:604)
    generateServerFinished (Network/TLS/Packet.hs:613)
    generateCertificateVerify_SSL (Network/TLS/Packet.hs:623)
    generateCertificateVerify_SSL_DSS (Network/TLS/Packet.hs:627)
    getSignatureHashAlgorithm (Network/TLS/Packet.hs:452)
    putSignatureHashAlgorithm (Network/TLS/Packet.hs:458)
    processPacket (Network/TLS/Receiving.hs:32)
    GetResult (Network/TLS/Wire.hs:63)
    GetContinuation (Network/TLS/Wire.hs:62)
    runGet (Network/TLS/Wire.hs:69)
    runGetErr (Network/TLS/Wire.hs:77)
    runGetMaybe (Network/TLS/Wire.hs:84)
    tryGet (Network/TLS/Wire.hs:87)
    getWords8 (Network/TLS/Wire.hs:90)
    getWord16 (Network/TLS/Wire.hs:93)
    getWords16 (Network/TLS/Wire.hs:96)
    getWord24 (Network/TLS/Wire.hs:99)
    getWord32 (Network/TLS/Wire.hs:106)
    getOpaque8 (Network/TLS/Wire.hs:109)
    getOpaque16 (Network/TLS/Wire.hs:112)
    getOpaque24 (Network/TLS/Wire.hs:115)
    getInteger16 (Network/TLS/Wire.hs:118)
    getBigNum16 (Network/TLS/Wire.hs:121)
    getList (Network/TLS/Wire.hs:124)
    processBytes (Network/TLS/Wire.hs:131)
    putWords8 (Network/TLS/Wire.hs:134)
    putWord16 (Network/TLS/Wire.hs:139)
    putWords16 (Network/TLS/Wire.hs:145)
    putWord24 (Network/TLS/Wire.hs:150)
    putWord32 (Network/TLS/Wire.hs:142)
    putBytes (Network/TLS/Wire.hs:157)
    putOpaque8 (Network/TLS/Wire.hs:160)
    putOpaque16 (Network/TLS/Wire.hs:163)
    putOpaque24 (Network/TLS/Wire.hs:166)
    putInteger16 (Network/TLS/Wire.hs:169)
    putBigNum16 (Network/TLS/Wire.hs:172)
    encodeWord16 (Network/TLS/Wire.hs:175)
    encodeWord32 (Network/TLS/Wire.hs:178)
    encodeWord64 (Network/TLS/Wire.hs:181)
  60% ( 78 /130) in 'Network.TLS'
  Missing documentation for:
    ClientParams (Network/TLS/Parameters.hs:69)
    HostName
    Bytes (Network/TLS.hs:159)
    ServerParams (Network/TLS/Parameters.hs:106)
    DHParams (Network/TLS/Crypto/DH.hs:29)
    DHPublic (Network/TLS/Crypto/DH.hs:27)
    Shared (Network/TLS/Parameters.hs:224)
    Handshake (Network/TLS/Struct.hs:309)
    defaultParamsClient (Network/TLS/Parameters.hs:94)
    MaxFragmentEnum (Network/TLS/Extension.hs:176)
    HashAndSignatureAlgorithm (Network/TLS/Struct.hs:121)
    HashAlgorithm (Network/TLS/Struct.hs:96)
    SignatureAlgorithm (Network/TLS/Struct.hs:108)
    CertificateType (Network/TLS/Struct.hs:85)
    ProtocolType (Network/TLS/Struct.hs:128)
    Header (Network/TLS/Struct.hs:176)
    noSessionManager (Network/TLS/Session.hs:25)
    TLSParams (Network/TLS/Context.hs:88)
    HasBackend (Network/TLS/Backend.hs:46)
    contextFlush (Network/TLS/Context/Internal.hs:121)
    contextClose (Network/TLS/Context/Internal.hs:124)
    contextHookSetHandshakeRecv (Network/TLS/Context.hs:187)
    contextHookSetCertificateRecv (Network/TLS/Context.hs:191)
    contextHookSetLogging (Network/TLS/Context.hs:195)
    contextModifyHooks (Network/TLS/Context/Internal.hs:166)
    ClientRandom (Network/TLS/Struct.hs:179)
    ServerRandom (Network/TLS/Struct.hs:178)
    unClientRandom (Network/TLS/Struct.hs:179)
    unServerRandom (Network/TLS/Struct.hs:178)
    Credentials (Network/TLS/Credentials.hs:35)
    Credential (Network/TLS/Credentials.hs:33)
    CipherKeyExchangeType (Network/TLS/Cipher.hs:87)
    Bulk (Network/TLS/Cipher.hs:100)
    BulkFunctions (Network/TLS/Cipher.hs:74)
    BulkDirection (Network/TLS/Cipher.hs:64)
    BulkState (Network/TLS/Cipher.hs:46)
    BulkStream (Network/TLS/Cipher.hs:58)
    BulkBlock (Network/TLS/Cipher.hs:60)
    BulkAEAD (Network/TLS/Cipher.hs:62)
    bulkInit (Network/TLS/Cipher.hs:67)
    Hash (Network/TLS/Crypto.hs:116)
    cipherKeyBlockSize (Network/TLS/Cipher.hs:130)
    BulkKey (Network/TLS/Cipher.hs:41)
    BulkIV (Network/TLS/Cipher.hs:42)
    BulkNonce (Network/TLS/Cipher.hs:43)
    BulkAdditionalData (Network/TLS/Cipher.hs:44)
    cipherExchangeNeedMoreData (Network/TLS/Cipher.hs:148)
    hasMAC (Network/TLS/Cipher.hs:79)
    hasRecordIV (Network/TLS/Cipher.hs:79)
    KxError (Network/TLS/Crypto.hs:67)
    AlertDescription (Network/TLS/Struct.hs:205)
    Group (Network/TLS/Crypto/Types.hs:10)
Warning: Network.TLS: could not find link destinations for:
    HostName getTLSCommonParams CommonParams getTLSRole Role doHandshake doHandshakeWith HostName HostName
Documentation created: dist/dist-sandbox-439155cc/doc/html/tls/index.html
Creating package registration file:
/var/folders/j4/_7_rznm11hd_yhh6f33n8rbc0000gp/T/pkgConf-tls-1.44119385542111482797.1
Installing library in
/Users/conorquinn1/Projects/ClientBindings/.cabal-sandbox/lib/x86_64-osx-ghc-8.0.2/tls-1.4.1-KjAZbmQRp4C2JM0IPtskZv
Registering tls-1.4.1...
cabal: Leaving directory '/var/folders/j4/_7_rznm11hd_yhh6f33n8rbc0000gp/T/cabal-tmp-80678/tls-1.4.1'
