cabal: Entering directory '/var/folders/j4/_7_rznm11hd_yhh6f33n8rbc0000gp/T/cabal-tmp-80683/transformers-base-0.4.5.2'
Configuring transformers-base-0.4.5.2...
Building transformers-base-0.4.5.2...
Preprocessing library transformers-base-0.4.5.2...
[1 of 1] Compiling Control.Monad.Base ( src/Control/Monad/Base.hs, dist/dist-sandbox-439155cc/build/Control/Monad/Base.o )
[1 of 1] Compiling Control.Monad.Base ( src/Control/Monad/Base.hs, dist/dist-sandbox-439155cc/build/Control/Monad/Base.p_o )
Running Haddock for transformers-base-0.4.5.2...
Preprocessing library transformers-base-0.4.5.2...
Haddock coverage:
  33% (  1 /  3) in 'Control.Monad.Base'
  Missing documentation for:
    Module header
    MonadBase (src/Control/Monad/Base.hs:54)
Documentation created:
dist/dist-sandbox-439155cc/doc/html/transformers-base/index.html
Creating package registration file:
/var/folders/j4/_7_rznm11hd_yhh6f33n8rbc0000gp/T/pkgConf-transformers-base-0.4.52014119113515204530.2
Installing library in
/Users/conorquinn1/Projects/ClientBindings/.cabal-sandbox/lib/x86_64-osx-ghc-8.0.2/transformers-base-0.4.5.2-LKlSwJlW3aZIAUCtO1wIwB
Registering transformers-base-0.4.5.2...
cabal: Leaving directory '/var/folders/j4/_7_rznm11hd_yhh6f33n8rbc0000gp/T/cabal-tmp-80683/transformers-base-0.4.5.2'
