cabal: Entering directory '/var/folders/j4/_7_rznm11hd_yhh6f33n8rbc0000gp/T/cabal-tmp-8052/vector-algorithms-0.8.0.1'
Configuring vector-algorithms-0.8.0.1...
Building vector-algorithms-0.8.0.1...
Preprocessing library vector-algorithms-0.8.0.1...
[ 1 of 10] Compiling Data.Vector.Algorithms.Common ( src/Data/Vector/Algorithms/Common.hs, dist/dist-sandbox-439155cc/build/Data/Vector/Algorithms/Common.o )
[ 2 of 10] Compiling Data.Vector.Algorithms.Optimal ( src/Data/Vector/Algorithms/Optimal.hs, dist/dist-sandbox-439155cc/build/Data/Vector/Algorithms/Optimal.o )
[ 3 of 10] Compiling Data.Vector.Algorithms.Heap ( src/Data/Vector/Algorithms/Heap.hs, dist/dist-sandbox-439155cc/build/Data/Vector/Algorithms/Heap.o )
[ 4 of 10] Compiling Data.Vector.Algorithms.Insertion ( src/Data/Vector/Algorithms/Insertion.hs, dist/dist-sandbox-439155cc/build/Data/Vector/Algorithms/Insertion.o )
[ 5 of 10] Compiling Data.Vector.Algorithms.Intro ( src/Data/Vector/Algorithms/Intro.hs, dist/dist-sandbox-439155cc/build/Data/Vector/Algorithms/Intro.o )
[ 6 of 10] Compiling Data.Vector.Algorithms.Merge ( src/Data/Vector/Algorithms/Merge.hs, dist/dist-sandbox-439155cc/build/Data/Vector/Algorithms/Merge.o )
[ 7 of 10] Compiling Data.Vector.Algorithms.Radix ( src/Data/Vector/Algorithms/Radix.hs, dist/dist-sandbox-439155cc/build/Data/Vector/Algorithms/Radix.o )
[ 8 of 10] Compiling Data.Vector.Algorithms.Search ( src/Data/Vector/Algorithms/Search.hs, dist/dist-sandbox-439155cc/build/Data/Vector/Algorithms/Search.o )
[ 9 of 10] Compiling Data.Vector.Algorithms.Tim ( src/Data/Vector/Algorithms/Tim.hs, dist/dist-sandbox-439155cc/build/Data/Vector/Algorithms/Tim.o )
[10 of 10] Compiling Data.Vector.Algorithms.AmericanFlag ( src/Data/Vector/Algorithms/AmericanFlag.hs, dist/dist-sandbox-439155cc/build/Data/Vector/Algorithms/AmericanFlag.o )
[ 1 of 10] Compiling Data.Vector.Algorithms.Common ( src/Data/Vector/Algorithms/Common.hs, dist/dist-sandbox-439155cc/build/Data/Vector/Algorithms/Common.p_o )
[ 2 of 10] Compiling Data.Vector.Algorithms.Optimal ( src/Data/Vector/Algorithms/Optimal.hs, dist/dist-sandbox-439155cc/build/Data/Vector/Algorithms/Optimal.p_o )
[ 3 of 10] Compiling Data.Vector.Algorithms.Heap ( src/Data/Vector/Algorithms/Heap.hs, dist/dist-sandbox-439155cc/build/Data/Vector/Algorithms/Heap.p_o )
[ 4 of 10] Compiling Data.Vector.Algorithms.Insertion ( src/Data/Vector/Algorithms/Insertion.hs, dist/dist-sandbox-439155cc/build/Data/Vector/Algorithms/Insertion.p_o )
[ 5 of 10] Compiling Data.Vector.Algorithms.Intro ( src/Data/Vector/Algorithms/Intro.hs, dist/dist-sandbox-439155cc/build/Data/Vector/Algorithms/Intro.p_o )
[ 6 of 10] Compiling Data.Vector.Algorithms.Merge ( src/Data/Vector/Algorithms/Merge.hs, dist/dist-sandbox-439155cc/build/Data/Vector/Algorithms/Merge.p_o )
[ 7 of 10] Compiling Data.Vector.Algorithms.Radix ( src/Data/Vector/Algorithms/Radix.hs, dist/dist-sandbox-439155cc/build/Data/Vector/Algorithms/Radix.p_o )
[ 8 of 10] Compiling Data.Vector.Algorithms.Search ( src/Data/Vector/Algorithms/Search.hs, dist/dist-sandbox-439155cc/build/Data/Vector/Algorithms/Search.p_o )
[ 9 of 10] Compiling Data.Vector.Algorithms.Tim ( src/Data/Vector/Algorithms/Tim.hs, dist/dist-sandbox-439155cc/build/Data/Vector/Algorithms/Tim.p_o )
[10 of 10] Compiling Data.Vector.Algorithms.AmericanFlag ( src/Data/Vector/Algorithms/AmericanFlag.hs, dist/dist-sandbox-439155cc/build/Data/Vector/Algorithms/AmericanFlag.p_o )
Running Haddock for vector-algorithms-0.8.0.1...
Preprocessing library vector-algorithms-0.8.0.1...
Haddock coverage:
  33% (  2 /  6) in 'Data.Vector.Algorithms.Common'
  Missing documentation for:
    copyOffset (src/Data/Vector/Algorithms/Common.hs:28)
    inc (src/Data/Vector/Algorithms/Common.hs:34)
    countLoop (src/Data/Vector/Algorithms/Common.hs:39)
    midPoint (src/Data/Vector/Algorithms/Common.hs:50)
 100% (  8 /  8) in 'Data.Vector.Algorithms.Optimal'
 100% ( 20 / 20) in 'Data.Vector.Algorithms.Heap'
 100% (  6 /  6) in 'Data.Vector.Algorithms.Insertion'
 100% ( 14 / 14) in 'Data.Vector.Algorithms.Intro'
 100% (  4 /  4) in 'Data.Vector.Algorithms.Merge'
  75% (  3 /  4) in 'Data.Vector.Algorithms.Radix'
  Missing documentation for:
    Radix (src/Data/Vector/Algorithms/Radix.hs:58)
 100% ( 17 / 17) in 'Data.Vector.Algorithms.Search'
 100% (  3 /  3) in 'Data.Vector.Algorithms.Tim'
 100% (  4 /  4) in 'Data.Vector.Algorithms.AmericanFlag'
Warning: Data.Vector.Algorithms.Tim: could not find link destinations for:
    mergeHi mergeLo
Documentation created:
dist/dist-sandbox-439155cc/doc/html/vector-algorithms/index.html
Creating package registration file:
/var/folders/j4/_7_rznm11hd_yhh6f33n8rbc0000gp/T/pkgConf-vector-algorithms-0.8.018645465171351934195.1
Installing library in
/Users/conorquinn1/Projects/ClientBindings/.cabal-sandbox/lib/x86_64-osx-ghc-8.0.2/vector-algorithms-0.8.0.1-23nPdGkSkpWGktgqmPIFu7
Registering vector-algorithms-0.8.0.1...
cabal: Leaving directory '/var/folders/j4/_7_rznm11hd_yhh6f33n8rbc0000gp/T/cabal-tmp-8052/vector-algorithms-0.8.0.1'
