cabal: Entering directory '/var/folders/j4/_7_rznm11hd_yhh6f33n8rbc0000gp/T/cabal-tmp-80676/x509-system-1.6.6'
Configuring x509-system-1.6.6...
Building x509-system-1.6.6...
Preprocessing library x509-system-1.6.6...
[1 of 3] Compiling System.X509.Unix ( System/X509/Unix.hs, dist/dist-sandbox-439155cc/build/System/X509/Unix.o )
[2 of 3] Compiling System.X509.MacOS ( System/X509/MacOS.hs, dist/dist-sandbox-439155cc/build/System/X509/MacOS.o )

System/X509/MacOS.hs:8:1: warning: [-Wunused-imports]
    The import of ‘Control.Applicative’ is redundant
      except perhaps to import instances from ‘Control.Applicative’
    To import instances alone, use: import Control.Applicative()
[3 of 3] Compiling System.X509      ( System/X509.hs, dist/dist-sandbox-439155cc/build/System/X509.o )
[1 of 3] Compiling System.X509.Unix ( System/X509/Unix.hs, dist/dist-sandbox-439155cc/build/System/X509/Unix.p_o )
[2 of 3] Compiling System.X509.MacOS ( System/X509/MacOS.hs, dist/dist-sandbox-439155cc/build/System/X509/MacOS.p_o )

System/X509/MacOS.hs:8:1: warning: [-Wunused-imports]
    The import of ‘Control.Applicative’ is redundant
      except perhaps to import instances from ‘Control.Applicative’
    To import instances alone, use: import Control.Applicative()
[3 of 3] Compiling System.X509      ( System/X509.hs, dist/dist-sandbox-439155cc/build/System/X509.p_o )
Running Haddock for x509-system-1.6.6...
Preprocessing library x509-system-1.6.6...

System/X509/MacOS.hs:8:1: warning: [-Wunused-imports]
    The import of ‘Control.Applicative’ is redundant
      except perhaps to import instances from ‘Control.Applicative’
    To import instances alone, use: import Control.Applicative()
Haddock coverage:
  50% (  1 /  2) in 'System.X509.Unix'
  Missing documentation for:
    getSystemCertificateStore (System/X509/Unix.hs:39)
   0% (  0 /  2) in 'System.X509.MacOS'
  Missing documentation for:
    Module header
    getSystemCertificateStore (System/X509/MacOS.hs:28)
  50% (  1 /  2) in 'System.X509'
  Missing documentation for:
    getSystemCertificateStore (System/X509/MacOS.hs:28)
Documentation created:
dist/dist-sandbox-439155cc/doc/html/x509-system/index.html
Creating package registration file:
/var/folders/j4/_7_rznm11hd_yhh6f33n8rbc0000gp/T/pkgConf-x509-system-1.6459244054458588260.6
Installing library in
/Users/conorquinn1/Projects/ClientBindings/.cabal-sandbox/lib/x86_64-osx-ghc-8.0.2/x509-system-1.6.6-4EqAyHjGngS62L49ecVfxQ
Registering x509-system-1.6.6...
cabal: Leaving directory '/var/folders/j4/_7_rznm11hd_yhh6f33n8rbc0000gp/T/cabal-tmp-80676/x509-system-1.6.6'
