cabal: Entering directory '/var/folders/j4/_7_rznm11hd_yhh6f33n8rbc0000gp/T/cabal-tmp-80676/x509-1.7.5'
Configuring x509-1.7.5...
Building x509-1.7.5...
Preprocessing library x509-1.7.5...
[ 1 of 14] Compiling Data.X509.OID    ( Data/X509/OID.hs, dist/dist-sandbox-439155cc/build/Data/X509/OID.o )

Data/X509/OID.hs:15:1: warning: [-Wunused-imports]
    The import of ‘Control.Applicative’ is redundant
      except perhaps to import instances from ‘Control.Applicative’
    To import instances alone, use: import Control.Applicative()
[ 2 of 14] Compiling Data.X509.Internal ( Data/X509/Internal.hs, dist/dist-sandbox-439155cc/build/Data/X509/Internal.o )
[ 3 of 14] Compiling Data.X509.ExtensionRaw ( Data/X509/ExtensionRaw.hs, dist/dist-sandbox-439155cc/build/Data/X509/ExtensionRaw.o )

Data/X509/ExtensionRaw.hs:17:1: warning: [-Wunused-imports]
    The import of ‘Control.Applicative’ is redundant
      except perhaps to import instances from ‘Control.Applicative’
    To import instances alone, use: import Control.Applicative()
[ 4 of 14] Compiling Data.X509.DistinguishedName ( Data/X509/DistinguishedName.hs, dist/dist-sandbox-439155cc/build/Data/X509/DistinguishedName.o )

Data/X509/DistinguishedName.hs:20:1: warning: [-Wunused-imports]
    The import of ‘Control.Applicative’ is redundant
      except perhaps to import instances from ‘Control.Applicative’
    To import instances alone, use: import Control.Applicative()
[ 5 of 14] Compiling Data.X509.Ext    ( Data/X509/Ext.hs, dist/dist-sandbox-439155cc/build/Data/X509/Ext.o )

Data/X509/Ext.hs:46:1: warning: [-Wunused-imports]
    The import of ‘Control.Applicative’ is redundant
      except perhaps to import instances from ‘Control.Applicative’
    To import instances alone, use: import Control.Applicative()
[ 6 of 14] Compiling Data.X509.AlgorithmIdentifier ( Data/X509/AlgorithmIdentifier.hs, dist/dist-sandbox-439155cc/build/Data/X509/AlgorithmIdentifier.o )
[ 7 of 14] Compiling Data.X509.CRL    ( Data/X509/CRL.hs, dist/dist-sandbox-439155cc/build/Data/X509/CRL.o )

Data/X509/CRL.hs:19:1: warning: [-Wunused-imports]
    The import of ‘Control.Applicative’ is redundant
      except perhaps to import instances from ‘Control.Applicative’
    To import instances alone, use: import Control.Applicative()
[ 8 of 14] Compiling Data.X509.PublicKey ( Data/X509/PublicKey.hs, dist/dist-sandbox-439155cc/build/Data/X509/PublicKey.o )
[ 9 of 14] Compiling Data.X509.Cert   ( Data/X509/Cert.hs, dist/dist-sandbox-439155cc/build/Data/X509/Cert.o )
[10 of 14] Compiling Data.X509.PrivateKey ( Data/X509/PrivateKey.hs, dist/dist-sandbox-439155cc/build/Data/X509/PrivateKey.o )
[11 of 14] Compiling Data.X509.EC     ( Data/X509/EC.hs, dist/dist-sandbox-439155cc/build/Data/X509/EC.o )
[12 of 14] Compiling Data.X509.Signed ( Data/X509/Signed.hs, dist/dist-sandbox-439155cc/build/Data/X509/Signed.o )
[13 of 14] Compiling Data.X509.CertificateChain ( Data/X509/CertificateChain.hs, dist/dist-sandbox-439155cc/build/Data/X509/CertificateChain.o )
[14 of 14] Compiling Data.X509        ( Data/X509.hs, dist/dist-sandbox-439155cc/build/Data/X509.o )
[ 1 of 14] Compiling Data.X509.OID    ( Data/X509/OID.hs, dist/dist-sandbox-439155cc/build/Data/X509/OID.p_o )

Data/X509/OID.hs:15:1: warning: [-Wunused-imports]
    The import of ‘Control.Applicative’ is redundant
      except perhaps to import instances from ‘Control.Applicative’
    To import instances alone, use: import Control.Applicative()
[ 2 of 14] Compiling Data.X509.Internal ( Data/X509/Internal.hs, dist/dist-sandbox-439155cc/build/Data/X509/Internal.p_o )
[ 3 of 14] Compiling Data.X509.ExtensionRaw ( Data/X509/ExtensionRaw.hs, dist/dist-sandbox-439155cc/build/Data/X509/ExtensionRaw.p_o )

Data/X509/ExtensionRaw.hs:17:1: warning: [-Wunused-imports]
    The import of ‘Control.Applicative’ is redundant
      except perhaps to import instances from ‘Control.Applicative’
    To import instances alone, use: import Control.Applicative()
[ 4 of 14] Compiling Data.X509.DistinguishedName ( Data/X509/DistinguishedName.hs, dist/dist-sandbox-439155cc/build/Data/X509/DistinguishedName.p_o )

Data/X509/DistinguishedName.hs:20:1: warning: [-Wunused-imports]
    The import of ‘Control.Applicative’ is redundant
      except perhaps to import instances from ‘Control.Applicative’
    To import instances alone, use: import Control.Applicative()
[ 5 of 14] Compiling Data.X509.Ext    ( Data/X509/Ext.hs, dist/dist-sandbox-439155cc/build/Data/X509/Ext.p_o )

Data/X509/Ext.hs:46:1: warning: [-Wunused-imports]
    The import of ‘Control.Applicative’ is redundant
      except perhaps to import instances from ‘Control.Applicative’
    To import instances alone, use: import Control.Applicative()
[ 6 of 14] Compiling Data.X509.AlgorithmIdentifier ( Data/X509/AlgorithmIdentifier.hs, dist/dist-sandbox-439155cc/build/Data/X509/AlgorithmIdentifier.p_o )
[ 7 of 14] Compiling Data.X509.CRL    ( Data/X509/CRL.hs, dist/dist-sandbox-439155cc/build/Data/X509/CRL.p_o )

Data/X509/CRL.hs:19:1: warning: [-Wunused-imports]
    The import of ‘Control.Applicative’ is redundant
      except perhaps to import instances from ‘Control.Applicative’
    To import instances alone, use: import Control.Applicative()
[ 8 of 14] Compiling Data.X509.PublicKey ( Data/X509/PublicKey.hs, dist/dist-sandbox-439155cc/build/Data/X509/PublicKey.p_o )
[ 9 of 14] Compiling Data.X509.Cert   ( Data/X509/Cert.hs, dist/dist-sandbox-439155cc/build/Data/X509/Cert.p_o )
[10 of 14] Compiling Data.X509.PrivateKey ( Data/X509/PrivateKey.hs, dist/dist-sandbox-439155cc/build/Data/X509/PrivateKey.p_o )
[11 of 14] Compiling Data.X509.EC     ( Data/X509/EC.hs, dist/dist-sandbox-439155cc/build/Data/X509/EC.p_o )
[12 of 14] Compiling Data.X509.Signed ( Data/X509/Signed.hs, dist/dist-sandbox-439155cc/build/Data/X509/Signed.p_o )
[13 of 14] Compiling Data.X509.CertificateChain ( Data/X509/CertificateChain.hs, dist/dist-sandbox-439155cc/build/Data/X509/CertificateChain.p_o )
[14 of 14] Compiling Data.X509        ( Data/X509.hs, dist/dist-sandbox-439155cc/build/Data/X509.p_o )
Running Haddock for x509-1.7.5...
Preprocessing library x509-1.7.5...

Data/X509/OID.hs:15:1: warning: [-Wunused-imports]
    The import of ‘Control.Applicative’ is redundant
      except perhaps to import instances from ‘Control.Applicative’
    To import instances alone, use: import Control.Applicative()

Data/X509/ExtensionRaw.hs:17:1: warning: [-Wunused-imports]
    The import of ‘Control.Applicative’ is redundant
      except perhaps to import instances from ‘Control.Applicative’
    To import instances alone, use: import Control.Applicative()

Data/X509/DistinguishedName.hs:20:1: warning: [-Wunused-imports]
    The import of ‘Control.Applicative’ is redundant
      except perhaps to import instances from ‘Control.Applicative’
    To import instances alone, use: import Control.Applicative()

Data/X509/Ext.hs:46:1: warning: [-Wunused-imports]
    The import of ‘Control.Applicative’ is redundant
      except perhaps to import instances from ‘Control.Applicative’
    To import instances alone, use: import Control.Applicative()

Data/X509/CRL.hs:19:1: warning: [-Wunused-imports]
    The import of ‘Control.Applicative’ is redundant
      except perhaps to import instances from ‘Control.Applicative’
    To import instances alone, use: import Control.Applicative()
Haddock coverage:
  20% (  1 /  5) in 'Data.X509.OID'
  Missing documentation for:
    OIDTable (Data/X509/OID.hs:20)
    lookupByOID (Data/X509/OID.hs:22)
    lookupOID (Data/X509/OID.hs:25)
    curvesOIDTable (Data/X509/OID.hs:28)
  71% (  5 /  7) in 'Data.X509.Internal'
  Missing documentation for:
    ErrT (Data/X509/Internal.hs:25)
    runErrT (Data/X509/Internal.hs:23)
  60% (  3 /  5) in 'Data.X509.ExtensionRaw'
  Missing documentation for:
    tryExtRawASN1 (Data/X509/ExtensionRaw.hs:31)
    extRawASN1 (Data/X509/ExtensionRaw.hs:37)
 100% (  6 /  6) in 'Data.X509.DistinguishedName'
  95% ( 20 / 21) in 'Data.X509.Ext'
  Missing documentation for:
    ExtNetscapeComment (Data/X509/Ext.hs:341)
 100% (  4 /  4) in 'Data.X509.AlgorithmIdentifier'
 100% (  3 /  3) in 'Data.X509.CRL'
 100% (  5 /  5) in 'Data.X509.PublicKey'
 100% (  2 /  2) in 'Data.X509.Cert'
 100% (  4 /  4) in 'Data.X509.PrivateKey'
 100% (  7 /  7) in 'Data.X509.EC'
 100% ( 15 / 15) in 'Data.X509.Signed'
 100% (  6 /  6) in 'Data.X509.CertificateChain'
  96% ( 67 / 70) in 'Data.X509'
  Missing documentation for:
    ExtNetscapeComment (Data/X509/Ext.hs:341)
    tryExtRawASN1 (Data/X509/ExtensionRaw.hs:31)
    extRawASN1 (Data/X509/ExtensionRaw.hs:37)
Documentation created: dist/dist-sandbox-439155cc/doc/html/x509/index.html
Creating package registration file:
/var/folders/j4/_7_rznm11hd_yhh6f33n8rbc0000gp/T/pkgConf-x509-1.712778441887638.5
Installing library in
/Users/conorquinn1/Projects/ClientBindings/.cabal-sandbox/lib/x86_64-osx-ghc-8.0.2/x509-1.7.5-CSyJjzLeRHVCSZeFGIhiJB
Registering x509-1.7.5...
cabal: Leaving directory '/var/folders/j4/_7_rznm11hd_yhh6f33n8rbc0000gp/T/cabal-tmp-80676/x509-1.7.5'
