cabal: Entering directory '/var/folders/j4/_7_rznm11hd_yhh6f33n8rbc0000gp/T/cabal-tmp-80676/x509-store-1.6.7'
Configuring x509-store-1.6.7...
Building x509-store-1.6.7...
Preprocessing library x509-store-1.6.7...
[1 of 3] Compiling Data.X509.Memory ( Data/X509/Memory.hs, dist/dist-sandbox-439155cc/build/Data/X509/Memory.o )
[2 of 3] Compiling Data.X509.File   ( Data/X509/File.hs, dist/dist-sandbox-439155cc/build/Data/X509/File.o )

Data/X509/File.hs:6:1: warning: [-Wunused-imports]
    The import of ‘Control.Applicative’ is redundant
      except perhaps to import instances from ‘Control.Applicative’
    To import instances alone, use: import Control.Applicative()

Data/X509/File.hs:8:1: warning: [-Wunused-imports]
    The import of ‘Data.ASN1.BinaryEncoding’ is redundant
      except perhaps to import instances from ‘Data.ASN1.BinaryEncoding’
    To import instances alone, use: import Data.ASN1.BinaryEncoding()

Data/X509/File.hs:9:1: warning: [-Wunused-imports]
    The import of ‘Data.ASN1.Encoding’ is redundant
      except perhaps to import instances from ‘Data.ASN1.Encoding’
    To import instances alone, use: import Data.ASN1.Encoding()

Data/X509/File.hs:13:1: warning: [-Wunused-imports]
    The import of ‘PEM(pemName)’ from module ‘Data.PEM’ is redundant
[3 of 3] Compiling Data.X509.CertificateStore ( Data/X509/CertificateStore.hs, dist/dist-sandbox-439155cc/build/Data/X509/CertificateStore.o )
[1 of 3] Compiling Data.X509.Memory ( Data/X509/Memory.hs, dist/dist-sandbox-439155cc/build/Data/X509/Memory.p_o )
[2 of 3] Compiling Data.X509.File   ( Data/X509/File.hs, dist/dist-sandbox-439155cc/build/Data/X509/File.p_o )

Data/X509/File.hs:6:1: warning: [-Wunused-imports]
    The import of ‘Control.Applicative’ is redundant
      except perhaps to import instances from ‘Control.Applicative’
    To import instances alone, use: import Control.Applicative()

Data/X509/File.hs:8:1: warning: [-Wunused-imports]
    The import of ‘Data.ASN1.BinaryEncoding’ is redundant
      except perhaps to import instances from ‘Data.ASN1.BinaryEncoding’
    To import instances alone, use: import Data.ASN1.BinaryEncoding()

Data/X509/File.hs:9:1: warning: [-Wunused-imports]
    The import of ‘Data.ASN1.Encoding’ is redundant
      except perhaps to import instances from ‘Data.ASN1.Encoding’
    To import instances alone, use: import Data.ASN1.Encoding()

Data/X509/File.hs:13:1: warning: [-Wunused-imports]
    The import of ‘PEM(pemName)’ from module ‘Data.PEM’ is redundant
[3 of 3] Compiling Data.X509.CertificateStore ( Data/X509/CertificateStore.hs, dist/dist-sandbox-439155cc/build/Data/X509/CertificateStore.p_o )
Running Haddock for x509-store-1.6.7...
Preprocessing library x509-store-1.6.7...

Data/X509/File.hs:6:1: warning: [-Wunused-imports]
    The import of ‘Control.Applicative’ is redundant
      except perhaps to import instances from ‘Control.Applicative’
    To import instances alone, use: import Control.Applicative()

Data/X509/File.hs:8:1: warning: [-Wunused-imports]
    The import of ‘Data.ASN1.BinaryEncoding’ is redundant
      except perhaps to import instances from ‘Data.ASN1.BinaryEncoding’
    To import instances alone, use: import Data.ASN1.BinaryEncoding()

Data/X509/File.hs:9:1: warning: [-Wunused-imports]
    The import of ‘Data.ASN1.Encoding’ is redundant
      except perhaps to import instances from ‘Data.ASN1.Encoding’
    To import instances alone, use: import Data.ASN1.Encoding()

Data/X509/File.hs:13:1: warning: [-Wunused-imports]
    The import of ‘PEM(pemName)’ from module ‘Data.PEM’ is redundant
Haddock coverage:
  25% (  1 /  4) in 'Data.X509.Memory'
  Missing documentation for:
    readKeyFileFromMemory (Data/X509/Memory.hs:30)
    readSignedObjectFromMemory (Data/X509/Memory.hs:33)
    pemToKey (Data/X509/Memory.hs:42)
  67% (  2 /  3) in 'Data.X509.File'
  Missing documentation for:
    Module header
  86% (  6 /  7) in 'Data.X509.CertificateStore'
  Missing documentation for:
    Module header
Documentation created:
dist/dist-sandbox-439155cc/doc/html/x509-store/index.html
Creating package registration file:
/var/folders/j4/_7_rznm11hd_yhh6f33n8rbc0000gp/T/pkgConf-x509-store-1.614656452031461495731.7
Installing library in
/Users/conorquinn1/Projects/ClientBindings/.cabal-sandbox/lib/x86_64-osx-ghc-8.0.2/x509-store-1.6.7-3Ls1vXQLt4u5cPzZS9j6Hy
Registering x509-store-1.6.7...
cabal: Leaving directory '/var/folders/j4/_7_rznm11hd_yhh6f33n8rbc0000gp/T/cabal-tmp-80676/x509-store-1.6.7'
